<?xml version="1.0" encoding="UTF-8"?>
<coverage generated="1777141168792" clover="3.2.0">
  <project timestamp="1777141168793" name="All files">
    <metrics statements="783" coveredstatements="678" conditionals="356" coveredconditionals="234" methods="125" coveredmethods="104" elements="1264" coveredelements="1016" complexity="0" loc="783" ncloc="783" packages="14" files="39" classes="39"/>
    <package name="src">
      <metrics statements="21" coveredstatements="21" conditionals="12" coveredconditionals="9" methods="3" coveredmethods="3"/>
      <file name="app.module.ts" path="C:\Users\4A\Desktop\ExampleHR\apps\time-off-service\src\app.module.ts">
        <metrics statements="13" coveredstatements="13" conditionals="4" coveredconditionals="3" methods="1" coveredmethods="1"/>
        <line num="1" count="10" type="stmt"/>
        <line num="2" count="10" type="stmt"/>
        <line num="3" count="10" type="stmt"/>
        <line num="4" count="10" type="stmt"/>
        <line num="6" count="10" type="stmt"/>
        <line num="7" count="10" type="stmt"/>
        <line num="8" count="10" type="stmt"/>
        <line num="9" count="10" type="stmt"/>
        <line num="10" count="10" type="stmt"/>
        <line num="11" count="10" type="stmt"/>
        <line num="12" count="10" type="stmt"/>
        <line num="22" count="25" type="stmt"/>
        <line num="38" count="10" type="stmt"/>
      </file>
      <file name="health.controller.ts" path="C:\Users\4A\Desktop\ExampleHR\apps\time-off-service\src\health.controller.ts">
        <metrics statements="8" coveredstatements="8" conditionals="8" coveredconditionals="6" methods="2" coveredmethods="2"/>
        <line num="1" count="10" type="stmt"/>
        <line num="2" count="10" type="stmt"/>
        <line num="4" count="10" type="stmt"/>
        <line num="7" count="10" type="stmt"/>
        <line num="8" count="25" type="cond" truecount="3" falsecount="1"/>
        <line num="11" count="10" type="cond" truecount="3" falsecount="1"/>
        <line num="12" count="5" type="stmt"/>
        <line num="15" count="5" type="stmt"/>
      </file>
    </package>
    <package name="src.domain">
      <metrics statements="54" coveredstatements="51" conditionals="23" coveredconditionals="18" methods="13" coveredmethods="10"/>
      <file name="enums.ts" path="C:\Users\4A\Desktop\ExampleHR\apps\time-off-service\src\domain\enums.ts">
        <metrics statements="23" coveredstatements="23" conditionals="8" coveredconditionals="8" methods="4" coveredmethods="4"/>
        <line num="1" count="12" type="cond" truecount="2" falsecount="0"/>
        <line num="2" count="12" type="stmt"/>
        <line num="3" count="12" type="stmt"/>
        <line num="4" count="12" type="stmt"/>
        <line num="5" count="12" type="stmt"/>
        <line num="6" count="12" type="stmt"/>
        <line num="9" count="12" type="cond" truecount="2" falsecount="0"/>
        <line num="10" count="12" type="stmt"/>
        <line num="11" count="12" type="stmt"/>
        <line num="12" count="12" type="stmt"/>
        <line num="13" count="12" type="stmt"/>
        <line num="14" count="12" type="stmt"/>
        <line num="15" count="12" type="stmt"/>
        <line num="16" count="12" type="stmt"/>
        <line num="19" count="12" type="cond" truecount="2" falsecount="0"/>
        <line num="20" count="12" type="stmt"/>
        <line num="21" count="12" type="stmt"/>
        <line num="24" count="12" type="cond" truecount="2" falsecount="0"/>
        <line num="25" count="12" type="stmt"/>
        <line num="26" count="12" type="stmt"/>
        <line num="27" count="12" type="stmt"/>
        <line num="28" count="12" type="stmt"/>
        <line num="29" count="12" type="stmt"/>
      </file>
      <file name="exceptions.ts" path="C:\Users\4A\Desktop\ExampleHR\apps\time-off-service\src\domain\exceptions.ts">
        <metrics statements="16" coveredstatements="13" conditionals="6" coveredconditionals="1" methods="7" coveredmethods="4"/>
        <line num="1" count="12" type="stmt"/>
        <line num="6" count="49" type="stmt"/>
        <line num="7" count="49" type="stmt"/>
        <line num="8" count="49" type="stmt"/>
        <line num="12" count="12" type="stmt"/>
        <line num="14" count="5" type="stmt"/>
        <line num="18" count="12" type="stmt"/>
        <line num="20" count="42" type="stmt"/>
        <line num="24" count="12" type="stmt"/>
        <line num="26" count="2" type="stmt"/>
        <line num="30" count="12" type="stmt"/>
        <line num="32" count="0" type="stmt"/>
        <line num="36" count="12" type="stmt"/>
        <line num="38" count="0" type="stmt"/>
        <line num="42" count="12" type="stmt"/>
        <line num="44" count="0" type="stmt"/>
      </file>
      <file name="state-machine.ts" path="C:\Users\4A\Desktop\ExampleHR\apps\time-off-service\src\domain\state-machine.ts">
        <metrics statements="15" coveredstatements="15" conditionals="9" coveredconditionals="9" methods="2" coveredmethods="2"/>
        <line num="1" count="11" type="stmt"/>
        <line num="2" count="11" type="stmt"/>
        <line num="4" count="11" type="stmt"/>
        <line num="6" count="133" type="stmt"/>
        <line num="7" count="133" type="cond" truecount="1" falsecount="0"/>
        <line num="8" count="40" type="stmt"/>
        <line num="13" count="141" type="cond" truecount="8" falsecount="0"/>
        <line num="15" count="42" type="stmt"/>
        <line num="18" count="47" type="stmt"/>
        <line num="21" count="10" type="stmt"/>
        <line num="24" count="17" type="stmt"/>
        <line num="27" count="8" type="stmt"/>
        <line num="30" count="8" type="stmt"/>
        <line num="33" count="8" type="stmt"/>
        <line num="36" count="1" type="stmt"/>
      </file>
    </package>
    <package name="src.filters">
      <metrics statements="15" coveredstatements="10" conditionals="2" coveredconditionals="1" methods="1" coveredmethods="1"/>
      <file name="global-exception.filter.ts" path="C:\Users\4A\Desktop\ExampleHR\apps\time-off-service\src\filters\global-exception.filter.ts">
        <metrics statements="15" coveredstatements="10" conditionals="2" coveredconditionals="1" methods="1" coveredmethods="1"/>
        <line num="1" count="10" type="stmt"/>
        <line num="3" count="10" type="stmt"/>
        <line num="6" count="10" type="stmt"/>
        <line num="7" count="25" type="stmt"/>
        <line num="10" count="8" type="stmt"/>
        <line num="11" count="8" type="stmt"/>
        <line num="12" count="8" type="stmt"/>
        <line num="14" count="8" type="cond" truecount="1" falsecount="0"/>
        <line num="15" count="8" type="stmt"/>
        <line num="20" count="8" type="stmt"/>
        <line num="23" count="0" type="cond" truecount="0" falsecount="1"/>
        <line num="24" count="0" type="stmt"/>
        <line num="29" count="0" type="stmt"/>
        <line num="32" count="0" type="stmt"/>
        <line num="33" count="0" type="stmt"/>
      </file>
    </package>
    <package name="src.modules.balance">
      <metrics statements="83" coveredstatements="72" conditionals="51" coveredconditionals="35" methods="16" coveredmethods="15"/>
      <file name="balance.controller.ts" path="C:\Users\4A\Desktop\ExampleHR\apps\time-off-service\src\modules\balance\balance.controller.ts">
        <metrics statements="8" coveredstatements="8" conditionals="12" coveredconditionals="9" methods="2" coveredmethods="2"/>
        <line num="1" count="10" type="stmt"/>
        <line num="3" count="10" type="stmt"/>
        <line num="4" count="10" type="stmt"/>
        <line num="7" count="10" type="stmt"/>
        <line num="8" count="25" type="cond" truecount="3" falsecount="1"/>
        <line num="11" count="10" type="stmt"/>
        <line num="26" count="2" type="stmt"/>
        <line num="27" count="1" type="stmt"/>
      </file>
      <file name="balance.module.ts" path="C:\Users\4A\Desktop\ExampleHR\apps\time-off-service\src\modules\balance\balance.module.ts">
        <metrics statements="9" coveredstatements="9" conditionals="0" coveredconditionals="0" methods="0" coveredmethods="0"/>
        <line num="1" count="10" type="stmt"/>
        <line num="2" count="10" type="stmt"/>
        <line num="4" count="10" type="stmt"/>
        <line num="5" count="10" type="stmt"/>
        <line num="6" count="10" type="stmt"/>
        <line num="7" count="10" type="stmt"/>
        <line num="8" count="10" type="stmt"/>
        <line num="9" count="10" type="stmt"/>
        <line num="17" count="10" type="stmt"/>
      </file>
      <file name="balance.repository.ts" path="C:\Users\4A\Desktop\ExampleHR\apps\time-off-service\src\modules\balance\balance.repository.ts">
        <metrics statements="9" coveredstatements="7" conditionals="4" coveredconditionals="3" methods="4" coveredmethods="3"/>
        <line num="1" count="11" type="stmt"/>
        <line num="2" count="11" type="stmt"/>
        <line num="5" count="11" type="stmt"/>
        <line num="8" count="11" type="stmt"/>
        <line num="9" count="25" type="cond" truecount="3" falsecount="1"/>
        <line num="12" count="39" type="stmt"/>
        <line num="16" count="0" type="stmt"/>
        <line num="17" count="0" type="stmt"/>
        <line num="26" count="38" type="stmt"/>
      </file>
      <file name="balance.service.ts" path="C:\Users\4A\Desktop\ExampleHR\apps\time-off-service\src\modules\balance\balance.service.ts">
        <metrics statements="57" coveredstatements="48" conditionals="35" coveredconditionals="23" methods="10" coveredmethods="10"/>
        <line num="1" count="11" type="stmt"/>
        <line num="2" count="11" type="stmt"/>
        <line num="3" count="11" type="stmt"/>
        <line num="5" count="11" type="stmt"/>
        <line num="6" count="11" type="stmt"/>
        <line num="7" count="11" type="stmt"/>
        <line num="8" count="11" type="stmt"/>
        <line num="9" count="11" type="stmt"/>
        <line num="10" count="11" type="stmt"/>
        <line num="12" count="11" type="stmt"/>
        <line num="15" count="11" type="stmt"/>
        <line num="16" count="29" type="stmt"/>
        <line num="19" count="29" type="cond" truecount="6" falsecount="2"/>
        <line num="20" count="29" type="cond" truecount="3" falsecount="1"/>
        <line num="21" count="29" type="stmt"/>
        <line num="25" count="43" type="stmt"/>
        <line num="26" count="43" type="cond" truecount="3" falsecount="0"/>
        <line num="28" count="4" type="stmt"/>
        <line num="30" count="4" type="cond" truecount="1" falsecount="0"/>
        <line num="31" count="3" type="cond" truecount="2" falsecount="0"/>
        <line num="32" count="3" type="cond" truecount="3" falsecount="0"/>
        <line num="33" count="1" type="stmt"/>
        <line num="37" count="1" type="stmt"/>
        <line num="39" count="2" type="stmt"/>
        <line num="44" count="1" type="cond" truecount="0" falsecount="1"/>
        <line num="45" count="0" type="stmt"/>
        <line num="50" count="1" type="stmt"/>
        <line num="52" count="1" type="stmt"/>
        <line num="53" count="1" type="stmt"/>
        <line num="57" count="1" type="cond" truecount="1" falsecount="1"/>
        <line num="80" count="1" type="cond" truecount="1" falsecount="1"/>
        <line num="81" count="1" type="stmt"/>
        <line num="92" count="0" type="stmt"/>
        <line num="94" count="1" type="stmt"/>
        <line num="95" count="1" type="stmt"/>
        <line num="105" count="38" type="stmt"/>
        <line num="106" count="38" type="stmt"/>
        <line num="110" count="38" type="cond" truecount="0" falsecount="1"/>
        <line num="111" count="0" type="stmt"/>
        <line num="112" count="0" type="cond" truecount="0" falsecount="1"/>
        <line num="113" count="0" type="cond" truecount="0" falsecount="1"/>
        <line num="114" count="0" type="stmt"/>
        <line num="119" count="0" type="stmt"/>
        <line num="120" count="0" type="stmt"/>
        <line num="133" count="0" type="stmt"/>
        <line num="136" count="38" type="stmt"/>
        <line num="141" count="45" type="stmt"/>
        <line num="149" count="1" type="stmt"/>
        <line num="150" count="1" type="stmt"/>
        <line num="152" count="1" type="stmt"/>
        <line num="157" count="2" type="cond" truecount="0" falsecount="1"/>
        <line num="158" count="2" type="stmt"/>
        <line num="177" count="1" type="cond" truecount="1" falsecount="1"/>
        <line num="178" count="1" type="cond" truecount="1" falsecount="1"/>
        <line num="180" count="1" type="cond" truecount="1" falsecount="0"/>
        <line num="181" count="1" type="stmt"/>
        <line num="186" count="39" type="stmt"/>
      </file>
    </package>
    <package name="src.modules.balance.entities">
      <metrics statements="30" coveredstatements="30" conditionals="12" coveredconditionals="9" methods="0" coveredmethods="0"/>
      <file name="balance-change-log.entity.ts" path="C:\Users\4A\Desktop\ExampleHR\apps\time-off-service\src\modules\balance\entities\balance-change-log.entity.ts">
        <metrics statements="16" coveredstatements="16" conditionals="8" coveredconditionals="6" methods="0" coveredmethods="0"/>
        <line num="1" count="11" type="stmt"/>
        <line num="3" count="11" type="stmt"/>
        <line num="8" count="11" type="stmt"/>
        <line num="10" count="11" type="stmt"/>
        <line num="13" count="11" type="stmt"/>
        <line num="16" count="11" type="stmt"/>
        <line num="19" count="11" type="stmt"/>
        <line num="22" count="11" type="cond" truecount="3" falsecount="1"/>
        <line num="25" count="11" type="stmt"/>
        <line num="28" count="11" type="stmt"/>
        <line num="31" count="11" type="stmt"/>
        <line num="34" count="11" type="stmt"/>
        <line num="37" count="11" type="cond" truecount="3" falsecount="1"/>
        <line num="40" count="11" type="stmt"/>
        <line num="43" count="11" type="stmt"/>
        <line num="46" count="11" type="stmt"/>
      </file>
      <file name="balance.entity.ts" path="C:\Users\4A\Desktop\ExampleHR\apps\time-off-service\src\modules\balance\entities\balance.entity.ts">
        <metrics statements="14" coveredstatements="14" conditionals="4" coveredconditionals="3" methods="0" coveredmethods="0"/>
        <line num="1" count="11" type="stmt"/>
        <line num="3" count="11" type="stmt"/>
        <line num="8" count="11" type="stmt"/>
        <line num="10" count="11" type="stmt"/>
        <line num="13" count="11" type="stmt"/>
        <line num="16" count="11" type="stmt"/>
        <line num="19" count="11" type="cond" truecount="3" falsecount="1"/>
        <line num="22" count="11" type="stmt"/>
        <line num="25" count="11" type="stmt"/>
        <line num="28" count="11" type="stmt"/>
        <line num="31" count="11" type="stmt"/>
        <line num="34" count="11" type="stmt"/>
        <line num="37" count="11" type="stmt"/>
        <line num="40" count="11" type="stmt"/>
      </file>
    </package>
    <package name="src.modules.hcm-client">
      <metrics statements="39" coveredstatements="35" conditionals="18" coveredconditionals="15" methods="13" coveredmethods="12"/>
      <file name="hcm-balance-fetcher.service.ts" path="C:\Users\4A\Desktop\ExampleHR\apps\time-off-service\src\modules\hcm-client\hcm-balance-fetcher.service.ts">
        <metrics statements="6" coveredstatements="6" conditionals="4" coveredconditionals="3" methods="3" coveredmethods="3"/>
        <line num="1" count="11" type="stmt"/>
        <line num="3" count="11" type="stmt"/>
        <line num="7" count="11" type="stmt"/>
        <line num="8" count="25" type="cond" truecount="3" falsecount="1"/>
        <line num="15" count="1" type="stmt"/>
        <line num="16" count="1" type="stmt"/>
      </file>
      <file name="hcm-client.module.ts" path="C:\Users\4A\Desktop\ExampleHR\apps\time-off-service\src\modules\hcm-client\hcm-client.module.ts">
        <metrics statements="6" coveredstatements="6" conditionals="0" coveredconditionals="0" methods="0" coveredmethods="0"/>
        <line num="1" count="10" type="stmt"/>
        <line num="2" count="10" type="stmt"/>
        <line num="4" count="10" type="stmt"/>
        <line num="5" count="10" type="stmt"/>
        <line num="6" count="10" type="stmt"/>
        <line num="13" count="10" type="stmt"/>
      </file>
      <file name="hcm-client.service.ts" path="C:\Users\4A\Desktop\ExampleHR\apps\time-off-service\src\modules\hcm-client\hcm-client.service.ts">
        <metrics statements="19" coveredstatements="15" conditionals="10" coveredconditionals="9" methods="5" coveredmethods="4"/>
        <line num="1" count="12" type="stmt"/>
        <line num="2" count="12" type="stmt"/>
        <line num="3" count="12" type="stmt"/>
        <line num="8" count="12" type="stmt"/>
        <line num="11" count="17" type="cond" truecount="3" falsecount="1"/>
        <line num="12" count="17" type="cond" truecount="2" falsecount="0"/>
        <line num="13" count="17" type="stmt"/>
        <line num="17" count="0" type="stmt"/>
        <line num="24" count="3" type="stmt"/>
        <line num="25" count="3" type="stmt"/>
        <line num="27" count="3" type="stmt"/>
        <line num="29" count="0" type="stmt"/>
        <line num="31" count="3" type="cond" truecount="1" falsecount="0"/>
        <line num="32" count="1" type="stmt"/>
        <line num="34" count="2" type="cond" truecount="1" falsecount="0"/>
        <line num="35" count="2" type="stmt"/>
        <line num="36" count="2" type="stmt"/>
        <line num="43" count="0" type="stmt"/>
        <line num="44" count="0" type="stmt"/>
      </file>
      <file name="hcm-deduction-writer.service.ts" path="C:\Users\4A\Desktop\ExampleHR\apps\time-off-service\src\modules\hcm-client\hcm-deduction-writer.service.ts">
        <metrics statements="8" coveredstatements="8" conditionals="4" coveredconditionals="3" methods="5" coveredmethods="5"/>
        <line num="1" count="10" type="stmt"/>
        <line num="3" count="10" type="stmt"/>
        <line num="7" count="10" type="stmt"/>
        <line num="8" count="14" type="cond" truecount="3" falsecount="1"/>
        <line num="11" count="15" type="stmt"/>
        <line num="12" count="15" type="stmt"/>
        <line num="18" count="4" type="stmt"/>
        <line num="19" count="4" type="stmt"/>
      </file>
    </package>
    <package name="src.modules.idempotency">
      <metrics statements="88" coveredstatements="74" conditionals="39" coveredconditionals="21" methods="28" coveredmethods="22"/>
      <file name="idempotency.cleanup.ts" path="C:\Users\4A\Desktop\ExampleHR\apps\time-off-service\src\modules\idempotency\idempotency.cleanup.ts">
        <metrics statements="7" coveredstatements="6" conditionals="8" coveredconditionals="6" methods="2" coveredmethods="1"/>
        <line num="1" count="11" type="stmt"/>
        <line num="2" count="11" type="stmt"/>
        <line num="4" count="11" type="stmt"/>
        <line num="7" count="11" type="stmt"/>
        <line num="8" count="28" type="cond" truecount="3" falsecount="1"/>
        <line num="11" count="11" type="cond" truecount="3" falsecount="1"/>
        <line num="12" count="0" type="stmt"/>
      </file>
      <file name="idempotency.interceptor.ts" path="C:\Users\4A\Desktop\ExampleHR\apps\time-off-service\src\modules\idempotency\idempotency.interceptor.ts">
        <metrics statements="61" coveredstatements="50" conditionals="25" coveredconditionals="12" methods="19" coveredmethods="15"/>
        <line num="1" count="11" type="stmt"/>
        <line num="9" count="11" type="stmt"/>
        <line num="11" count="11" type="stmt"/>
        <line num="14" count="59" type="stmt"/>
        <line num="18" count="283" type="cond" truecount="3" falsecount="0"/>
        <line num="19" count="63" type="cond" truecount="1" falsecount="0"/>
        <line num="20" count="61" type="stmt"/>
        <line num="21" count="61" type="stmt"/>
        <line num="22" count="222" type="stmt"/>
        <line num="26" count="11" type="stmt"/>
        <line num="27" count="11" type="stmt"/>
        <line num="29" count="53" type="cond" truecount="3" falsecount="1"/>
        <line num="32" count="76" type="stmt"/>
        <line num="33" count="76" type="stmt"/>
        <line num="34" count="76" type="stmt"/>
        <line num="36" count="76" type="cond" truecount="1" falsecount="0"/>
        <line num="38" count="59" type="stmt"/>
        <line num="39" count="59" type="cond" truecount="0" falsecount="1"/>
        <line num="40" count="59" type="cond" truecount="0" falsecount="1"/>
        <line num="42" count="59" type="stmt"/>
        <line num="43" count="59" type="stmt"/>
        <line num="44" count="59" type="stmt"/>
        <line num="45" count="59" type="stmt"/>
        <line num="47" count="59" type="stmt"/>
        <line num="48" count="0" type="stmt"/>
        <line num="49" count="0" type="cond" truecount="0" falsecount="1"/>
        <line num="50" count="0" type="cond" truecount="0" falsecount="1"/>
        <line num="51" count="0" type="stmt"/>
        <line num="56" count="0" type="cond" truecount="0" falsecount="2"/>
        <line num="57" count="0" type="stmt"/>
        <line num="60" count="59" type="stmt"/>
        <line num="61" count="59" type="cond" truecount="0" falsecount="1"/>
        <line num="62" count="0" type="stmt"/>
        <line num="63" count="0" type="stmt"/>
        <line num="64" count="0" type="cond" truecount="0" falsecount="2"/>
        <line num="68" count="59" type="stmt"/>
        <line num="70" count="59" type="stmt"/>
        <line num="71" count="59" type="stmt"/>
        <line num="73" count="59" type="stmt"/>
        <line num="75" count="59" type="stmt"/>
        <line num="77" count="59" type="stmt"/>
        <line num="79" count="59" type="cond" truecount="1" falsecount="0"/>
        <line num="80" count="12" type="cond" truecount="1" falsecount="0"/>
        <line num="81" count="1" type="stmt"/>
        <line num="86" count="11" type="cond" truecount="1" falsecount="1"/>
        <line num="87" count="11" type="stmt"/>
        <line num="90" count="47" type="cond" truecount="0" falsecount="1"/>
        <line num="91" count="0" type="stmt"/>
        <line num="92" count="0" type="cond" truecount="0" falsecount="1"/>
        <line num="95" count="47" type="stmt"/>
        <line num="96" count="47" type="stmt"/>
        <line num="97" count="47" type="stmt"/>
        <line num="98" count="47" type="stmt"/>
        <line num="101" count="58" type="cond" truecount="1" falsecount="0"/>
        <line num="102" count="47" type="stmt"/>
        <line num="104" count="40" type="stmt"/>
        <line num="110" count="40" type="stmt"/>
        <line num="113" count="7" type="stmt"/>
        <line num="114" count="7" type="stmt"/>
        <line num="120" count="59" type="stmt"/>
        <line num="121" count="59" type="stmt"/>
      </file>
      <file name="idempotency.module.ts" path="C:\Users\4A\Desktop\ExampleHR\apps\time-off-service\src\modules\idempotency\idempotency.module.ts">
        <metrics statements="8" coveredstatements="8" conditionals="0" coveredconditionals="0" methods="0" coveredmethods="0"/>
        <line num="1" count="11" type="stmt"/>
        <line num="2" count="11" type="stmt"/>
        <line num="3" count="11" type="stmt"/>
        <line num="5" count="11" type="stmt"/>
        <line num="6" count="11" type="stmt"/>
        <line num="7" count="11" type="stmt"/>
        <line num="8" count="11" type="stmt"/>
        <line num="15" count="11" type="stmt"/>
      </file>
      <file name="idempotency.repository.ts" path="C:\Users\4A\Desktop\ExampleHR\apps\time-off-service\src\modules\idempotency\idempotency.repository.ts">
        <metrics statements="12" coveredstatements="10" conditionals="6" coveredconditionals="3" methods="7" coveredmethods="6"/>
        <line num="1" count="11" type="stmt"/>
        <line num="2" count="11" type="stmt"/>
        <line num="4" count="11" type="stmt"/>
        <line num="7" count="11" type="stmt"/>
        <line num="8" count="28" type="cond" truecount="3" falsecount="1"/>
        <line num="11" count="61" type="stmt"/>
        <line num="20" count="47" type="stmt"/>
        <line num="29" count="47" type="stmt"/>
        <line num="33" count="40" type="stmt"/>
        <line num="44" count="7" type="stmt"/>
        <line num="48" count="0" type="stmt"/>
        <line num="55" count="0" type="cond" truecount="0" falsecount="2"/>
      </file>
    </package>
    <package name="src.modules.idempotency.entities">
      <metrics statements="9" coveredstatements="9" conditionals="0" coveredconditionals="0" methods="0" coveredmethods="0"/>
      <file name="idempotency-record.entity.ts" path="C:\Users\4A\Desktop\ExampleHR\apps\time-off-service\src\modules\idempotency\entities\idempotency-record.entity.ts">
        <metrics statements="9" coveredstatements="9" conditionals="0" coveredconditionals="0" methods="0" coveredmethods="0"/>
        <line num="1" count="11" type="stmt"/>
        <line num="5" count="11" type="stmt"/>
        <line num="7" count="11" type="stmt"/>
        <line num="10" count="11" type="stmt"/>
        <line num="13" count="11" type="stmt"/>
        <line num="16" count="11" type="stmt"/>
        <line num="19" count="11" type="stmt"/>
        <line num="22" count="11" type="stmt"/>
        <line num="25" count="11" type="stmt"/>
      </file>
    </package>
    <package name="src.modules.outbox">
      <metrics statements="113" coveredstatements="110" conditionals="55" coveredconditionals="43" methods="14" coveredmethods="14"/>
      <file name="outbox.module.ts" path="C:\Users\4A\Desktop\ExampleHR\apps\time-off-service\src\modules\outbox\outbox.module.ts">
        <metrics statements="6" coveredstatements="6" conditionals="0" coveredconditionals="0" methods="0" coveredmethods="0"/>
        <line num="1" count="10" type="stmt"/>
        <line num="3" count="10" type="stmt"/>
        <line num="4" count="10" type="stmt"/>
        <line num="5" count="10" type="stmt"/>
        <line num="6" count="10" type="stmt"/>
        <line num="13" count="10" type="stmt"/>
      </file>
      <file name="outbox.processor.ts" path="C:\Users\4A\Desktop\ExampleHR\apps\time-off-service\src\modules\outbox\outbox.processor.ts">
        <metrics statements="63" coveredstatements="62" conditionals="34" coveredconditionals="29" methods="5" coveredmethods="5"/>
        <line num="1" count="10" type="stmt"/>
        <line num="2" count="10" type="stmt"/>
        <line num="3" count="10" type="stmt"/>
        <line num="5" count="10" type="stmt"/>
        <line num="6" count="10" type="stmt"/>
        <line num="7" count="10" type="stmt"/>
        <line num="8" count="10" type="stmt"/>
        <line num="9" count="10" type="stmt"/>
        <line num="11" count="10" type="stmt"/>
        <line num="12" count="10" type="stmt"/>
        <line num="13" count="10" type="stmt"/>
        <line num="14" count="10" type="stmt"/>
        <line num="16" count="10" type="stmt"/>
        <line num="19" count="10" type="stmt"/>
        <line num="20" count="25" type="stmt"/>
        <line num="33" count="61" type="stmt"/>
        <line num="34" count="61" type="stmt"/>
        <line num="39" count="58" type="stmt"/>
        <line num="41" count="58" type="cond" truecount="1" falsecount="0"/>
        <line num="42" count="3" type="stmt"/>
        <line num="43" count="3" type="stmt"/>
        <line num="46" count="55" type="cond" truecount="1" falsecount="0"/>
        <line num="47" count="45" type="stmt"/>
        <line num="48" count="44" type="stmt"/>
        <line num="51" count="10" type="stmt"/>
        <line num="55" count="45" type="stmt"/>
        <line num="56" count="45" type="cond" truecount="1" falsecount="0"/>
        <line num="57" count="33" type="stmt"/>
        <line num="58" count="33" type="stmt"/>
        <line num="62" count="33" type="stmt"/>
        <line num="63" count="33" type="stmt"/>
        <line num="66" count="45" type="stmt"/>
        <line num="76" count="45" type="stmt"/>
        <line num="86" count="45" type="cond" truecount="4" falsecount="0"/>
        <line num="87" count="31" type="stmt"/>
        <line num="88" count="31" type="stmt"/>
        <line num="91" count="14" type="cond" truecount="1" falsecount="0"/>
        <line num="92" count="4" type="stmt"/>
        <line num="93" count="4" type="stmt"/>
        <line num="97" count="10" type="cond" truecount="1" falsecount="0"/>
        <line num="101" count="8" type="stmt"/>
        <line num="106" count="10" type="stmt"/>
        <line num="107" count="10" type="stmt"/>
        <line num="116" count="10" type="stmt"/>
        <line num="117" count="10" type="cond" truecount="4" falsecount="0"/>
        <line num="118" count="4" type="stmt"/>
        <line num="123" count="4" type="stmt"/>
        <line num="126" count="4" type="stmt"/>
        <line num="136" count="4" type="stmt"/>
        <line num="145" count="4" type="stmt"/>
        <line num="146" count="4" type="stmt"/>
        <line num="150" count="4" type="stmt"/>
        <line num="151" count="4" type="stmt"/>
        <line num="152" count="4" type="stmt"/>
        <line num="155" count="6" type="cond" truecount="1" falsecount="0"/>
        <line num="156" count="4" type="stmt"/>
        <line num="157" count="4" type="stmt"/>
        <line num="159" count="2" type="cond" truecount="1" falsecount="1"/>
        <line num="160" count="0" type="stmt"/>
        <line num="162" count="2" type="stmt"/>
        <line num="292" count="81" type="stmt"/>
        <line num="312" count="79" type="cond" truecount="1" falsecount="0"/>
        <line num="313" count="72" type="stmt"/>
      </file>
      <file name="outbox.repository.ts" path="C:\Users\4A\Desktop\ExampleHR\apps\time-off-service\src\modules\outbox\outbox.repository.ts">
        <metrics statements="27" coveredstatements="25" conditionals="6" coveredconditionals="4" methods="7" coveredmethods="7"/>
        <line num="1" count="10" type="stmt"/>
        <line num="2" count="10" type="stmt"/>
        <line num="3" count="10" type="stmt"/>
        <line num="5" count="10" type="stmt"/>
        <line num="8" count="10" type="stmt"/>
        <line num="9" count="25" type="cond" truecount="3" falsecount="1"/>
        <line num="12" count="181" type="stmt"/>
        <line num="13" count="181" type="stmt"/>
        <line num="14" count="181" type="stmt"/>
        <line num="15" count="181" type="stmt"/>
        <line num="16" count="181" type="stmt"/>
        <line num="17" count="181" type="stmt"/>
        <line num="28" count="181" type="stmt"/>
        <line num="32" count="181" type="stmt"/>
        <line num="33" count="181" type="cond" truecount="1" falsecount="0"/>
        <line num="34" count="25" type="stmt"/>
        <line num="35" count="52" type="stmt"/>
        <line num="39" count="0" type="stmt"/>
        <line num="40" count="0" type="stmt"/>
        <line num="42" count="181" type="stmt"/>
        <line num="47" count="181" type="stmt"/>
        <line num="48" count="181" type="stmt"/>
        <line num="58" count="39" type="stmt"/>
        <line num="62" count="10" type="stmt"/>
        <line num="63" count="10" type="stmt"/>
        <line num="64" count="10" type="stmt"/>
        <line num="76" count="9" type="stmt"/>
      </file>
      <file name="outbox.worker.ts" path="C:\Users\4A\Desktop\ExampleHR\apps\time-off-service\src\modules\outbox\outbox.worker.ts">
        <metrics statements="17" coveredstatements="17" conditionals="15" coveredconditionals="10" methods="2" coveredmethods="2"/>
        <line num="1" count="10" type="stmt"/>
        <line num="2" count="10" type="stmt"/>
        <line num="4" count="10" type="stmt"/>
        <line num="5" count="10" type="stmt"/>
        <line num="8" count="10" type="stmt"/>
        <line num="9" count="25" type="stmt"/>
        <line num="12" count="25" type="cond" truecount="6" falsecount="2"/>
        <line num="13" count="25" type="stmt"/>
        <line num="17" count="10" type="cond" truecount="3" falsecount="1"/>
        <line num="18" count="181" type="cond" truecount="0" falsecount="1"/>
        <line num="19" count="181" type="stmt"/>
        <line num="20" count="181" type="stmt"/>
        <line num="21" count="181" type="stmt"/>
        <line num="22" count="52" type="stmt"/>
        <line num="23" count="52" type="stmt"/>
        <line num="24" count="48" type="stmt"/>
        <line num="32" count="4" type="stmt"/>
      </file>
    </package>
    <package name="src.modules.sync">
      <metrics statements="145" coveredstatements="90" conditionals="91" coveredconditionals="49" methods="17" coveredmethods="9"/>
      <file name="batch-pull.worker.ts" path="C:\Users\4A\Desktop\ExampleHR\apps\time-off-service\src\modules\sync\batch-pull.worker.ts">
        <metrics statements="30" coveredstatements="12" conditionals="33" coveredconditionals="12" methods="3" coveredmethods="1"/>
        <line num="1" count="10" type="stmt"/>
        <line num="2" count="10" type="stmt"/>
        <line num="3" count="10" type="stmt"/>
        <line num="5" count="10" type="stmt"/>
        <line num="6" count="10" type="stmt"/>
        <line num="7" count="10" type="stmt"/>
        <line num="18" count="10" type="stmt"/>
        <line num="19" count="25" type="stmt"/>
        <line num="22" count="25" type="cond" truecount="6" falsecount="2"/>
        <line num="23" count="25" type="cond" truecount="3" falsecount="1"/>
        <line num="24" count="25" type="stmt"/>
        <line num="28" count="10" type="cond" truecount="3" falsecount="1"/>
        <line num="29" count="0" type="cond" truecount="0" falsecount="1"/>
        <line num="30" count="0" type="stmt"/>
        <line num="31" count="0" type="cond" truecount="0" falsecount="2"/>
        <line num="32" count="0" type="stmt"/>
        <line num="34" count="0" type="stmt"/>
        <line num="35" count="0" type="stmt"/>
        <line num="36" count="0" type="cond" truecount="0" falsecount="2"/>
        <line num="37" count="0" type="cond" truecount="0" falsecount="1"/>
        <line num="39" count="0" type="stmt"/>
        <line num="40" count="0" type="stmt"/>
        <line num="44" count="0" type="cond" truecount="0" falsecount="1"/>
        <line num="45" count="0" type="stmt"/>
        <line num="46" count="0" type="stmt"/>
        <line num="49" count="0" type="stmt"/>
        <line num="50" count="0" type="cond" truecount="0" falsecount="5"/>
        <line num="52" count="0" type="cond" truecount="0" falsecount="2"/>
        <line num="53" count="0" type="cond" truecount="0" falsecount="1"/>
        <line num="54" count="0" type="cond" truecount="0" falsecount="2"/>
      </file>
      <file name="batch-sync.controller.ts" path="C:\Users\4A\Desktop\ExampleHR\apps\time-off-service\src\modules\sync\batch-sync.controller.ts">
        <metrics statements="19" coveredstatements="12" conditionals="19" coveredconditionals="13" methods="5" coveredmethods="2"/>
        <line num="1" count="10" type="stmt"/>
        <line num="2" count="10" type="stmt"/>
        <line num="3" count="10" type="stmt"/>
        <line num="5" count="10" type="stmt"/>
        <line num="6" count="10" type="stmt"/>
        <line num="9" count="10" type="stmt"/>
        <line num="11" count="25" type="cond" truecount="6" falsecount="2"/>
        <line num="12" count="25" type="stmt"/>
        <line num="17" count="10" type="stmt"/>
        <line num="21" count="2" type="cond" truecount="1" falsecount="1"/>
        <line num="22" count="2" type="stmt"/>
        <line num="32" count="10" type="cond" truecount="3" falsecount="1"/>
        <line num="40" count="0" type="stmt"/>
        <line num="45" count="0" type="cond" truecount="0" falsecount="1"/>
        <line num="46" count="0" type="stmt"/>
        <line num="56" count="0" type="stmt"/>
        <line num="57" count="0" type="stmt"/>
        <line num="62" count="0" type="stmt"/>
        <line num="63" count="0" type="stmt"/>
      </file>
      <file name="batch-sync.service.ts" path="C:\Users\4A\Desktop\ExampleHR\apps\time-off-service\src\modules\sync\batch-sync.service.ts">
        <metrics statements="49" coveredstatements="42" conditionals="21" coveredconditionals="15" methods="5" coveredmethods="5"/>
        <line num="1" count="10" type="stmt"/>
        <line num="2" count="10" type="stmt"/>
        <line num="3" count="10" type="stmt"/>
        <line num="5" count="10" type="stmt"/>
        <line num="6" count="10" type="stmt"/>
        <line num="7" count="10" type="stmt"/>
        <line num="8" count="10" type="stmt"/>
        <line num="20" count="10" type="stmt"/>
        <line num="21" count="25" type="stmt"/>
        <line num="23" count="25" type="cond" truecount="3" falsecount="1"/>
        <line num="26" count="4" type="cond" truecount="1" falsecount="1"/>
        <line num="27" count="4" type="stmt"/>
        <line num="31" count="2" type="stmt"/>
        <line num="32" count="2" type="stmt"/>
        <line num="33" count="2" type="stmt"/>
        <line num="35" count="2" type="stmt"/>
        <line num="36" count="2" type="stmt"/>
        <line num="37" count="2" type="stmt"/>
        <line num="38" count="2" type="cond" truecount="2" falsecount="0"/>
        <line num="39" count="1" type="stmt"/>
        <line num="41" count="0" type="stmt"/>
        <line num="42" count="0" type="stmt"/>
        <line num="46" count="2" type="stmt"/>
        <line num="47" count="2" type="stmt"/>
        <line num="55" count="2" type="stmt"/>
        <line num="59" count="2" type="stmt"/>
        <line num="60" count="2" type="stmt"/>
        <line num="61" count="2" type="stmt"/>
        <line num="65" count="2" type="cond" truecount="0" falsecount="1"/>
        <line num="66" count="0" type="stmt"/>
        <line num="67" count="0" type="stmt"/>
        <line num="80" count="0" type="stmt"/>
        <line num="112" count="0" type="stmt"/>
        <line num="115" count="2" type="stmt"/>
        <line num="116" count="2" type="stmt"/>
        <line num="117" count="2" type="cond" truecount="4" falsecount="0"/>
        <line num="118" count="1" type="stmt"/>
        <line num="120" count="1" type="cond" truecount="0" falsecount="1"/>
        <line num="124" count="0" type="stmt"/>
        <line num="127" count="1" type="stmt"/>
        <line num="136" count="1" type="cond" truecount="1" falsecount="1"/>
        <line num="138" count="1" type="stmt"/>
        <line num="139" count="1" type="stmt"/>
        <line num="140" count="1" type="stmt"/>
        <line num="152" count="1" type="cond" truecount="1" falsecount="0"/>
        <line num="153" count="1" type="stmt"/>
        <line num="169" count="1" type="cond" truecount="1" falsecount="0"/>
        <line num="170" count="1" type="stmt"/>
        <line num="186" count="1" type="stmt"/>
      </file>
      <file name="reconciliation.worker.ts" path="C:\Users\4A\Desktop\ExampleHR\apps\time-off-service\src\modules\sync\reconciliation.worker.ts">
        <metrics statements="37" coveredstatements="14" conditionals="18" coveredconditionals="9" methods="4" coveredmethods="1"/>
        <line num="1" count="10" type="stmt"/>
        <line num="2" count="10" type="stmt"/>
        <line num="3" count="10" type="stmt"/>
        <line num="4" count="10" type="stmt"/>
        <line num="6" count="10" type="stmt"/>
        <line num="7" count="10" type="stmt"/>
        <line num="8" count="10" type="stmt"/>
        <line num="10" count="10" type="stmt"/>
        <line num="11" count="10" type="stmt"/>
        <line num="14" count="10" type="stmt"/>
        <line num="15" count="25" type="stmt"/>
        <line num="18" count="25" type="cond" truecount="6" falsecount="2"/>
        <line num="19" count="25" type="stmt"/>
        <line num="23" count="10" type="cond" truecount="3" falsecount="1"/>
        <line num="24" count="0" type="cond" truecount="0" falsecount="1"/>
        <line num="25" count="0" type="stmt"/>
        <line num="26" count="0" type="stmt"/>
        <line num="28" count="0" type="stmt"/>
        <line num="29" count="0" type="stmt"/>
        <line num="30" count="0" type="stmt"/>
        <line num="32" count="0" type="stmt"/>
        <line num="37" count="0" type="cond" truecount="0" falsecount="1"/>
        <line num="38" count="0" type="stmt"/>
        <line num="39" count="0" type="stmt"/>
        <line num="42" count="0" type="stmt"/>
        <line num="43" count="0" type="cond" truecount="0" falsecount="1"/>
        <line num="45" count="0" type="stmt"/>
        <line num="46" count="0" type="stmt"/>
        <line num="62" count="0" type="stmt"/>
        <line num="64" count="0" type="stmt"/>
        <line num="66" count="0" type="cond" truecount="0" falsecount="2"/>
        <line num="68" count="0" type="cond" truecount="0" falsecount="1"/>
        <line num="70" count="0" type="stmt"/>
        <line num="71" count="0" type="stmt"/>
        <line num="79" count="0" type="stmt"/>
        <line num="94" count="0" type="stmt"/>
        <line num="101" count="0" type="stmt"/>
      </file>
      <file name="sync.module.ts" path="C:\Users\4A\Desktop\ExampleHR\apps\time-off-service\src\modules\sync\sync.module.ts">
        <metrics statements="10" coveredstatements="10" conditionals="0" coveredconditionals="0" methods="0" coveredmethods="0"/>
        <line num="1" count="10" type="stmt"/>
        <line num="2" count="10" type="stmt"/>
        <line num="4" count="10" type="stmt"/>
        <line num="5" count="10" type="stmt"/>
        <line num="6" count="10" type="stmt"/>
        <line num="7" count="10" type="stmt"/>
        <line num="8" count="10" type="stmt"/>
        <line num="9" count="10" type="stmt"/>
        <line num="10" count="10" type="stmt"/>
        <line num="18" count="10" type="stmt"/>
      </file>
    </package>
    <package name="src.modules.sync.entities">
      <metrics statements="23" coveredstatements="23" conditionals="0" coveredconditionals="0" methods="0" coveredmethods="0"/>
      <file name="reconciliation-log.entity.ts" path="C:\Users\4A\Desktop\ExampleHR\apps\time-off-service\src\modules\sync\entities\reconciliation-log.entity.ts">
        <metrics statements="16" coveredstatements="16" conditionals="0" coveredconditionals="0" methods="0" coveredmethods="0"/>
        <line num="1" count="10" type="stmt"/>
        <line num="4" count="10" type="stmt"/>
        <line num="6" count="10" type="stmt"/>
        <line num="9" count="10" type="stmt"/>
        <line num="12" count="10" type="stmt"/>
        <line num="15" count="10" type="stmt"/>
        <line num="18" count="10" type="stmt"/>
        <line num="21" count="10" type="stmt"/>
        <line num="24" count="10" type="stmt"/>
        <line num="27" count="10" type="stmt"/>
        <line num="30" count="10" type="stmt"/>
        <line num="33" count="10" type="stmt"/>
        <line num="36" count="10" type="stmt"/>
        <line num="39" count="10" type="stmt"/>
        <line num="42" count="10" type="stmt"/>
        <line num="45" count="10" type="stmt"/>
      </file>
      <file name="sync-checkpoint.entity.ts" path="C:\Users\4A\Desktop\ExampleHR\apps\time-off-service\src\modules\sync\entities\sync-checkpoint.entity.ts">
        <metrics statements="7" coveredstatements="7" conditionals="0" coveredconditionals="0" methods="0" coveredmethods="0"/>
        <line num="1" count="10" type="stmt"/>
        <line num="4" count="10" type="stmt"/>
        <line num="6" count="10" type="stmt"/>
        <line num="9" count="10" type="stmt"/>
        <line num="12" count="10" type="stmt"/>
        <line num="15" count="10" type="stmt"/>
        <line num="18" count="10" type="stmt"/>
      </file>
    </package>
    <package name="src.modules.time-off">
      <metrics statements="104" coveredstatements="98" conditionals="35" coveredconditionals="22" methods="13" coveredmethods="13"/>
      <file name="time-off.controller.ts" path="C:\Users\4A\Desktop\ExampleHR\apps\time-off-service\src\modules\time-off\time-off.controller.ts">
        <metrics statements="11" coveredstatements="11" conditionals="4" coveredconditionals="3" methods="4" coveredmethods="4"/>
        <line num="1" count="10" type="stmt"/>
        <line num="2" count="10" type="stmt"/>
        <line num="4" count="10" type="stmt"/>
        <line num="7" count="10" type="stmt"/>
        <line num="8" count="25" type="cond" truecount="3" falsecount="1"/>
        <line num="12" count="10" type="stmt"/>
        <line num="17" count="37" type="stmt"/>
        <line num="21" count="10" type="stmt"/>
        <line num="22" count="10" type="stmt"/>
        <line num="27" count="10" type="stmt"/>
        <line num="31" count="5" type="stmt"/>
      </file>
      <file name="time-off.module.ts" path="C:\Users\4A\Desktop\ExampleHR\apps\time-off-service\src\modules\time-off\time-off.module.ts">
        <metrics statements="10" coveredstatements="10" conditionals="0" coveredconditionals="0" methods="0" coveredmethods="0"/>
        <line num="1" count="10" type="stmt"/>
        <line num="2" count="10" type="stmt"/>
        <line num="4" count="10" type="stmt"/>
        <line num="5" count="10" type="stmt"/>
        <line num="6" count="10" type="stmt"/>
        <line num="7" count="10" type="stmt"/>
        <line num="8" count="10" type="stmt"/>
        <line num="9" count="10" type="stmt"/>
        <line num="10" count="10" type="stmt"/>
        <line num="17" count="10" type="stmt"/>
      </file>
      <file name="time-off.service.ts" path="C:\Users\4A\Desktop\ExampleHR\apps\time-off-service\src\modules\time-off\time-off.service.ts">
        <metrics statements="83" coveredstatements="77" conditionals="31" coveredconditionals="19" methods="9" coveredmethods="9"/>
        <line num="1" count="10" type="stmt"/>
        <line num="2" count="10" type="stmt"/>
        <line num="3" count="10" type="stmt"/>
        <line num="5" count="10" type="stmt"/>
        <line num="6" count="10" type="stmt"/>
        <line num="11" count="10" type="stmt"/>
        <line num="12" count="10" type="stmt"/>
        <line num="13" count="10" type="stmt"/>
        <line num="14" count="10" type="stmt"/>
        <line num="15" count="10" type="stmt"/>
        <line num="16" count="10" type="stmt"/>
        <line num="17" count="10" type="stmt"/>
        <line num="18" count="10" type="stmt"/>
        <line num="30" count="10" type="stmt"/>
        <line num="32" count="25" type="cond" truecount="6" falsecount="2"/>
        <line num="33" count="25" type="cond" truecount="3" falsecount="1"/>
        <line num="34" count="25" type="stmt"/>
        <line num="42" count="37" type="stmt"/>
        <line num="44" count="37" type="stmt"/>
        <line num="45" count="37" type="cond" truecount="0" falsecount="1"/>
        <line num="46" count="0" type="stmt"/>
        <line num="49" count="37" type="stmt"/>
        <line num="51" count="37" type="stmt"/>
        <line num="56" count="37" type="stmt"/>
        <line num="62" count="37" type="cond" truecount="0" falsecount="1"/>
        <line num="63" count="0" type="stmt"/>
        <line num="66" count="37" type="stmt"/>
        <line num="67" count="37" type="cond" truecount="1" falsecount="0"/>
        <line num="68" count="5" type="stmt"/>
        <line num="71" count="32" type="stmt"/>
        <line num="72" count="32" type="stmt"/>
        <line num="74" count="32" type="stmt"/>
        <line num="98" count="32" type="stmt"/>
        <line num="120" count="32" type="stmt"/>
        <line num="121" count="32" type="stmt"/>
        <line num="123" count="32" type="stmt"/>
        <line num="124" count="32" type="stmt"/>
        <line num="125" count="32" type="stmt"/>
        <line num="129" count="32" type="stmt"/>
        <line num="142" count="32" type="stmt"/>
        <line num="146" count="32" type="stmt"/>
        <line num="168" count="10" type="stmt"/>
        <line num="169" count="10" type="stmt"/>
        <line num="189" count="5" type="stmt"/>
        <line num="190" count="5" type="cond" truecount="0" falsecount="1"/>
        <line num="192" count="5" type="cond" truecount="1" falsecount="0"/>
        <line num="193" count="1" type="stmt"/>
        <line num="194" count="1" type="stmt"/>
        <line num="200" count="1" type="cond" truecount="0" falsecount="1"/>
        <line num="202" count="1" type="stmt"/>
        <line num="203" count="1" type="stmt"/>
        <line num="204" count="1" type="stmt"/>
        <line num="205" count="1" type="stmt"/>
        <line num="207" count="1" type="stmt"/>
        <line num="211" count="1" type="stmt"/>
        <line num="212" count="1" type="cond" truecount="1" falsecount="0"/>
        <line num="213" count="1" type="stmt"/>
        <line num="229" count="1" type="stmt"/>
        <line num="240" count="1" type="stmt"/>
        <line num="243" count="4" type="cond" truecount="1" falsecount="0"/>
        <line num="244" count="2" type="stmt"/>
        <line num="245" count="2" type="stmt"/>
        <line num="246" count="2" type="stmt"/>
        <line num="247" count="2" type="stmt"/>
        <line num="255" count="2" type="stmt"/>
        <line num="273" count="2" type="stmt"/>
        <line num="284" count="2" type="stmt"/>
        <line num="287" count="2" type="stmt"/>
        <line num="293" count="37" type="cond" truecount="0" falsecount="1"/>
        <line num="294" count="0" type="stmt"/>
        <line num="296" count="37" type="cond" truecount="0" falsecount="1"/>
        <line num="297" count="0" type="stmt"/>
        <line num="299" count="37" type="cond" truecount="0" falsecount="1"/>
        <line num="300" count="0" type="stmt"/>
        <line num="302" count="37" type="cond" truecount="0" falsecount="1"/>
        <line num="303" count="0" type="stmt"/>
        <line num="308" count="37" type="stmt"/>
        <line num="309" count="37" type="stmt"/>
        <line num="310" count="37" type="stmt"/>
        <line num="311" count="37" type="stmt"/>
        <line num="312" count="76" type="stmt"/>
        <line num="313" count="76" type="cond" truecount="3" falsecount="0"/>
        <line num="315" count="37" type="stmt"/>
      </file>
    </package>
    <package name="src.modules.time-off.entities">
      <metrics statements="48" coveredstatements="48" conditionals="16" coveredconditionals="12" methods="0" coveredmethods="0"/>
      <file name="outbox.entity.ts" path="C:\Users\4A\Desktop\ExampleHR\apps\time-off-service\src\modules\time-off\entities\outbox.entity.ts">
        <metrics statements="13" coveredstatements="13" conditionals="4" coveredconditionals="3" methods="0" coveredmethods="0"/>
        <line num="1" count="10" type="stmt"/>
        <line num="3" count="10" type="stmt"/>
        <line num="7" count="10" type="stmt"/>
        <line num="9" count="10" type="stmt"/>
        <line num="12" count="10" type="cond" truecount="3" falsecount="1"/>
        <line num="15" count="10" type="stmt"/>
        <line num="18" count="10" type="stmt"/>
        <line num="21" count="10" type="stmt"/>
        <line num="24" count="10" type="stmt"/>
        <line num="27" count="10" type="stmt"/>
        <line num="30" count="10" type="stmt"/>
        <line num="33" count="10" type="stmt"/>
        <line num="36" count="10" type="stmt"/>
      </file>
      <file name="request-audit-log.entity.ts" path="C:\Users\4A\Desktop\ExampleHR\apps\time-off-service\src\modules\time-off\entities\request-audit-log.entity.ts">
        <metrics statements="11" coveredstatements="11" conditionals="4" coveredconditionals="3" methods="0" coveredmethods="0"/>
        <line num="1" count="10" type="stmt"/>
        <line num="3" count="10" type="stmt"/>
        <line num="7" count="10" type="stmt"/>
        <line num="9" count="10" type="stmt"/>
        <line num="12" count="10" type="stmt"/>
        <line num="15" count="10" type="stmt"/>
        <line num="18" count="10" type="cond" truecount="3" falsecount="1"/>
        <line num="21" count="10" type="stmt"/>
        <line num="24" count="10" type="stmt"/>
        <line num="27" count="10" type="stmt"/>
        <line num="30" count="10" type="stmt"/>
      </file>
      <file name="time-off-request.entity.ts" path="C:\Users\4A\Desktop\ExampleHR\apps\time-off-service\src\modules\time-off\entities\time-off-request.entity.ts">
        <metrics statements="24" coveredstatements="24" conditionals="8" coveredconditionals="6" methods="0" coveredmethods="0"/>
        <line num="1" count="10" type="stmt"/>
        <line num="3" count="10" type="stmt"/>
        <line num="9" count="10" type="stmt"/>
        <line num="11" count="10" type="stmt"/>
        <line num="14" count="10" type="stmt"/>
        <line num="17" count="10" type="stmt"/>
        <line num="20" count="10" type="stmt"/>
        <line num="23" count="10" type="cond" truecount="3" falsecount="1"/>
        <line num="26" count="10" type="stmt"/>
        <line num="29" count="10" type="stmt"/>
        <line num="32" count="10" type="stmt"/>
        <line num="35" count="10" type="cond" truecount="3" falsecount="1"/>
        <line num="38" count="10" type="stmt"/>
        <line num="41" count="10" type="stmt"/>
        <line num="44" count="10" type="stmt"/>
        <line num="47" count="10" type="stmt"/>
        <line num="50" count="10" type="stmt"/>
        <line num="53" count="10" type="stmt"/>
        <line num="56" count="10" type="stmt"/>
        <line num="59" count="10" type="stmt"/>
        <line num="62" count="10" type="stmt"/>
        <line num="65" count="10" type="stmt"/>
        <line num="68" count="10" type="stmt"/>
        <line num="71" count="10" type="stmt"/>
      </file>
    </package>
    <package name="test.helpers">
      <metrics statements="11" coveredstatements="7" conditionals="2" coveredconditionals="0" methods="7" coveredmethods="5"/>
      <file name="hcm-mock-control.ts" path="C:\Users\4A\Desktop\ExampleHR\apps\time-off-service\test\helpers\hcm-mock-control.ts">
        <metrics statements="11" coveredstatements="7" conditionals="2" coveredconditionals="0" methods="7" coveredmethods="5"/>
        <line num="1" count="4" type="stmt"/>
        <line num="2" count="14" type="stmt"/>
        <line num="10" count="9" type="stmt"/>
        <line num="25" count="5" type="stmt"/>
        <line num="33" count="14" type="stmt"/>
        <line num="39" count="0" type="stmt"/>
        <line num="40" count="0" type="cond" truecount="0" falsecount="1"/>
        <line num="41" count="0" type="stmt"/>
        <line num="51" count="0" type="stmt"/>
        <line num="55" count="28" type="stmt"/>
        <line num="60" count="25" type="cond" truecount="0" falsecount="1"/>
      </file>
    </package>
  </project>
</coverage>
