{"C:\\Users\\4A\\Desktop\\ExampleHR\\apps\\time-off-service\\src\\app.module.ts": {"path":"C:\\Users\\4A\\Desktop\\ExampleHR\\apps\\time-off-service\\src\\app.module.ts","statementMap":{"0":{"start":{"line":1,"column":0},"end":{"line":1,"column":40}},"1":{"start":{"line":2,"column":0},"end":{"line":2,"column":59}},"2":{"start":{"line":3,"column":0},"end":{"line":3,"column":46}},"3":{"start":{"line":4,"column":0},"end":{"line":4,"column":48}},"4":{"start":{"line":6,"column":0},"end":{"line":6,"column":74}},"5":{"start":{"line":7,"column":0},"end":{"line":7,"column":55}},"6":{"start":{"line":8,"column":0},"end":{"line":8,"column":65}},"7":{"start":{"line":9,"column":0},"end":{"line":9,"column":73}},"8":{"start":{"line":10,"column":0},"end":{"line":10,"column":87}},"9":{"start":{"line":11,"column":0},"end":{"line":11,"column":77}},"10":{"start":{"line":12,"column":0},"end":{"line":12,"column":56}},"11":{"start":{"line":13,"column":0},"end":{"line":13,"column":67}},"12":{"start":{"line":40,"column":7},"end":{"line":40,"column":null}},"13":{"start":{"line":40,"column":13},"end":{"line":40,"column":22}},"14":{"start":{"line":40,"column":13},"end":{"line":40,"column":null}},"15":{"start":{"line":23,"column":8},"end":{"line":23,"column":41}}},"fnMap":{"0":{"name":"(anonymous_1)","decl":{"start":{"line":22,"column":23},"end":{"line":22,"column":24}},"loc":{"start":{"line":22,"column":68},"end":{"line":24,"column":7}}}},"branchMap":{"0":{"loc":{"start":{"line":20,"column":16},"end":{"line":20,"column":102}},"type":"binary-expr","locations":[{"start":{"line":20,"column":16},"end":{"line":20,"column":35}},{"start":{"line":20,"column":39},"end":{"line":20,"column":102}}]},"1":{"loc":{"start":{"line":20,"column":58},"end":{"line":20,"column":93}},"type":"binary-expr","locations":[{"start":{"line":20,"column":58},"end":{"line":20,"column":84}},{"start":{"line":20,"column":88},"end":{"line":20,"column":93}}]}},"s":{"0":3,"1":3,"2":3,"3":3,"4":3,"5":3,"6":3,"7":3,"8":3,"9":3,"10":3,"11":3,"12":3,"13":3,"14":3,"15":8},"f":{"0":8},"b":{"0":[3,3],"1":[3,0]}}
,"C:\\Users\\4A\\Desktop\\ExampleHR\\apps\\time-off-service\\src\\health.controller.ts": {"path":"C:\\Users\\4A\\Desktop\\ExampleHR\\apps\\time-off-service\\src\\health.controller.ts","statementMap":{"0":{"start":{"line":1,"column":0},"end":{"line":1,"column":49}},"1":{"start":{"line":2,"column":0},"end":{"line":2,"column":41}},"2":{"start":{"line":4,"column":0},"end":{"line":4,"column":68}},"3":{"start":{"line":5,"column":0},"end":{"line":5,"column":86}},"4":{"start":{"line":6,"column":0},"end":{"line":6,"column":80}},"5":{"start":{"line":7,"column":0},"end":{"line":7,"column":67}},"6":{"start":{"line":10,"column":7},"end":{"line":46,"column":null}},"7":{"start":{"line":12,"column":21},"end":{"line":12,"column":33}},"8":{"start":{"line":13,"column":21},"end":{"line":13,"column":32}},"9":{"start":{"line":24,"column":20},"end":{"line":26,"column":null}},"10":{"start":{"line":25,"column":12},"end":{"line":25,"column":79}},"11":{"start":{"line":28,"column":31},"end":{"line":30,"column":6}},"12":{"start":{"line":31,"column":23},"end":{"line":31,"column":105}},"13":{"start":{"line":32,"column":33},"end":{"line":36,"column":59}},"14":{"start":{"line":38,"column":4},"end":{"line":44,"column":6}},"15":{"start":{"line":10,"column":13},"end":{"line":10,"column":29}},"16":{"start":{"line":17,"column":8},"end":{"line":45,"column":null}},"17":{"start":{"line":10,"column":13},"end":{"line":46,"column":null}}},"fnMap":{"0":{"name":"(anonymous_2)","decl":{"start":{"line":11,"column":2},"end":{"line":11,"column":null}},"loc":{"start":{"line":13,"column":41},"end":{"line":14,"column":6}}},"1":{"name":"(anonymous_3)","decl":{"start":{"line":17,"column":2},"end":{"line":17,"column":7}},"loc":{"start":{"line":17,"column":17},"end":{"line":45,"column":3}}},"2":{"name":"(anonymous_4)","decl":{"start":{"line":25,"column":6},"end":{"line":25,"column":9}},"loc":{"start":{"line":25,"column":12},"end":{"line":25,"column":79}}}},"branchMap":{"0":{"loc":{"start":{"line":42,"column":23},"end":{"line":42,"column":54}},"type":"binary-expr","locations":[{"start":{"line":42,"column":23},"end":{"line":42,"column":46}},{"start":{"line":42,"column":50},"end":{"line":42,"column":54}}]},"1":{"loc":{"start":{"line":43,"column":28},"end":{"line":43,"column":78}},"type":"binary-expr","locations":[{"start":{"line":43,"column":28},"end":{"line":43,"column":70}},{"start":{"line":43,"column":74},"end":{"line":43,"column":78}}]},"2":{"loc":{"start":{"line":17,"column":21},"end":{"line":17,"column":null}},"type":"cond-expr","locations":[{"start":{"line":17,"column":28},"end":{"line":17,"column":null}},{"start":{"line":17,"column":28},"end":{"line":17,"column":null}}]},"3":{"loc":{"start":{"line":17,"column":21},"end":{"line":17,"column":28}},"type":"binary-expr","locations":[{"start":{"line":17,"column":21},"end":{"line":17,"column":null}},{"start":{"line":17,"column":21},"end":{"line":17,"column":28}}]},"4":{"loc":{"start":{"line":12,"column":33},"end":{"line":12,"column":null}},"type":"cond-expr","locations":[{"start":{"line":12,"column":43},"end":{"line":12,"column":null}},{"start":{"line":12,"column":43},"end":{"line":12,"column":null}}]},"5":{"loc":{"start":{"line":12,"column":33},"end":{"line":12,"column":43}},"type":"binary-expr","locations":[{"start":{"line":12,"column":33},"end":{"line":12,"column":null}},{"start":{"line":12,"column":33},"end":{"line":12,"column":43}}]},"6":{"loc":{"start":{"line":12,"column":43},"end":{"line":13,"column":null}},"type":"cond-expr","locations":[{"start":{"line":13,"column":41},"end":{"line":13,"column":null}},{"start":{"line":13,"column":41},"end":{"line":13,"column":null}}]},"7":{"loc":{"start":{"line":12,"column":43},"end":{"line":13,"column":41}},"type":"binary-expr","locations":[{"start":{"line":12,"column":43},"end":{"line":13,"column":null}},{"start":{"line":13,"column":32},"end":{"line":13,"column":41}}]}},"s":{"0":3,"1":3,"2":3,"3":3,"4":3,"5":3,"6":3,"7":8,"8":8,"9":0,"10":0,"11":0,"12":0,"13":0,"14":0,"15":3,"16":3,"17":3},"f":{"0":8,"1":0,"2":0},"b":{"0":[0,0],"1":[0,0],"2":[3,0],"3":[3,3],"4":[3,0],"5":[3,3],"6":[3,0],"7":[3,3]}}
,"C:\\Users\\4A\\Desktop\\ExampleHR\\apps\\time-off-service\\src\\domain\\enums.ts": {"path":"C:\\Users\\4A\\Desktop\\ExampleHR\\apps\\time-off-service\\src\\domain\\enums.ts","statementMap":{"0":{"start":{"line":1,"column":0},"end":{"line":1,"column":null}},"1":{"start":{"line":2,"column":2},"end":{"line":2,"column":null}},"2":{"start":{"line":3,"column":2},"end":{"line":3,"column":null}},"3":{"start":{"line":4,"column":2},"end":{"line":4,"column":null}},"4":{"start":{"line":5,"column":2},"end":{"line":5,"column":null}},"5":{"start":{"line":6,"column":2},"end":{"line":6,"column":null}},"6":{"start":{"line":9,"column":0},"end":{"line":9,"column":null}},"7":{"start":{"line":10,"column":2},"end":{"line":10,"column":null}},"8":{"start":{"line":11,"column":2},"end":{"line":11,"column":null}},"9":{"start":{"line":12,"column":2},"end":{"line":12,"column":null}},"10":{"start":{"line":13,"column":2},"end":{"line":13,"column":null}},"11":{"start":{"line":14,"column":2},"end":{"line":14,"column":null}},"12":{"start":{"line":15,"column":2},"end":{"line":15,"column":null}},"13":{"start":{"line":16,"column":2},"end":{"line":16,"column":null}},"14":{"start":{"line":19,"column":0},"end":{"line":19,"column":null}},"15":{"start":{"line":20,"column":2},"end":{"line":20,"column":null}},"16":{"start":{"line":21,"column":2},"end":{"line":21,"column":null}},"17":{"start":{"line":24,"column":0},"end":{"line":24,"column":null}},"18":{"start":{"line":25,"column":2},"end":{"line":25,"column":null}},"19":{"start":{"line":26,"column":2},"end":{"line":26,"column":null}},"20":{"start":{"line":27,"column":2},"end":{"line":27,"column":null}},"21":{"start":{"line":28,"column":2},"end":{"line":28,"column":null}},"22":{"start":{"line":29,"column":2},"end":{"line":29,"column":null}}},"fnMap":{"0":{"name":"(anonymous_0)","decl":{"start":{"line":1,"column":0},"end":{"line":1,"column":12}},"loc":{"start":{"line":1,"column":21},"end":{"line":7,"column":1}}},"1":{"name":"(anonymous_1)","decl":{"start":{"line":9,"column":0},"end":{"line":9,"column":12}},"loc":{"start":{"line":9,"column":24},"end":{"line":17,"column":1}}},"2":{"name":"(anonymous_2)","decl":{"start":{"line":19,"column":0},"end":{"line":19,"column":12}},"loc":{"start":{"line":19,"column":27},"end":{"line":22,"column":1}}},"3":{"name":"(anonymous_3)","decl":{"start":{"line":24,"column":0},"end":{"line":24,"column":12}},"loc":{"start":{"line":24,"column":31},"end":{"line":30,"column":1}}}},"branchMap":{"0":{"loc":{"start":{"line":1,"column":12},"end":{"line":1,"column":null}},"type":"binary-expr","locations":[{"start":{"line":1,"column":12},"end":{"line":1,"column":21}},{"start":{"line":1,"column":21},"end":{"line":1,"column":null}}]},"1":{"loc":{"start":{"line":9,"column":12},"end":{"line":9,"column":null}},"type":"binary-expr","locations":[{"start":{"line":9,"column":12},"end":{"line":9,"column":24}},{"start":{"line":9,"column":24},"end":{"line":9,"column":null}}]},"2":{"loc":{"start":{"line":19,"column":12},"end":{"line":19,"column":null}},"type":"binary-expr","locations":[{"start":{"line":19,"column":12},"end":{"line":19,"column":27}},{"start":{"line":19,"column":27},"end":{"line":19,"column":null}}]},"3":{"loc":{"start":{"line":24,"column":12},"end":{"line":24,"column":null}},"type":"binary-expr","locations":[{"start":{"line":24,"column":12},"end":{"line":24,"column":31}},{"start":{"line":24,"column":31},"end":{"line":24,"column":null}}]}},"s":{"0":3,"1":3,"2":3,"3":3,"4":3,"5":3,"6":3,"7":3,"8":3,"9":3,"10":3,"11":3,"12":3,"13":3,"14":3,"15":3,"16":3,"17":3,"18":3,"19":3,"20":3,"21":3,"22":3},"f":{"0":3,"1":3,"2":3,"3":3},"b":{"0":[3,3],"1":[3,3],"2":[3,3],"3":[3,3]}}
,"C:\\Users\\4A\\Desktop\\ExampleHR\\apps\\time-off-service\\src\\domain\\exceptions.ts": {"path":"C:\\Users\\4A\\Desktop\\ExampleHR\\apps\\time-off-service\\src\\domain\\exceptions.ts","statementMap":{"0":{"start":{"line":6,"column":4},"end":{"line":6,"column":19}},"1":{"start":{"line":7,"column":4},"end":{"line":7,"column":21}},"2":{"start":{"line":8,"column":4},"end":{"line":8,"column":33}},"3":{"start":{"line":1,"column":0},"end":{"line":1,"column":13}},"4":{"start":{"line":14,"column":4},"end":{"line":14,"column":48}},"5":{"start":{"line":12,"column":0},"end":{"line":12,"column":13}},"6":{"start":{"line":20,"column":4},"end":{"line":20,"column":52}},"7":{"start":{"line":18,"column":0},"end":{"line":18,"column":13}},"8":{"start":{"line":26,"column":4},"end":{"line":26,"column":43}},"9":{"start":{"line":24,"column":0},"end":{"line":24,"column":13}},"10":{"start":{"line":32,"column":4},"end":{"line":32,"column":48}},"11":{"start":{"line":30,"column":0},"end":{"line":30,"column":13}},"12":{"start":{"line":38,"column":4},"end":{"line":38,"column":45}},"13":{"start":{"line":36,"column":0},"end":{"line":36,"column":13}},"14":{"start":{"line":44,"column":4},"end":{"line":44,"column":45}},"15":{"start":{"line":42,"column":0},"end":{"line":42,"column":13}}},"fnMap":{"0":{"name":"(anonymous_0)","decl":{"start":{"line":5,"column":2},"end":{"line":5,"column":14}},"loc":{"start":{"line":5,"column":63},"end":{"line":9,"column":3}}},"1":{"name":"(anonymous_1)","decl":{"start":{"line":13,"column":2},"end":{"line":13,"column":14}},"loc":{"start":{"line":13,"column":46},"end":{"line":15,"column":3}}},"2":{"name":"(anonymous_2)","decl":{"start":{"line":19,"column":2},"end":{"line":19,"column":14}},"loc":{"start":{"line":19,"column":50},"end":{"line":21,"column":3}}},"3":{"name":"(anonymous_3)","decl":{"start":{"line":25,"column":2},"end":{"line":25,"column":14}},"loc":{"start":{"line":25,"column":41},"end":{"line":27,"column":3}}},"4":{"name":"(anonymous_4)","decl":{"start":{"line":31,"column":2},"end":{"line":31,"column":14}},"loc":{"start":{"line":31,"column":46},"end":{"line":33,"column":3}}},"5":{"name":"(anonymous_5)","decl":{"start":{"line":37,"column":2},"end":{"line":37,"column":14}},"loc":{"start":{"line":37,"column":43},"end":{"line":39,"column":3}}},"6":{"name":"(anonymous_6)","decl":{"start":{"line":43,"column":2},"end":{"line":43,"column":14}},"loc":{"start":{"line":43,"column":43},"end":{"line":45,"column":3}}}},"branchMap":{"0":{"loc":{"start":{"line":13,"column":14},"end":{"line":13,"column":46}},"type":"default-arg","locations":[{"start":{"line":13,"column":24},"end":{"line":13,"column":46}}]},"1":{"loc":{"start":{"line":19,"column":14},"end":{"line":19,"column":50}},"type":"default-arg","locations":[{"start":{"line":19,"column":24},"end":{"line":19,"column":50}}]},"2":{"loc":{"start":{"line":25,"column":14},"end":{"line":25,"column":41}},"type":"default-arg","locations":[{"start":{"line":25,"column":24},"end":{"line":25,"column":41}}]},"3":{"loc":{"start":{"line":31,"column":14},"end":{"line":31,"column":46}},"type":"default-arg","locations":[{"start":{"line":31,"column":24},"end":{"line":31,"column":46}}]},"4":{"loc":{"start":{"line":37,"column":14},"end":{"line":37,"column":43}},"type":"default-arg","locations":[{"start":{"line":37,"column":24},"end":{"line":37,"column":43}}]},"5":{"loc":{"start":{"line":43,"column":14},"end":{"line":43,"column":43}},"type":"default-arg","locations":[{"start":{"line":43,"column":24},"end":{"line":43,"column":43}}]}},"s":{"0":0,"1":0,"2":0,"3":3,"4":0,"5":3,"6":0,"7":3,"8":0,"9":3,"10":0,"11":3,"12":0,"13":3,"14":0,"15":3},"f":{"0":0,"1":0,"2":0,"3":0,"4":0,"5":0,"6":0},"b":{"0":[0],"1":[0],"2":[0],"3":[0],"4":[0],"5":[0]}}
,"C:\\Users\\4A\\Desktop\\ExampleHR\\apps\\time-off-service\\src\\domain\\state-machine.ts": {"path":"C:\\Users\\4A\\Desktop\\ExampleHR\\apps\\time-off-service\\src\\domain\\state-machine.ts","statementMap":{"0":{"start":{"line":1,"column":0},"end":{"line":1,"column":39}},"1":{"start":{"line":2,"column":0},"end":{"line":2,"column":63}},"2":{"start":{"line":6,"column":18},"end":{"line":6,"column":48}},"3":{"start":{"line":7,"column":4},"end":{"line":9,"column":5}},"4":{"start":{"line":8,"column":6},"end":{"line":8,"column":88}},"5":{"start":{"line":13,"column":4},"end":{"line":38,"column":5}},"6":{"start":{"line":15,"column":8},"end":{"line":15,"column":66}},"7":{"start":{"line":18,"column":8},"end":{"line":18,"column":83}},"8":{"start":{"line":21,"column":8},"end":{"line":21,"column":41}},"9":{"start":{"line":24,"column":8},"end":{"line":24,"column":61}},"10":{"start":{"line":27,"column":8},"end":{"line":27,"column":40}},"11":{"start":{"line":30,"column":8},"end":{"line":30,"column":18}},"12":{"start":{"line":33,"column":8},"end":{"line":33,"column":18}},"13":{"start":{"line":36,"column":8},"end":{"line":36,"column":18}},"14":{"start":{"line":4,"column":0},"end":{"line":4,"column":13}}},"fnMap":{"0":{"name":"(anonymous_0)","decl":{"start":{"line":5,"column":2},"end":{"line":5,"column":8}},"loc":{"start":{"line":5,"column":56},"end":{"line":10,"column":3}}},"1":{"name":"(anonymous_1)","decl":{"start":{"line":12,"column":2},"end":{"line":12,"column":8}},"loc":{"start":{"line":12,"column":47},"end":{"line":39,"column":3}}}},"branchMap":{"0":{"loc":{"start":{"line":7,"column":4},"end":{"line":9,"column":5}},"type":"if","locations":[{"start":{"line":7,"column":4},"end":{"line":9,"column":5}}]},"1":{"loc":{"start":{"line":13,"column":4},"end":{"line":38,"column":5}},"type":"switch","locations":[{"start":{"line":14,"column":6},"end":{"line":16,"column":7}},{"start":{"line":17,"column":6},"end":{"line":19,"column":7}},{"start":{"line":20,"column":6},"end":{"line":22,"column":7}},{"start":{"line":23,"column":6},"end":{"line":25,"column":7}},{"start":{"line":26,"column":6},"end":{"line":28,"column":7}},{"start":{"line":29,"column":6},"end":{"line":31,"column":7}},{"start":{"line":32,"column":6},"end":{"line":34,"column":7}},{"start":{"line":35,"column":6},"end":{"line":37,"column":7}}]}},"s":{"0":3,"1":3,"2":0,"3":0,"4":0,"5":0,"6":0,"7":0,"8":0,"9":0,"10":0,"11":0,"12":0,"13":0,"14":3},"f":{"0":0,"1":0},"b":{"0":[0],"1":[0,0,0,0,0,0,0,0]}}
,"C:\\Users\\4A\\Desktop\\ExampleHR\\apps\\time-off-service\\src\\filters\\global-exception.filter.ts": {"path":"C:\\Users\\4A\\Desktop\\ExampleHR\\apps\\time-off-service\\src\\filters\\global-exception.filter.ts","statementMap":{"0":{"start":{"line":1,"column":0},"end":{"line":1,"column":79}},"1":{"start":{"line":3,"column":0},"end":{"line":3,"column":55}},"2":{"start":{"line":6,"column":34},"end":{"line":39,"column":null}},"3":{"start":{"line":7,"column":28},"end":{"line":7,"column":66}},"4":{"start":{"line":10,"column":16},"end":{"line":10,"column":35}},"5":{"start":{"line":11,"column":16},"end":{"line":11,"column":38}},"6":{"start":{"line":12,"column":16},"end":{"line":12,"column":37}},"7":{"start":{"line":14,"column":4},"end":{"line":21,"column":5}},"8":{"start":{"line":15,"column":6},"end":{"line":19,"column":9}},"9":{"start":{"line":20,"column":6},"end":{"line":20,"column":13}},"10":{"start":{"line":23,"column":4},"end":{"line":30,"column":5}},"11":{"start":{"line":24,"column":6},"end":{"line":28,"column":9}},"12":{"start":{"line":29,"column":6},"end":{"line":29,"column":13}},"13":{"start":{"line":32,"column":4},"end":{"line":32,"column":75}},"14":{"start":{"line":33,"column":4},"end":{"line":37,"column":7}},"15":{"start":{"line":6,"column":13},"end":{"line":6,"column":34}},"16":{"start":{"line":6,"column":13},"end":{"line":39,"column":null}}},"fnMap":{"0":{"name":"(anonymous_1)","decl":{"start":{"line":9,"column":2},"end":{"line":9,"column":7}},"loc":{"start":{"line":9,"column":47},"end":{"line":38,"column":3}}}},"branchMap":{"0":{"loc":{"start":{"line":14,"column":4},"end":{"line":21,"column":5}},"type":"if","locations":[{"start":{"line":14,"column":4},"end":{"line":21,"column":5}}]},"1":{"loc":{"start":{"line":23,"column":4},"end":{"line":30,"column":5}},"type":"if","locations":[{"start":{"line":23,"column":4},"end":{"line":30,"column":5}}]}},"s":{"0":3,"1":3,"2":3,"3":8,"4":0,"5":0,"6":0,"7":0,"8":0,"9":0,"10":0,"11":0,"12":0,"13":0,"14":0,"15":3,"16":3},"f":{"0":0},"b":{"0":[0],"1":[0]}}
,"C:\\Users\\4A\\Desktop\\ExampleHR\\apps\\time-off-service\\src\\modules\\balance\\balance.controller.ts": {"path":"C:\\Users\\4A\\Desktop\\ExampleHR\\apps\\time-off-service\\src\\modules\\balance\\balance.controller.ts","statementMap":{"0":{"start":{"line":1,"column":0},"end":{"line":1,"column":56}},"1":{"start":{"line":3,"column":0},"end":{"line":3,"column":47}},"2":{"start":{"line":4,"column":0},"end":{"line":4,"column":51}},"3":{"start":{"line":7,"column":7},"end":{"line":39,"column":null}},"4":{"start":{"line":8,"column":31},"end":{"line":8,"column":47}},"5":{"start":{"line":26,"column":14},"end":{"line":26,"column":92}},"6":{"start":{"line":27,"column":4},"end":{"line":37,"column":6}},"7":{"start":{"line":7,"column":13},"end":{"line":7,"column":30}},"8":{"start":{"line":11,"column":8},"end":{"line":38,"column":null}},"9":{"start":{"line":7,"column":13},"end":{"line":39,"column":null}}},"fnMap":{"0":{"name":"(anonymous_4)","decl":{"start":{"line":8,"column":2},"end":{"line":8,"column":31}},"loc":{"start":{"line":8,"column":61},"end":{"line":8,"column":65}}},"1":{"name":"(anonymous_5)","decl":{"start":{"line":11,"column":2},"end":{"line":11,"column":7}},"loc":{"start":{"line":14,"column":44},"end":{"line":38,"column":3}}}},"branchMap":{"0":{"loc":{"start":{"line":14,"column":35},"end":{"line":14,"column":null}},"type":"cond-expr","locations":[{"start":{"line":14,"column":44},"end":{"line":14,"column":null}},{"start":{"line":14,"column":44},"end":{"line":14,"column":null}}]},"1":{"loc":{"start":{"line":14,"column":35},"end":{"line":14,"column":44}},"type":"binary-expr","locations":[{"start":{"line":14,"column":35},"end":{"line":14,"column":null}},{"start":{"line":14,"column":35},"end":{"line":14,"column":44}}]},"2":{"loc":{"start":{"line":15,"column":5},"end":{"line":15,"column":null}},"type":"cond-expr","locations":[{"start":{"line":15,"column":12},"end":{"line":15,"column":null}},{"start":{"line":15,"column":12},"end":{"line":15,"column":null}}]},"3":{"loc":{"start":{"line":15,"column":5},"end":{"line":15,"column":12}},"type":"binary-expr","locations":[{"start":{"line":15,"column":5},"end":{"line":15,"column":null}},{"start":{"line":15,"column":5},"end":{"line":15,"column":12}}]},"4":{"loc":{"start":{"line":8,"column":47},"end":{"line":8,"column":64}},"type":"cond-expr","locations":[{"start":{"line":8,"column":61},"end":{"line":8,"column":64}},{"start":{"line":8,"column":61},"end":{"line":8,"column":64}}]},"5":{"loc":{"start":{"line":8,"column":47},"end":{"line":8,"column":61}},"type":"binary-expr","locations":[{"start":{"line":8,"column":47},"end":{"line":8,"column":64}},{"start":{"line":8,"column":47},"end":{"line":8,"column":61}}]}},"s":{"0":3,"1":3,"2":3,"3":3,"4":8,"5":0,"6":0,"7":3,"8":3,"9":3},"f":{"0":8,"1":0},"b":{"0":[0,3],"1":[3,3],"2":[3,0],"3":[3,3],"4":[3,0],"5":[3,3]}}
,"C:\\Users\\4A\\Desktop\\ExampleHR\\apps\\time-off-service\\src\\modules\\balance\\balance.module.ts": {"path":"C:\\Users\\4A\\Desktop\\ExampleHR\\apps\\time-off-service\\src\\modules\\balance\\balance.module.ts","statementMap":{"0":{"start":{"line":1,"column":0},"end":{"line":1,"column":40}},"1":{"start":{"line":2,"column":0},"end":{"line":2,"column":48}},"2":{"start":{"line":4,"column":0},"end":{"line":4,"column":66}},"3":{"start":{"line":5,"column":0},"end":{"line":5,"column":57}},"4":{"start":{"line":6,"column":0},"end":{"line":6,"column":57}},"5":{"start":{"line":7,"column":0},"end":{"line":7,"column":51}},"6":{"start":{"line":8,"column":0},"end":{"line":8,"column":72}},"7":{"start":{"line":9,"column":0},"end":{"line":9,"column":52}},"8":{"start":{"line":17,"column":7},"end":{"line":17,"column":null}},"9":{"start":{"line":17,"column":13},"end":{"line":17,"column":26}},"10":{"start":{"line":17,"column":13},"end":{"line":17,"column":null}}},"fnMap":{},"branchMap":{},"s":{"0":3,"1":3,"2":3,"3":3,"4":3,"5":3,"6":3,"7":3,"8":3,"9":3,"10":3},"f":{},"b":{}}
,"C:\\Users\\4A\\Desktop\\ExampleHR\\apps\\time-off-service\\src\\modules\\balance\\balance.repository.ts": {"path":"C:\\Users\\4A\\Desktop\\ExampleHR\\apps\\time-off-service\\src\\modules\\balance\\balance.repository.ts","statementMap":{"0":{"start":{"line":1,"column":0},"end":{"line":1,"column":44}},"1":{"start":{"line":2,"column":0},"end":{"line":2,"column":52}},"2":{"start":{"line":5,"column":0},"end":{"line":5,"column":52}},"3":{"start":{"line":8,"column":7},"end":{"line":28,"column":null}},"4":{"start":{"line":9,"column":31},"end":{"line":9,"column":43}},"5":{"start":{"line":12,"column":4},"end":{"line":12,"column":108}},"6":{"start":{"line":16,"column":4},"end":{"line":16,"column":60}},"7":{"start":{"line":17,"column":4},"end":{"line":17,"column":16}},"8":{"start":{"line":26,"column":4},"end":{"line":26,"column":100}},"9":{"start":{"line":8,"column":13},"end":{"line":8,"column":30}},"10":{"start":{"line":8,"column":13},"end":{"line":28,"column":null}}},"fnMap":{"0":{"name":"(anonymous_2)","decl":{"start":{"line":9,"column":2},"end":{"line":9,"column":31}},"loc":{"start":{"line":9,"column":53},"end":{"line":9,"column":57}}},"1":{"name":"(anonymous_3)","decl":{"start":{"line":11,"column":2},"end":{"line":11,"column":18}},"loc":{"start":{"line":11,"column":79},"end":{"line":13,"column":3}}},"2":{"name":"(anonymous_4)","decl":{"start":{"line":15,"column":2},"end":{"line":15,"column":7}},"loc":{"start":{"line":15,"column":28},"end":{"line":18,"column":3}}},"3":{"name":"(anonymous_5)","decl":{"start":{"line":20,"column":2},"end":{"line":20,"column":9}},"loc":{"start":{"line":24,"column":24},"end":{"line":27,"column":3}}}},"branchMap":{"0":{"loc":{"start":{"line":9,"column":43},"end":{"line":9,"column":56}},"type":"cond-expr","locations":[{"start":{"line":9,"column":53},"end":{"line":9,"column":56}},{"start":{"line":9,"column":53},"end":{"line":9,"column":56}}]},"1":{"loc":{"start":{"line":9,"column":43},"end":{"line":9,"column":53}},"type":"binary-expr","locations":[{"start":{"line":9,"column":43},"end":{"line":9,"column":56}},{"start":{"line":9,"column":43},"end":{"line":9,"column":53}}]}},"s":{"0":3,"1":3,"2":3,"3":3,"4":8,"5":0,"6":0,"7":0,"8":0,"9":3,"10":3},"f":{"0":8,"1":0,"2":0,"3":0},"b":{"0":[3,0],"1":[3,3]}}
,"C:\\Users\\4A\\Desktop\\ExampleHR\\apps\\time-off-service\\src\\modules\\balance\\balance.service.ts": {"path":"C:\\Users\\4A\\Desktop\\ExampleHR\\apps\\time-off-service\\src\\modules\\balance\\balance.service.ts","statementMap":{"0":{"start":{"line":1,"column":0},"end":{"line":1,"column":52}},"1":{"start":{"line":2,"column":0},"end":{"line":2,"column":41}},"2":{"start":{"line":3,"column":0},"end":{"line":3,"column":57}},"3":{"start":{"line":5,"column":0},"end":{"line":5,"column":68}},"4":{"start":{"line":6,"column":0},"end":{"line":6,"column":88}},"5":{"start":{"line":7,"column":0},"end":{"line":7,"column":78}},"6":{"start":{"line":8,"column":0},"end":{"line":8,"column":72}},"7":{"start":{"line":9,"column":0},"end":{"line":9,"column":52}},"8":{"start":{"line":10,"column":0},"end":{"line":10,"column":57}},"9":{"start":{"line":12,"column":15},"end":{"line":12,"column":28}},"10":{"start":{"line":15,"column":27},"end":{"line":188,"column":null}},"11":{"start":{"line":16,"column":28},"end":{"line":16,"column":59}},"12":{"start":{"line":19,"column":21},"end":{"line":19,"column":33}},"13":{"start":{"line":20,"column":21},"end":{"line":20,"column":27}},"14":{"start":{"line":21,"column":21},"end":{"line":21,"column":40}},"15":{"start":{"line":25,"column":21},"end":{"line":25,"column":88}},"16":{"start":{"line":26,"column":4},"end":{"line":26,"column":69}},"17":{"start":{"line":26,"column":53},"end":{"line":26,"column":69}},"18":{"start":{"line":28,"column":22},"end":{"line":28,"column":96}},"19":{"start":{"line":30,"column":4},"end":{"line":42,"column":5}},"20":{"start":{"line":31,"column":23},"end":{"line":31,"column":104}},"21":{"start":{"line":32,"column":6},"end":{"line":38,"column":7}},"22":{"start":{"line":33,"column":8},"end":{"line":36,"column":10}},"23":{"start":{"line":37,"column":8},"end":{"line":37,"column":24}},"24":{"start":{"line":39,"column":6},"end":{"line":41,"column":8}},"25":{"start":{"line":44,"column":4},"end":{"line":48,"column":5}},"26":{"start":{"line":45,"column":6},"end":{"line":47,"column":8}},"27":{"start":{"line":50,"column":16},"end":{"line":50,"column":40}},"28":{"start":{"line":52,"column":4},"end":{"line":96,"column":7}},"29":{"start":{"line":53,"column":22},"end":{"line":55,"column":66}},"30":{"start":{"line":57,"column":28},"end":{"line":78,"column":12}},"31":{"start":{"line":80,"column":6},"end":{"line":93,"column":7}},"32":{"start":{"line":81,"column":8},"end":{"line":90,"column":10}},"33":{"start":{"line":92,"column":8},"end":{"line":92,"column":58}},"34":{"start":{"line":94,"column":6},"end":{"line":94,"column":69}},"35":{"start":{"line":95,"column":6},"end":{"line":95,"column":18}},"36":{"start":{"line":105,"column":4},"end":{"line":137,"column":7}},"37":{"start":{"line":106,"column":20},"end":{"line":108,"column":66}},"38":{"start":{"line":110,"column":6},"end":{"line":134,"column":7}},"39":{"start":{"line":111,"column":26},"end":{"line":111,"column":100}},"40":{"start":{"line":112,"column":8},"end":{"line":112,"column":68}},"41":{"start":{"line":112,"column":32},"end":{"line":112,"column":68}},"42":{"start":{"line":113,"column":8},"end":{"line":117,"column":9}},"43":{"start":{"line":114,"column":10},"end":{"line":116,"column":12}},"44":{"start":{"line":119,"column":20},"end":{"line":119,"column":44}},"45":{"start":{"line":120,"column":8},"end":{"line":132,"column":11}},"46":{"start":{"line":133,"column":8},"end":{"line":133,"column":61}},"47":{"start":{"line":136,"column":6},"end":{"line":136,"column":34}},"48":{"start":{"line":141,"column":4},"end":{"line":141,"column":62}},"49":{"start":{"line":149,"column":16},"end":{"line":149,"column":40}},"50":{"start":{"line":150,"column":37},"end":{"line":150,"column":39}},"51":{"start":{"line":152,"column":26},"end":{"line":175,"column":5}},"52":{"start":{"line":157,"column":6},"end":{"line":157,"column":40}},"53":{"start":{"line":157,"column":33},"end":{"line":157,"column":40}},"54":{"start":{"line":158,"column":6},"end":{"line":174,"column":8}},"55":{"start":{"line":177,"column":4},"end":{"line":177,"column":73}},"56":{"start":{"line":178,"column":4},"end":{"line":178,"column":70}},"57":{"start":{"line":180,"column":4},"end":{"line":182,"column":5}},"58":{"start":{"line":181,"column":6},"end":{"line":181,"column":65}},"59":{"start":{"line":186,"column":4},"end":{"line":186,"column":65}},"60":{"start":{"line":186,"column":52},"end":{"line":186,"column":63}},"61":{"start":{"line":15,"column":13},"end":{"line":15,"column":27}},"62":{"start":{"line":15,"column":13},"end":{"line":188,"column":null}}},"fnMap":{"0":{"name":"(anonymous_2)","decl":{"start":{"line":18,"column":2},"end":{"line":18,"column":null}},"loc":{"start":{"line":21,"column":57},"end":{"line":22,"column":6}}},"1":{"name":"(anonymous_3)","decl":{"start":{"line":24,"column":2},"end":{"line":24,"column":7}},"loc":{"start":{"line":24,"column":86},"end":{"line":97,"column":3}}},"2":{"name":"(anonymous_4)","decl":{"start":{"line":52,"column":41},"end":{"line":52,"column":46}},"loc":{"start":{"line":52,"column":59},"end":{"line":96,"column":5}}},"3":{"name":"(anonymous_5)","decl":{"start":{"line":99,"column":2},"end":{"line":99,"column":7}},"loc":{"start":{"line":103,"column":64},"end":{"line":138,"column":3}}},"4":{"name":"(anonymous_6)","decl":{"start":{"line":105,"column":41},"end":{"line":105,"column":46}},"loc":{"start":{"line":105,"column":59},"end":{"line":137,"column":5}}},"5":{"name":"(anonymous_7)","decl":{"start":{"line":140,"column":10},"end":{"line":140,"column":17}},"loc":{"start":{"line":140,"column":34},"end":{"line":142,"column":3}}},"6":{"name":"(anonymous_8)","decl":{"start":{"line":144,"column":10},"end":{"line":144,"column":15}},"loc":{"start":{"line":147,"column":18},"end":{"line":183,"column":3}}},"7":{"name":"(anonymous_9)","decl":{"start":{"line":152,"column":26},"end":{"line":152,"column":null}},"loc":{"start":{"line":156,"column":8},"end":{"line":175,"column":5}}},"8":{"name":"(anonymous_10)","decl":{"start":{"line":185,"column":10},"end":{"line":185,"column":15}},"loc":{"start":{"line":185,"column":86},"end":{"line":187,"column":3}}},"9":{"name":"(anonymous_11)","decl":{"start":{"line":186,"column":39},"end":{"line":186,"column":40}},"loc":{"start":{"line":186,"column":52},"end":{"line":186,"column":63}}}},"branchMap":{"0":{"loc":{"start":{"line":26,"column":4},"end":{"line":26,"column":69}},"type":"if","locations":[{"start":{"line":26,"column":4},"end":{"line":26,"column":69}}]},"1":{"loc":{"start":{"line":26,"column":8},"end":{"line":26,"column":51}},"type":"binary-expr","locations":[{"start":{"line":26,"column":8},"end":{"line":26,"column":16}},{"start":{"line":26,"column":20},"end":{"line":26,"column":51}}]},"2":{"loc":{"start":{"line":30,"column":4},"end":{"line":42,"column":5}},"type":"if","locations":[{"start":{"line":30,"column":4},"end":{"line":42,"column":5}}]},"3":{"loc":{"start":{"line":31,"column":23},"end":{"line":31,"column":104}},"type":"binary-expr","locations":[{"start":{"line":31,"column":23},"end":{"line":31,"column":31}},{"start":{"line":31,"column":36},"end":{"line":31,"column":103}}]},"4":{"loc":{"start":{"line":32,"column":6},"end":{"line":38,"column":7}},"type":"if","locations":[{"start":{"line":32,"column":6},"end":{"line":38,"column":7}}]},"5":{"loc":{"start":{"line":32,"column":10},"end":{"line":32,"column":53}},"type":"binary-expr","locations":[{"start":{"line":32,"column":10},"end":{"line":32,"column":18}},{"start":{"line":32,"column":22},"end":{"line":32,"column":53}}]},"6":{"loc":{"start":{"line":44,"column":4},"end":{"line":48,"column":5}},"type":"if","locations":[{"start":{"line":44,"column":4},"end":{"line":48,"column":5}}]},"7":{"loc":{"start":{"line":57,"column":28},"end":{"line":78,"column":12}},"type":"cond-expr","locations":[{"start":{"line":58,"column":10},"end":{"line":65,"column":null}},{"start":{"line":66,"column":10},"end":{"line":78,"column":12}}]},"8":{"loc":{"start":{"line":80,"column":6},"end":{"line":93,"column":7}},"type":"if","locations":[{"start":{"line":80,"column":6},"end":{"line":93,"column":7}},{"start":{"line":91,"column":13},"end":{"line":93,"column":7}}]},"9":{"loc":{"start":{"line":110,"column":6},"end":{"line":134,"column":7}},"type":"if","locations":[{"start":{"line":110,"column":6},"end":{"line":134,"column":7}}]},"10":{"loc":{"start":{"line":112,"column":8},"end":{"line":112,"column":68}},"type":"if","locations":[{"start":{"line":112,"column":8},"end":{"line":112,"column":68}}]},"11":{"loc":{"start":{"line":113,"column":8},"end":{"line":117,"column":9}},"type":"if","locations":[{"start":{"line":113,"column":8},"end":{"line":117,"column":9}}]},"12":{"loc":{"start":{"line":157,"column":6},"end":{"line":157,"column":40}},"type":"if","locations":[{"start":{"line":157,"column":6},"end":{"line":157,"column":40}}]},"13":{"loc":{"start":{"line":177,"column":32},"end":{"line":177,"column":54}},"type":"binary-expr","locations":[{"start":{"line":177,"column":32},"end":{"line":177,"column":49}},{"start":{"line":177,"column":53},"end":{"line":177,"column":54}}]},"14":{"loc":{"start":{"line":178,"column":31},"end":{"line":178,"column":52}},"type":"binary-expr","locations":[{"start":{"line":178,"column":31},"end":{"line":178,"column":47}},{"start":{"line":178,"column":51},"end":{"line":178,"column":52}}]},"15":{"loc":{"start":{"line":180,"column":4},"end":{"line":182,"column":5}},"type":"if","locations":[{"start":{"line":180,"column":4},"end":{"line":182,"column":5}}]},"16":{"loc":{"start":{"line":19,"column":33},"end":{"line":19,"column":null}},"type":"cond-expr","locations":[{"start":{"line":19,"column":43},"end":{"line":19,"column":null}},{"start":{"line":19,"column":43},"end":{"line":19,"column":null}}]},"17":{"loc":{"start":{"line":19,"column":33},"end":{"line":19,"column":43}},"type":"binary-expr","locations":[{"start":{"line":19,"column":33},"end":{"line":19,"column":null}},{"start":{"line":19,"column":33},"end":{"line":19,"column":43}}]},"18":{"loc":{"start":{"line":19,"column":43},"end":{"line":20,"column":null}},"type":"cond-expr","locations":[{"start":{"line":20,"column":44},"end":{"line":20,"column":null}},{"start":{"line":20,"column":44},"end":{"line":20,"column":null}}]},"19":{"loc":{"start":{"line":19,"column":43},"end":{"line":20,"column":44}},"type":"binary-expr","locations":[{"start":{"line":19,"column":43},"end":{"line":20,"column":null}},{"start":{"line":20,"column":27},"end":{"line":20,"column":44}}]},"20":{"loc":{"start":{"line":20,"column":44},"end":{"line":21,"column":null}},"type":"cond-expr","locations":[{"start":{"line":21,"column":57},"end":{"line":21,"column":null}},{"start":{"line":21,"column":57},"end":{"line":21,"column":null}}]},"21":{"loc":{"start":{"line":20,"column":44},"end":{"line":21,"column":57}},"type":"binary-expr","locations":[{"start":{"line":20,"column":44},"end":{"line":21,"column":null}},{"start":{"line":21,"column":40},"end":{"line":21,"column":57}}]}},"s":{"0":3,"1":3,"2":3,"3":3,"4":3,"5":3,"6":3,"7":3,"8":3,"9":3,"10":3,"11":8,"12":8,"13":8,"14":8,"15":0,"16":0,"17":0,"18":0,"19":0,"20":0,"21":0,"22":0,"23":0,"24":0,"25":0,"26":0,"27":0,"28":0,"29":0,"30":0,"31":0,"32":0,"33":0,"34":0,"35":0,"36":0,"37":0,"38":0,"39":0,"40":0,"41":0,"42":0,"43":0,"44":0,"45":0,"46":0,"47":0,"48":0,"49":0,"50":0,"51":0,"52":0,"53":0,"54":0,"55":0,"56":0,"57":0,"58":0,"59":0,"60":0,"61":3,"62":3},"f":{"0":8,"1":0,"2":0,"3":0,"4":0,"5":0,"6":0,"7":0,"8":0,"9":0},"b":{"0":[0],"1":[0,0],"2":[0],"3":[0,0],"4":[0],"5":[0,0],"6":[0],"7":[0,0],"8":[0,0],"9":[0],"10":[0],"11":[0],"12":[0],"13":[0,0],"14":[0,0],"15":[0],"16":[3,0],"17":[3,3],"18":[3,0],"19":[3,3],"20":[3,0],"21":[3,3]}}
,"C:\\Users\\4A\\Desktop\\ExampleHR\\apps\\time-off-service\\src\\modules\\balance\\entities\\balance-change-log.entity.ts": {"path":"C:\\Users\\4A\\Desktop\\ExampleHR\\apps\\time-off-service\\src\\modules\\balance\\entities\\balance-change-log.entity.ts","statementMap":{"0":{"start":{"line":1,"column":0},"end":{"line":1,"column":63}},"1":{"start":{"line":3,"column":0},"end":{"line":3,"column":71}},"2":{"start":{"line":8,"column":7},"end":{"line":47,"column":null}},"3":{"start":{"line":8,"column":13},"end":{"line":8,"column":29}},"4":{"start":{"line":10,"column":2},"end":{"line":10,"column":null}},"5":{"start":{"line":13,"column":2},"end":{"line":13,"column":null}},"6":{"start":{"line":16,"column":2},"end":{"line":16,"column":null}},"7":{"start":{"line":19,"column":2},"end":{"line":19,"column":null}},"8":{"start":{"line":22,"column":2},"end":{"line":22,"column":null}},"9":{"start":{"line":25,"column":2},"end":{"line":25,"column":null}},"10":{"start":{"line":28,"column":2},"end":{"line":28,"column":null}},"11":{"start":{"line":31,"column":2},"end":{"line":31,"column":null}},"12":{"start":{"line":34,"column":2},"end":{"line":34,"column":null}},"13":{"start":{"line":37,"column":2},"end":{"line":37,"column":null}},"14":{"start":{"line":40,"column":2},"end":{"line":40,"column":null}},"15":{"start":{"line":43,"column":2},"end":{"line":43,"column":null}},"16":{"start":{"line":46,"column":2},"end":{"line":46,"column":null}},"17":{"start":{"line":8,"column":13},"end":{"line":47,"column":null}}},"fnMap":{},"branchMap":{"0":{"loc":{"start":{"line":22,"column":14},"end":{"line":22,"column":24}},"type":"cond-expr","locations":[{"start":{"line":22,"column":23},"end":{"line":22,"column":24}},{"start":{"line":22,"column":23},"end":{"line":22,"column":24}}]},"1":{"loc":{"start":{"line":22,"column":14},"end":{"line":22,"column":23}},"type":"binary-expr","locations":[{"start":{"line":22,"column":14},"end":{"line":22,"column":24}},{"start":{"line":22,"column":14},"end":{"line":22,"column":23}}]},"2":{"loc":{"start":{"line":37,"column":11},"end":{"line":37,"column":31}},"type":"cond-expr","locations":[{"start":{"line":37,"column":30},"end":{"line":37,"column":31}},{"start":{"line":37,"column":30},"end":{"line":37,"column":31}}]},"3":{"loc":{"start":{"line":37,"column":11},"end":{"line":37,"column":30}},"type":"binary-expr","locations":[{"start":{"line":37,"column":11},"end":{"line":37,"column":31}},{"start":{"line":37,"column":11},"end":{"line":37,"column":30}}]}},"s":{"0":3,"1":3,"2":3,"3":3,"4":3,"5":3,"6":3,"7":3,"8":3,"9":3,"10":3,"11":3,"12":3,"13":3,"14":3,"15":3,"16":3,"17":3},"f":{},"b":{"0":[0,3],"1":[3,3],"2":[0,3],"3":[3,3]}}
,"C:\\Users\\4A\\Desktop\\ExampleHR\\apps\\time-off-service\\src\\modules\\balance\\entities\\balance.entity.ts": {"path":"C:\\Users\\4A\\Desktop\\ExampleHR\\apps\\time-off-service\\src\\modules\\balance\\entities\\balance.entity.ts","statementMap":{"0":{"start":{"line":1,"column":0},"end":{"line":1,"column":71}},"1":{"start":{"line":3,"column":0},"end":{"line":3,"column":50}},"2":{"start":{"line":8,"column":7},"end":{"line":41,"column":null}},"3":{"start":{"line":8,"column":13},"end":{"line":8,"column":20}},"4":{"start":{"line":10,"column":2},"end":{"line":10,"column":null}},"5":{"start":{"line":13,"column":2},"end":{"line":13,"column":null}},"6":{"start":{"line":16,"column":2},"end":{"line":16,"column":null}},"7":{"start":{"line":19,"column":2},"end":{"line":19,"column":null}},"8":{"start":{"line":22,"column":2},"end":{"line":22,"column":null}},"9":{"start":{"line":25,"column":2},"end":{"line":25,"column":null}},"10":{"start":{"line":28,"column":2},"end":{"line":28,"column":null}},"11":{"start":{"line":31,"column":2},"end":{"line":31,"column":null}},"12":{"start":{"line":34,"column":2},"end":{"line":34,"column":null}},"13":{"start":{"line":37,"column":2},"end":{"line":37,"column":null}},"14":{"start":{"line":40,"column":2},"end":{"line":40,"column":null}},"15":{"start":{"line":8,"column":13},"end":{"line":41,"column":null}}},"fnMap":{},"branchMap":{"0":{"loc":{"start":{"line":19,"column":14},"end":{"line":19,"column":24}},"type":"cond-expr","locations":[{"start":{"line":19,"column":23},"end":{"line":19,"column":24}},{"start":{"line":19,"column":23},"end":{"line":19,"column":24}}]},"1":{"loc":{"start":{"line":19,"column":14},"end":{"line":19,"column":23}},"type":"binary-expr","locations":[{"start":{"line":19,"column":14},"end":{"line":19,"column":24}},{"start":{"line":19,"column":14},"end":{"line":19,"column":23}}]}},"s":{"0":3,"1":3,"2":3,"3":3,"4":3,"5":3,"6":3,"7":3,"8":3,"9":3,"10":3,"11":3,"12":3,"13":3,"14":3,"15":3},"f":{},"b":{"0":[0,3],"1":[3,3]}}
,"C:\\Users\\4A\\Desktop\\ExampleHR\\apps\\time-off-service\\src\\modules\\hcm-client\\hcm-balance-fetcher.service.ts": {"path":"C:\\Users\\4A\\Desktop\\ExampleHR\\apps\\time-off-service\\src\\modules\\hcm-client\\hcm-balance-fetcher.service.ts","statementMap":{"0":{"start":{"line":1,"column":0},"end":{"line":1,"column":44}},"1":{"start":{"line":3,"column":0},"end":{"line":3,"column":49}},"2":{"start":{"line":7,"column":7},"end":{"line":20,"column":null}},"3":{"start":{"line":8,"column":31},"end":{"line":8,"column":36}},"4":{"start":{"line":15,"column":4},"end":{"line":18,"column":6}},"5":{"start":{"line":16,"column":12},"end":{"line":16,"column":91}},"6":{"start":{"line":7,"column":13},"end":{"line":7,"column":30}},"7":{"start":{"line":7,"column":13},"end":{"line":20,"column":null}}},"fnMap":{"0":{"name":"(anonymous_2)","decl":{"start":{"line":8,"column":2},"end":{"line":8,"column":31}},"loc":{"start":{"line":8,"column":45},"end":{"line":8,"column":49}}},"1":{"name":"(anonymous_3)","decl":{"start":{"line":10,"column":2},"end":{"line":10,"column":12}},"loc":{"start":{"line":13,"column":21},"end":{"line":19,"column":3}}},"2":{"name":"(anonymous_4)","decl":{"start":{"line":16,"column":6},"end":{"line":16,"column":9}},"loc":{"start":{"line":16,"column":12},"end":{"line":16,"column":91}}}},"branchMap":{"0":{"loc":{"start":{"line":8,"column":36},"end":{"line":8,"column":48}},"type":"cond-expr","locations":[{"start":{"line":8,"column":45},"end":{"line":8,"column":48}},{"start":{"line":8,"column":45},"end":{"line":8,"column":48}}]},"1":{"loc":{"start":{"line":8,"column":36},"end":{"line":8,"column":45}},"type":"binary-expr","locations":[{"start":{"line":8,"column":36},"end":{"line":8,"column":48}},{"start":{"line":8,"column":36},"end":{"line":8,"column":45}}]}},"s":{"0":3,"1":3,"2":3,"3":8,"4":0,"5":0,"6":3,"7":3},"f":{"0":8,"1":0,"2":0},"b":{"0":[3,0],"1":[3,3]}}
,"C:\\Users\\4A\\Desktop\\ExampleHR\\apps\\time-off-service\\src\\modules\\hcm-client\\hcm-client.module.ts": {"path":"C:\\Users\\4A\\Desktop\\ExampleHR\\apps\\time-off-service\\src\\modules\\hcm-client\\hcm-client.module.ts","statementMap":{"0":{"start":{"line":1,"column":0},"end":{"line":1,"column":40}},"1":{"start":{"line":2,"column":0},"end":{"line":2,"column":46}},"2":{"start":{"line":4,"column":0},"end":{"line":4,"column":66}},"3":{"start":{"line":5,"column":0},"end":{"line":5,"column":49}},"4":{"start":{"line":6,"column":0},"end":{"line":6,"column":68}},"5":{"start":{"line":13,"column":7},"end":{"line":13,"column":null}},"6":{"start":{"line":13,"column":13},"end":{"line":13,"column":28}},"7":{"start":{"line":13,"column":13},"end":{"line":13,"column":null}}},"fnMap":{},"branchMap":{},"s":{"0":3,"1":3,"2":3,"3":3,"4":3,"5":3,"6":3,"7":3},"f":{},"b":{}}
,"C:\\Users\\4A\\Desktop\\ExampleHR\\apps\\time-off-service\\src\\modules\\hcm-client\\hcm-client.service.ts": {"path":"C:\\Users\\4A\\Desktop\\ExampleHR\\apps\\time-off-service\\src\\modules\\hcm-client\\hcm-client.service.ts","statementMap":{"0":{"start":{"line":1,"column":0},"end":{"line":1,"column":44}},"1":{"start":{"line":2,"column":0},"end":{"line":2,"column":47}},"2":{"start":{"line":3,"column":0},"end":{"line":3,"column":70}},"3":{"start":{"line":8,"column":7},"end":{"line":52,"column":null}},"4":{"start":{"line":11,"column":31},"end":{"line":11,"column":39}},"5":{"start":{"line":12,"column":20},"end":{"line":12,"column":86}},"6":{"start":{"line":13,"column":4},"end":{"line":13,"column":42}},"7":{"start":{"line":17,"column":4},"end":{"line":17,"column":21}},"8":{"start":{"line":24,"column":47},"end":{"line":24,"column":51}},"9":{"start":{"line":25,"column":4},"end":{"line":50,"column":5}},"10":{"start":{"line":26,"column":23},"end":{"line":31,"column":8}},"11":{"start":{"line":29,"column":10},"end":{"line":29,"column":83}},"12":{"start":{"line":29,"column":43},"end":{"line":29,"column":75}},"13":{"start":{"line":32,"column":6},"end":{"line":32,"column":81}},"14":{"start":{"line":34,"column":6},"end":{"line":36,"column":7}},"15":{"start":{"line":35,"column":8},"end":{"line":35,"column":53}},"16":{"start":{"line":37,"column":6},"end":{"line":45,"column":7}},"17":{"start":{"line":38,"column":33},"end":{"line":38,"column":45}},"18":{"start":{"line":39,"column":8},"end":{"line":44,"column":10}},"19":{"start":{"line":46,"column":6},"end":{"line":46,"column":19}},"20":{"start":{"line":47,"column":6},"end":{"line":47,"column":57}},"21":{"start":{"line":49,"column":6},"end":{"line":49,"column":53}},"22":{"start":{"line":49,"column":25},"end":{"line":49,"column":53}},"23":{"start":{"line":8,"column":13},"end":{"line":8,"column":22}},"24":{"start":{"line":8,"column":13},"end":{"line":52,"column":null}}},"fnMap":{"0":{"name":"(anonymous_3)","decl":{"start":{"line":11,"column":2},"end":{"line":11,"column":31}},"loc":{"start":{"line":11,"column":52},"end":{"line":14,"column":3}}},"1":{"name":"(anonymous_4)","decl":{"start":{"line":16,"column":2},"end":{"line":16,"column":6}},"loc":{"start":{"line":16,"column":11},"end":{"line":18,"column":3}}},"2":{"name":"(anonymous_5)","decl":{"start":{"line":20,"column":2},"end":{"line":20,"column":7}},"loc":{"start":{"line":22,"column":19},"end":{"line":51,"column":3}}},"3":{"name":"(anonymous_6)","decl":{"start":{"line":28,"column":27},"end":{"line":28,"column":28}},"loc":{"start":{"line":28,"column":41},"end":{"line":30,"column":9}}},"4":{"name":"(anonymous_7)","decl":{"start":{"line":29,"column":37},"end":{"line":29,"column":40}},"loc":{"start":{"line":29,"column":43},"end":{"line":29,"column":75}}}},"branchMap":{"0":{"loc":{"start":{"line":12,"column":20},"end":{"line":12,"column":86}},"type":"binary-expr","locations":[{"start":{"line":12,"column":20},"end":{"line":12,"column":59}},{"start":{"line":12,"column":63},"end":{"line":12,"column":86}}]},"1":{"loc":{"start":{"line":34,"column":6},"end":{"line":36,"column":7}},"type":"if","locations":[{"start":{"line":34,"column":6},"end":{"line":36,"column":7}}]},"2":{"loc":{"start":{"line":37,"column":6},"end":{"line":45,"column":7}},"type":"if","locations":[{"start":{"line":37,"column":6},"end":{"line":45,"column":7}}]},"3":{"loc":{"start":{"line":41,"column":18},"end":{"line":41,"column":65}},"type":"cond-expr","locations":[{"start":{"line":41,"column":34},"end":{"line":41,"column":48}},{"start":{"line":41,"column":51},"end":{"line":41,"column":65}}]},"4":{"loc":{"start":{"line":49,"column":6},"end":{"line":49,"column":53}},"type":"if","locations":[{"start":{"line":49,"column":6},"end":{"line":49,"column":53}}]},"5":{"loc":{"start":{"line":11,"column":39},"end":{"line":11,"column":null}},"type":"cond-expr","locations":[{"start":{"line":11,"column":52},"end":{"line":11,"column":null}},{"start":{"line":11,"column":52},"end":{"line":11,"column":null}}]},"6":{"loc":{"start":{"line":11,"column":39},"end":{"line":11,"column":52}},"type":"binary-expr","locations":[{"start":{"line":11,"column":39},"end":{"line":11,"column":null}},{"start":{"line":11,"column":39},"end":{"line":11,"column":52}}]}},"s":{"0":3,"1":3,"2":3,"3":3,"4":5,"5":5,"6":5,"7":4,"8":4,"9":4,"10":4,"11":4,"12":0,"13":3,"14":1,"15":0,"16":1,"17":1,"18":1,"19":0,"20":0,"21":4,"22":4,"23":3,"24":3},"f":{"0":5,"1":4,"2":4,"3":4,"4":0},"b":{"0":[5,1],"1":[0],"2":[1],"3":[1,0],"4":[4],"5":[3,0],"6":[3,3]}}
,"C:\\Users\\4A\\Desktop\\ExampleHR\\apps\\time-off-service\\src\\modules\\hcm-client\\hcm-deduction-writer.service.ts": {"path":"C:\\Users\\4A\\Desktop\\ExampleHR\\apps\\time-off-service\\src\\modules\\hcm-client\\hcm-deduction-writer.service.ts","statementMap":{"0":{"start":{"line":1,"column":0},"end":{"line":1,"column":44}},"1":{"start":{"line":3,"column":0},"end":{"line":3,"column":49}},"2":{"start":{"line":7,"column":7},"end":{"line":23,"column":null}},"3":{"start":{"line":8,"column":31},"end":{"line":8,"column":36}},"4":{"start":{"line":11,"column":4},"end":{"line":14,"column":6}},"5":{"start":{"line":12,"column":12},"end":{"line":12,"column":67}},"6":{"start":{"line":18,"column":4},"end":{"line":21,"column":6}},"7":{"start":{"line":19,"column":12},"end":{"line":19,"column":68}},"8":{"start":{"line":7,"column":13},"end":{"line":7,"column":31}},"9":{"start":{"line":7,"column":13},"end":{"line":23,"column":null}}},"fnMap":{"0":{"name":"(anonymous_2)","decl":{"start":{"line":8,"column":2},"end":{"line":8,"column":31}},"loc":{"start":{"line":8,"column":45},"end":{"line":8,"column":49}}},"1":{"name":"(anonymous_3)","decl":{"start":{"line":10,"column":2},"end":{"line":10,"column":8}},"loc":{"start":{"line":10,"column":31},"end":{"line":15,"column":3}}},"2":{"name":"(anonymous_4)","decl":{"start":{"line":12,"column":6},"end":{"line":12,"column":9}},"loc":{"start":{"line":12,"column":12},"end":{"line":12,"column":67}}},"3":{"name":"(anonymous_5)","decl":{"start":{"line":17,"column":2},"end":{"line":17,"column":9}},"loc":{"start":{"line":17,"column":33},"end":{"line":22,"column":3}}},"4":{"name":"(anonymous_6)","decl":{"start":{"line":19,"column":6},"end":{"line":19,"column":9}},"loc":{"start":{"line":19,"column":12},"end":{"line":19,"column":68}}}},"branchMap":{"0":{"loc":{"start":{"line":8,"column":36},"end":{"line":8,"column":48}},"type":"cond-expr","locations":[{"start":{"line":8,"column":45},"end":{"line":8,"column":48}},{"start":{"line":8,"column":45},"end":{"line":8,"column":48}}]},"1":{"loc":{"start":{"line":8,"column":36},"end":{"line":8,"column":45}},"type":"binary-expr","locations":[{"start":{"line":8,"column":36},"end":{"line":8,"column":48}},{"start":{"line":8,"column":36},"end":{"line":8,"column":45}}]}},"s":{"0":3,"1":3,"2":3,"3":8,"4":0,"5":0,"6":0,"7":0,"8":3,"9":3},"f":{"0":8,"1":0,"2":0,"3":0,"4":0},"b":{"0":[3,0],"1":[3,3]}}
,"C:\\Users\\4A\\Desktop\\ExampleHR\\apps\\time-off-service\\src\\modules\\idempotency\\idempotency.cleanup.ts": {"path":"C:\\Users\\4A\\Desktop\\ExampleHR\\apps\\time-off-service\\src\\modules\\idempotency\\idempotency.cleanup.ts","statementMap":{"0":{"start":{"line":1,"column":0},"end":{"line":1,"column":44}},"1":{"start":{"line":2,"column":0},"end":{"line":2,"column":40}},"2":{"start":{"line":4,"column":0},"end":{"line":4,"column":65}},"3":{"start":{"line":7,"column":7},"end":{"line":14,"column":null}},"4":{"start":{"line":8,"column":31},"end":{"line":8,"column":37}},"5":{"start":{"line":12,"column":4},"end":{"line":12,"column":60}},"6":{"start":{"line":7,"column":13},"end":{"line":7,"column":34}},"7":{"start":{"line":11,"column":8},"end":{"line":13,"column":null}},"8":{"start":{"line":7,"column":13},"end":{"line":14,"column":null}}},"fnMap":{"0":{"name":"(anonymous_2)","decl":{"start":{"line":8,"column":2},"end":{"line":8,"column":31}},"loc":{"start":{"line":8,"column":58},"end":{"line":8,"column":62}}},"1":{"name":"(anonymous_3)","decl":{"start":{"line":11,"column":2},"end":{"line":11,"column":7}},"loc":{"start":{"line":11,"column":15},"end":{"line":13,"column":3}}}},"branchMap":{"0":{"loc":{"start":{"line":11,"column":19},"end":{"line":11,"column":null}},"type":"cond-expr","locations":[{"start":{"line":11,"column":26},"end":{"line":11,"column":null}},{"start":{"line":11,"column":26},"end":{"line":11,"column":null}}]},"1":{"loc":{"start":{"line":11,"column":19},"end":{"line":11,"column":26}},"type":"binary-expr","locations":[{"start":{"line":11,"column":19},"end":{"line":11,"column":null}},{"start":{"line":11,"column":19},"end":{"line":11,"column":26}}]},"2":{"loc":{"start":{"line":8,"column":37},"end":{"line":8,"column":61}},"type":"cond-expr","locations":[{"start":{"line":8,"column":58},"end":{"line":8,"column":61}},{"start":{"line":8,"column":58},"end":{"line":8,"column":61}}]},"3":{"loc":{"start":{"line":8,"column":37},"end":{"line":8,"column":58}},"type":"binary-expr","locations":[{"start":{"line":8,"column":37},"end":{"line":8,"column":61}},{"start":{"line":8,"column":37},"end":{"line":8,"column":58}}]}},"s":{"0":3,"1":3,"2":3,"3":3,"4":8,"5":0,"6":3,"7":3,"8":3},"f":{"0":8,"1":0},"b":{"0":[3,0],"1":[3,3],"2":[3,0],"3":[3,3]}}
,"C:\\Users\\4A\\Desktop\\ExampleHR\\apps\\time-off-service\\src\\modules\\idempotency\\idempotency.interceptor.ts": {"path":"C:\\Users\\4A\\Desktop\\ExampleHR\\apps\\time-off-service\\src\\modules\\idempotency\\idempotency.interceptor.ts","statementMap":{"0":{"start":{"line":1,"column":0},"end":{"line":1,"column":null}},"1":{"start":{"line":9,"column":0},"end":{"line":9,"column":94}},"2":{"start":{"line":11,"column":0},"end":{"line":11,"column":65}},"3":{"start":{"line":14,"column":2},"end":{"line":14,"column":94}},"4":{"start":{"line":18,"column":2},"end":{"line":18,"column":80}},"5":{"start":{"line":18,"column":51},"end":{"line":18,"column":80}},"6":{"start":{"line":19,"column":2},"end":{"line":19,"column":74}},"7":{"start":{"line":19,"column":28},"end":{"line":19,"column":74}},"8":{"start":{"line":20,"column":14},"end":{"line":20,"column":46}},"9":{"start":{"line":21,"column":15},"end":{"line":21,"column":38}},"10":{"start":{"line":22,"column":2},"end":{"line":22,"column":88}},"11":{"start":{"line":22,"column":29},"end":{"line":22,"column":73}},"12":{"start":{"line":27,"column":37},"end":{"line":27,"column":69}},"13":{"start":{"line":29,"column":31},"end":{"line":29,"column":48}},"14":{"start":{"line":32,"column":17},"end":{"line":32,"column":39}},"15":{"start":{"line":33,"column":16},"end":{"line":33,"column":38}},"16":{"start":{"line":34,"column":16},"end":{"line":34,"column":39}},"17":{"start":{"line":36,"column":4},"end":{"line":36,"column":53}},"18":{"start":{"line":36,"column":32},"end":{"line":36,"column":53}},"19":{"start":{"line":38,"column":16},"end":{"line":38,"column":49}},"20":{"start":{"line":39,"column":4},"end":{"line":39,"column":82}},"21":{"start":{"line":39,"column":14},"end":{"line":39,"column":82}},"22":{"start":{"line":40,"column":4},"end":{"line":40,"column":89}},"23":{"start":{"line":40,"column":24},"end":{"line":40,"column":89}},"24":{"start":{"line":42,"column":24},"end":{"line":42,"column":44}},"25":{"start":{"line":43,"column":16},"end":{"line":43,"column":26}},"26":{"start":{"line":44,"column":22},"end":{"line":44,"column":81}},"27":{"start":{"line":45,"column":22},"end":{"line":45,"column":39}},"28":{"start":{"line":47,"column":29},"end":{"line":58,"column":5}},"29":{"start":{"line":48,"column":21},"end":{"line":48,"column":62}},"30":{"start":{"line":49,"column":6},"end":{"line":49,"column":54}},"31":{"start":{"line":49,"column":41},"end":{"line":49,"column":54}},"32":{"start":{"line":50,"column":6},"end":{"line":55,"column":7}},"33":{"start":{"line":51,"column":8},"end":{"line":54,"column":11}},"34":{"start":{"line":56,"column":6},"end":{"line":56,"column":88}},"35":{"start":{"line":57,"column":6},"end":{"line":57,"column":18}},"36":{"start":{"line":60,"column":27},"end":{"line":60,"column":67}},"37":{"start":{"line":61,"column":4},"end":{"line":66,"column":5}},"38":{"start":{"line":62,"column":6},"end":{"line":65,"column":8}},"39":{"start":{"line":63,"column":24},"end":{"line":63,"column":48}},"40":{"start":{"line":64,"column":32},"end":{"line":64,"column":66}},"41":{"start":{"line":68,"column":21},"end":{"line":74,"column":8}},"42":{"start":{"line":70,"column":22},"end":{"line":72,"column":8}},"43":{"start":{"line":71,"column":8},"end":{"line":71,"column":24}},"44":{"start":{"line":73,"column":6},"end":{"line":73,"column":34}},"45":{"start":{"line":75,"column":4},"end":{"line":75,"column":63}},"46":{"start":{"line":77,"column":4},"end":{"line":123,"column":6}},"47":{"start":{"line":79,"column":8},"end":{"line":88,"column":9}},"48":{"start":{"line":80,"column":10},"end":{"line":85,"column":11}},"49":{"start":{"line":81,"column":12},"end":{"line":84,"column":15}},"50":{"start":{"line":86,"column":10},"end":{"line":86,"column":96}},"51":{"start":{"line":87,"column":10},"end":{"line":87,"column":44}},"52":{"start":{"line":90,"column":8},"end":{"line":93,"column":9}},"53":{"start":{"line":91,"column":29},"end":{"line":91,"column":89}},"54":{"start":{"line":92,"column":10},"end":{"line":92,"column":71}},"55":{"start":{"line":92,"column":32},"end":{"line":92,"column":71}},"56":{"start":{"line":95,"column":8},"end":{"line":95,"column":92}},"57":{"start":{"line":96,"column":8},"end":{"line":96,"column":36}},"58":{"start":{"line":97,"column":8},"end":{"line":97,"column":48}},"59":{"start":{"line":98,"column":8},"end":{"line":98,"column":43}},"60":{"start":{"line":101,"column":8},"end":{"line":101,"column":41}},"61":{"start":{"line":101,"column":25},"end":{"line":101,"column":41}},"62":{"start":{"line":102,"column":8},"end":{"line":117,"column":10}},"63":{"start":{"line":104,"column":12},"end":{"line":110,"column":43}},"64":{"start":{"line":110,"column":29},"end":{"line":110,"column":41}},"65":{"start":{"line":113,"column":12},"end":{"line":114,"column":null}},"66":{"start":{"line":113,"column":62},"end":{"line":113,"column":71}},"67":{"start":{"line":114,"column":30},"end":{"line":114,"column":51}},"68":{"start":{"line":114,"column":47},"end":{"line":114,"column":50}},"69":{"start":{"line":120,"column":8},"end":{"line":120,"column":52}},"70":{"start":{"line":121,"column":8},"end":{"line":121,"column":27}},"71":{"start":{"line":26,"column":13},"end":{"line":26,"column":35}},"72":{"start":{"line":26,"column":13},"end":{"line":125,"column":null}}},"fnMap":{"0":{"name":"isUuidV4","decl":{"start":{"line":13,"column":9},"end":{"line":13,"column":17}},"loc":{"start":{"line":13,"column":31},"end":{"line":15,"column":1}}},"1":{"name":"stableJson","decl":{"start":{"line":17,"column":9},"end":{"line":17,"column":19}},"loc":{"start":{"line":17,"column":34},"end":{"line":23,"column":1}}},"2":{"name":"(anonymous_4)","decl":{"start":{"line":22,"column":22},"end":{"line":22,"column":23}},"loc":{"start":{"line":22,"column":29},"end":{"line":22,"column":73}}},"3":{"name":"(anonymous_5)","decl":{"start":{"line":29,"column":2},"end":{"line":29,"column":31}},"loc":{"start":{"line":29,"column":69},"end":{"line":29,"column":73}}},"4":{"name":"(anonymous_6)","decl":{"start":{"line":31,"column":2},"end":{"line":31,"column":11}},"loc":{"start":{"line":31,"column":56},"end":{"line":124,"column":3}}},"5":{"name":"(anonymous_7)","decl":{"start":{"line":47,"column":29},"end":{"line":47,"column":34}},"loc":{"start":{"line":47,"column":58},"end":{"line":58,"column":5}}},"6":{"name":"(anonymous_8)","decl":{"start":{"line":63,"column":18},"end":{"line":63,"column":21}},"loc":{"start":{"line":63,"column":24},"end":{"line":63,"column":48}}},"7":{"name":"(anonymous_9)","decl":{"start":{"line":64,"column":18},"end":{"line":64,"column":19}},"loc":{"start":{"line":64,"column":32},"end":{"line":64,"column":66}}},"8":{"name":"(anonymous_10)","decl":{"start":{"line":68,"column":22},"end":{"line":68,"column":25}},"loc":{"start":{"line":68,"column":27},"end":{"line":74,"column":5}}},"9":{"name":"(anonymous_11)","decl":{"start":{"line":70,"column":40},"end":{"line":70,"column":41}},"loc":{"start":{"line":70,"column":50},"end":{"line":72,"column":7}}},"10":{"name":"(anonymous_12)","decl":{"start":{"line":78,"column":16},"end":{"line":78,"column":21}},"loc":{"start":{"line":78,"column":35},"end":{"line":99,"column":7}}},"11":{"name":"(anonymous_13)","decl":{"start":{"line":100,"column":16},"end":{"line":100,"column":17}},"loc":{"start":{"line":100,"column":24},"end":{"line":118,"column":7}}},"12":{"name":"(anonymous_14)","decl":{"start":{"line":103,"column":20},"end":{"line":103,"column":21}},"loc":{"start":{"line":104,"column":12},"end":{"line":110,"column":43}}},"13":{"name":"(anonymous_15)","decl":{"start":{"line":110,"column":23},"end":{"line":110,"column":26}},"loc":{"start":{"line":110,"column":29},"end":{"line":110,"column":41}}},"14":{"name":"(anonymous_16)","decl":{"start":{"line":112,"column":21},"end":{"line":112,"column":22}},"loc":{"start":{"line":113,"column":12},"end":{"line":114,"column":null}}},"15":{"name":"(anonymous_17)","decl":{"start":{"line":113,"column":56},"end":{"line":113,"column":59}},"loc":{"start":{"line":113,"column":62},"end":{"line":113,"column":71}}},"16":{"name":"(anonymous_18)","decl":{"start":{"line":114,"column":24},"end":{"line":114,"column":27}},"loc":{"start":{"line":114,"column":30},"end":{"line":114,"column":51}}},"17":{"name":"(anonymous_19)","decl":{"start":{"line":114,"column":41},"end":{"line":114,"column":44}},"loc":{"start":{"line":114,"column":47},"end":{"line":114,"column":50}}},"18":{"name":"(anonymous_20)","decl":{"start":{"line":119,"column":15},"end":{"line":119,"column":18}},"loc":{"start":{"line":119,"column":20},"end":{"line":122,"column":7}}}},"branchMap":{"0":{"loc":{"start":{"line":18,"column":2},"end":{"line":18,"column":80}},"type":"if","locations":[{"start":{"line":18,"column":2},"end":{"line":18,"column":80}}]},"1":{"loc":{"start":{"line":18,"column":6},"end":{"line":18,"column":49}},"type":"binary-expr","locations":[{"start":{"line":18,"column":6},"end":{"line":18,"column":20}},{"start":{"line":18,"column":24},"end":{"line":18,"column":49}}]},"2":{"loc":{"start":{"line":19,"column":2},"end":{"line":19,"column":74}},"type":"if","locations":[{"start":{"line":19,"column":2},"end":{"line":19,"column":74}}]},"3":{"loc":{"start":{"line":36,"column":4},"end":{"line":36,"column":53}},"type":"if","locations":[{"start":{"line":36,"column":4},"end":{"line":36,"column":53}}]},"4":{"loc":{"start":{"line":39,"column":4},"end":{"line":39,"column":82}},"type":"if","locations":[{"start":{"line":39,"column":4},"end":{"line":39,"column":82}}]},"5":{"loc":{"start":{"line":40,"column":4},"end":{"line":40,"column":89}},"type":"if","locations":[{"start":{"line":40,"column":4},"end":{"line":40,"column":89}}]},"6":{"loc":{"start":{"line":49,"column":6},"end":{"line":49,"column":54}},"type":"if","locations":[{"start":{"line":49,"column":6},"end":{"line":49,"column":54}}]},"7":{"loc":{"start":{"line":50,"column":6},"end":{"line":55,"column":7}},"type":"if","locations":[{"start":{"line":50,"column":6},"end":{"line":55,"column":7}}]},"8":{"loc":{"start":{"line":56,"column":56},"end":{"line":56,"column":85}},"type":"binary-expr","locations":[{"start":{"line":56,"column":56},"end":{"line":56,"column":75}},{"start":{"line":56,"column":79},"end":{"line":56,"column":85}}]},"9":{"loc":{"start":{"line":61,"column":4},"end":{"line":66,"column":5}},"type":"if","locations":[{"start":{"line":61,"column":4},"end":{"line":66,"column":5}}]},"10":{"loc":{"start":{"line":64,"column":32},"end":{"line":64,"column":66}},"type":"cond-expr","locations":[{"start":{"line":64,"column":42},"end":{"line":64,"column":50}},{"start":{"line":64,"column":53},"end":{"line":64,"column":66}}]},"11":{"loc":{"start":{"line":79,"column":8},"end":{"line":88,"column":9}},"type":"if","locations":[{"start":{"line":79,"column":8},"end":{"line":88,"column":9}}]},"12":{"loc":{"start":{"line":80,"column":10},"end":{"line":85,"column":11}},"type":"if","locations":[{"start":{"line":80,"column":10},"end":{"line":85,"column":11}}]},"13":{"loc":{"start":{"line":86,"column":62},"end":{"line":86,"column":93}},"type":"binary-expr","locations":[{"start":{"line":86,"column":62},"end":{"line":86,"column":83}},{"start":{"line":86,"column":87},"end":{"line":86,"column":93}}]},"14":{"loc":{"start":{"line":90,"column":8},"end":{"line":93,"column":9}},"type":"if","locations":[{"start":{"line":90,"column":8},"end":{"line":93,"column":9}}]},"15":{"loc":{"start":{"line":92,"column":10},"end":{"line":92,"column":71}},"type":"if","locations":[{"start":{"line":92,"column":10},"end":{"line":92,"column":71}}]},"16":{"loc":{"start":{"line":101,"column":8},"end":{"line":101,"column":41}},"type":"if","locations":[{"start":{"line":101,"column":8},"end":{"line":101,"column":41}}]},"17":{"loc":{"start":{"line":29,"column":48},"end":{"line":29,"column":72}},"type":"cond-expr","locations":[{"start":{"line":29,"column":69},"end":{"line":29,"column":72}},{"start":{"line":29,"column":69},"end":{"line":29,"column":72}}]},"18":{"loc":{"start":{"line":29,"column":48},"end":{"line":29,"column":69}},"type":"binary-expr","locations":[{"start":{"line":29,"column":48},"end":{"line":29,"column":72}},{"start":{"line":29,"column":48},"end":{"line":29,"column":69}}]}},"s":{"0":3,"1":3,"2":3,"3":1,"4":11,"5":8,"6":3,"7":1,"8":2,"9":2,"10":2,"11":9,"12":3,"13":16,"14":1,"15":1,"16":1,"17":1,"18":0,"19":1,"20":1,"21":0,"22":1,"23":0,"24":1,"25":1,"26":1,"27":1,"28":1,"29":0,"30":0,"31":0,"32":0,"33":0,"34":0,"35":0,"36":1,"37":1,"38":0,"39":0,"40":0,"41":1,"42":1,"43":1,"44":1,"45":1,"46":1,"47":1,"48":0,"49":0,"50":0,"51":0,"52":1,"53":0,"54":0,"55":0,"56":1,"57":1,"58":1,"59":1,"60":1,"61":0,"62":1,"63":1,"64":1,"65":0,"66":0,"67":0,"68":0,"69":1,"70":1,"71":3,"72":3},"f":{"0":1,"1":11,"2":9,"3":16,"4":1,"5":0,"6":0,"7":0,"8":1,"9":1,"10":1,"11":1,"12":1,"13":1,"14":0,"15":0,"16":0,"17":0,"18":1},"b":{"0":[8],"1":[11,11],"2":[1],"3":[0],"4":[0],"5":[0],"6":[0],"7":[0],"8":[0,0],"9":[0],"10":[0,0],"11":[0],"12":[0],"13":[0,0],"14":[0],"15":[0],"16":[0],"17":[3,0],"18":[3,3]}}
,"C:\\Users\\4A\\Desktop\\ExampleHR\\apps\\time-off-service\\src\\modules\\idempotency\\idempotency.module.ts": {"path":"C:\\Users\\4A\\Desktop\\ExampleHR\\apps\\time-off-service\\src\\modules\\idempotency\\idempotency.module.ts","statementMap":{"0":{"start":{"line":1,"column":0},"end":{"line":1,"column":40}},"1":{"start":{"line":2,"column":0},"end":{"line":2,"column":50}},"2":{"start":{"line":3,"column":0},"end":{"line":3,"column":48}},"3":{"start":{"line":5,"column":0},"end":{"line":5,"column":62}},"4":{"start":{"line":6,"column":0},"end":{"line":6,"column":67}},"5":{"start":{"line":7,"column":0},"end":{"line":7,"column":65}},"6":{"start":{"line":8,"column":0},"end":{"line":8,"column":73}},"7":{"start":{"line":15,"column":7},"end":{"line":15,"column":null}},"8":{"start":{"line":15,"column":13},"end":{"line":15,"column":30}},"9":{"start":{"line":15,"column":13},"end":{"line":15,"column":null}}},"fnMap":{},"branchMap":{},"s":{"0":3,"1":3,"2":3,"3":3,"4":3,"5":3,"6":3,"7":3,"8":3,"9":3},"f":{},"b":{}}
,"C:\\Users\\4A\\Desktop\\ExampleHR\\apps\\time-off-service\\src\\modules\\idempotency\\idempotency.repository.ts": {"path":"C:\\Users\\4A\\Desktop\\ExampleHR\\apps\\time-off-service\\src\\modules\\idempotency\\idempotency.repository.ts","statementMap":{"0":{"start":{"line":1,"column":0},"end":{"line":1,"column":44}},"1":{"start":{"line":2,"column":0},"end":{"line":2,"column":37}},"2":{"start":{"line":4,"column":0},"end":{"line":4,"column":73}},"3":{"start":{"line":7,"column":7},"end":{"line":57,"column":null}},"4":{"start":{"line":8,"column":31},"end":{"line":8,"column":43}},"5":{"start":{"line":11,"column":4},"end":{"line":11,"column":104}},"6":{"start":{"line":20,"column":4},"end":{"line":29,"column":29}},"7":{"start":{"line":29,"column":18},"end":{"line":29,"column":27}},"8":{"start":{"line":33,"column":4},"end":{"line":40,"column":6}},"9":{"start":{"line":44,"column":4},"end":{"line":44,"column":91}},"10":{"start":{"line":48,"column":19},"end":{"line":53,"column":16}},"11":{"start":{"line":55,"column":4},"end":{"line":55,"column":32}},"12":{"start":{"line":7,"column":13},"end":{"line":7,"column":34}},"13":{"start":{"line":7,"column":13},"end":{"line":57,"column":null}}},"fnMap":{"0":{"name":"(anonymous_2)","decl":{"start":{"line":8,"column":2},"end":{"line":8,"column":31}},"loc":{"start":{"line":8,"column":53},"end":{"line":8,"column":57}}},"1":{"name":"(anonymous_3)","decl":{"start":{"line":10,"column":2},"end":{"line":10,"column":11}},"loc":{"start":{"line":10,"column":23},"end":{"line":12,"column":3}}},"2":{"name":"(anonymous_4)","decl":{"start":{"line":14,"column":2},"end":{"line":14,"column":18}},"loc":{"start":{"line":18,"column":21},"end":{"line":30,"column":3}}},"3":{"name":"(anonymous_5)","decl":{"start":{"line":29,"column":12},"end":{"line":29,"column":15}},"loc":{"start":{"line":29,"column":18},"end":{"line":29,"column":27}}},"4":{"name":"(anonymous_6)","decl":{"start":{"line":32,"column":2},"end":{"line":32,"column":7}},"loc":{"start":{"line":32,"column":74},"end":{"line":41,"column":3}}},"5":{"name":"(anonymous_7)","decl":{"start":{"line":43,"column":2},"end":{"line":43,"column":7}},"loc":{"start":{"line":43,"column":26},"end":{"line":45,"column":3}}},"6":{"name":"(anonymous_8)","decl":{"start":{"line":47,"column":2},"end":{"line":47,"column":7}},"loc":{"start":{"line":47,"column":36},"end":{"line":56,"column":3}}}},"branchMap":{"0":{"loc":{"start":{"line":55,"column":11},"end":{"line":55,"column":31}},"type":"binary-expr","locations":[{"start":{"line":55,"column":11},"end":{"line":55,"column":26}},{"start":{"line":55,"column":30},"end":{"line":55,"column":31}}]},"1":{"loc":{"start":{"line":8,"column":43},"end":{"line":8,"column":56}},"type":"cond-expr","locations":[{"start":{"line":8,"column":53},"end":{"line":8,"column":56}},{"start":{"line":8,"column":53},"end":{"line":8,"column":56}}]},"2":{"loc":{"start":{"line":8,"column":43},"end":{"line":8,"column":53}},"type":"binary-expr","locations":[{"start":{"line":8,"column":43},"end":{"line":8,"column":56}},{"start":{"line":8,"column":43},"end":{"line":8,"column":53}}]}},"s":{"0":3,"1":3,"2":3,"3":3,"4":8,"5":1,"6":1,"7":1,"8":1,"9":0,"10":0,"11":0,"12":3,"13":3},"f":{"0":8,"1":1,"2":1,"3":1,"4":1,"5":0,"6":0},"b":{"0":[0,0],"1":[3,0],"2":[3,3]}}
,"C:\\Users\\4A\\Desktop\\ExampleHR\\apps\\time-off-service\\src\\modules\\idempotency\\entities\\idempotency-record.entity.ts": {"path":"C:\\Users\\4A\\Desktop\\ExampleHR\\apps\\time-off-service\\src\\modules\\idempotency\\entities\\idempotency-record.entity.ts","statementMap":{"0":{"start":{"line":1,"column":0},"end":{"line":1,"column":63}},"1":{"start":{"line":5,"column":7},"end":{"line":26,"column":null}},"2":{"start":{"line":5,"column":13},"end":{"line":5,"column":30}},"3":{"start":{"line":7,"column":2},"end":{"line":7,"column":null}},"4":{"start":{"line":10,"column":2},"end":{"line":10,"column":null}},"5":{"start":{"line":13,"column":2},"end":{"line":13,"column":null}},"6":{"start":{"line":16,"column":2},"end":{"line":16,"column":null}},"7":{"start":{"line":19,"column":2},"end":{"line":19,"column":null}},"8":{"start":{"line":22,"column":2},"end":{"line":22,"column":null}},"9":{"start":{"line":25,"column":2},"end":{"line":25,"column":null}},"10":{"start":{"line":5,"column":13},"end":{"line":26,"column":null}}},"fnMap":{},"branchMap":{},"s":{"0":3,"1":3,"2":3,"3":3,"4":3,"5":3,"6":3,"7":3,"8":3,"9":3,"10":3},"f":{},"b":{}}
,"C:\\Users\\4A\\Desktop\\ExampleHR\\apps\\time-off-service\\src\\modules\\outbox\\outbox.module.ts": {"path":"C:\\Users\\4A\\Desktop\\ExampleHR\\apps\\time-off-service\\src\\modules\\outbox\\outbox.module.ts","statementMap":{"0":{"start":{"line":1,"column":0},"end":{"line":1,"column":40}},"1":{"start":{"line":3,"column":0},"end":{"line":3,"column":66}},"2":{"start":{"line":4,"column":0},"end":{"line":4,"column":53}},"3":{"start":{"line":5,"column":0},"end":{"line":5,"column":55}},"4":{"start":{"line":6,"column":0},"end":{"line":6,"column":47}},"5":{"start":{"line":13,"column":7},"end":{"line":13,"column":null}},"6":{"start":{"line":13,"column":13},"end":{"line":13,"column":25}},"7":{"start":{"line":13,"column":13},"end":{"line":13,"column":null}}},"fnMap":{},"branchMap":{},"s":{"0":3,"1":3,"2":3,"3":3,"4":3,"5":3,"6":3,"7":3},"f":{},"b":{}}
,"C:\\Users\\4A\\Desktop\\ExampleHR\\apps\\time-off-service\\src\\modules\\outbox\\outbox.processor.ts": {"path":"C:\\Users\\4A\\Desktop\\ExampleHR\\apps\\time-off-service\\src\\modules\\outbox\\outbox.processor.ts","statementMap":{"0":{"start":{"line":1,"column":0},"end":{"line":1,"column":52}},"1":{"start":{"line":2,"column":0},"end":{"line":2,"column":41}},"2":{"start":{"line":3,"column":0},"end":{"line":3,"column":37}},"3":{"start":{"line":5,"column":0},"end":{"line":5,"column":88}},"4":{"start":{"line":6,"column":0},"end":{"line":6,"column":65}},"5":{"start":{"line":7,"column":0},"end":{"line":7,"column":81}},"6":{"start":{"line":8,"column":0},"end":{"line":8,"column":61}},"7":{"start":{"line":9,"column":0},"end":{"line":9,"column":80}},"8":{"start":{"line":11,"column":0},"end":{"line":11,"column":60}},"9":{"start":{"line":12,"column":0},"end":{"line":12,"column":80}},"10":{"start":{"line":13,"column":0},"end":{"line":13,"column":78}},"11":{"start":{"line":14,"column":0},"end":{"line":14,"column":55}},"12":{"start":{"line":16,"column":28},"end":{"line":16,"column":29}},"13":{"start":{"line":19,"column":28},"end":{"line":329,"column":null}},"14":{"start":{"line":20,"column":28},"end":{"line":20,"column":60}},"15":{"start":{"line":33,"column":24},"end":{"line":33,"column":43}},"16":{"start":{"line":34,"column":4},"end":{"line":37,"column":6}},"17":{"start":{"line":39,"column":20},"end":{"line":39,"column":98}},"18":{"start":{"line":41,"column":4},"end":{"line":44,"column":5}},"19":{"start":{"line":42,"column":6},"end":{"line":42,"column":62}},"20":{"start":{"line":43,"column":6},"end":{"line":43,"column":13}},"21":{"start":{"line":46,"column":4},"end":{"line":49,"column":5}},"22":{"start":{"line":47,"column":6},"end":{"line":47,"column":39}},"23":{"start":{"line":48,"column":6},"end":{"line":48,"column":13}},"24":{"start":{"line":51,"column":4},"end":{"line":51,"column":38}},"25":{"start":{"line":55,"column":16},"end":{"line":55,"column":109}},"26":{"start":{"line":56,"column":4},"end":{"line":64,"column":5}},"27":{"start":{"line":57,"column":6},"end":{"line":57,"column":87}},"28":{"start":{"line":58,"column":6},"end":{"line":61,"column":8}},"29":{"start":{"line":62,"column":6},"end":{"line":62,"column":96}},"30":{"start":{"line":63,"column":6},"end":{"line":63,"column":43}},"31":{"start":{"line":66,"column":20},"end":{"line":66,"column":null}},"32":{"start":{"line":76,"column":19},"end":{"line":84,"column":6}},"33":{"start":{"line":86,"column":4},"end":{"line":89,"column":5}},"34":{"start":{"line":87,"column":6},"end":{"line":87,"column":52}},"35":{"start":{"line":88,"column":6},"end":{"line":88,"column":13}},"36":{"start":{"line":91,"column":4},"end":{"line":94,"column":5}},"37":{"start":{"line":92,"column":6},"end":{"line":92,"column":51}},"38":{"start":{"line":93,"column":6},"end":{"line":93,"column":13}},"39":{"start":{"line":97,"column":4},"end":{"line":102,"column":5}},"40":{"start":{"line":101,"column":6},"end":{"line":101,"column":85}},"41":{"start":{"line":106,"column":16},"end":{"line":106,"column":109}},"42":{"start":{"line":107,"column":20},"end":{"line":107,"column":null}},"43":{"start":{"line":116,"column":19},"end":{"line":116,"column":56}},"44":{"start":{"line":117,"column":4},"end":{"line":153,"column":5}},"45":{"start":{"line":118,"column":18},"end":{"line":122,"column":8}},"46":{"start":{"line":123,"column":22},"end":{"line":123,"column":34}},"47":{"start":{"line":126,"column":6},"end":{"line":135,"column":8}},"48":{"start":{"line":136,"column":6},"end":{"line":144,"column":8}},"49":{"start":{"line":145,"column":6},"end":{"line":145,"column":72}},"50":{"start":{"line":146,"column":6},"end":{"line":149,"column":8}},"51":{"start":{"line":150,"column":6},"end":{"line":150,"column":48}},"52":{"start":{"line":151,"column":6},"end":{"line":151,"column":87}},"53":{"start":{"line":152,"column":6},"end":{"line":152,"column":13}},"54":{"start":{"line":155,"column":4},"end":{"line":158,"column":5}},"55":{"start":{"line":156,"column":6},"end":{"line":156,"column":57}},"56":{"start":{"line":157,"column":6},"end":{"line":157,"column":13}},"57":{"start":{"line":159,"column":4},"end":{"line":163,"column":5}},"58":{"start":{"line":160,"column":6},"end":{"line":160,"column":51}},"59":{"start":{"line":162,"column":6},"end":{"line":162,"column":85}},"60":{"start":{"line":292,"column":4},"end":{"line":301,"column":7}},"61":{"start":{"line":312,"column":4},"end":{"line":312,"column":38}},"62":{"start":{"line":312,"column":31},"end":{"line":312,"column":38}},"63":{"start":{"line":313,"column":4},"end":{"line":327,"column":7}},"64":{"start":{"line":19,"column":13},"end":{"line":19,"column":28}},"65":{"start":{"line":19,"column":13},"end":{"line":329,"column":null}}},"fnMap":{"0":{"name":"(anonymous_2)","decl":{"start":{"line":32,"column":2},"end":{"line":32,"column":7}},"loc":{"start":{"line":32,"column":30},"end":{"line":52,"column":3}}},"1":{"name":"(anonymous_3)","decl":{"start":{"line":54,"column":10},"end":{"line":54,"column":15}},"loc":{"start":{"line":54,"column":43},"end":{"line":103,"column":3}}},"2":{"name":"(anonymous_4)","decl":{"start":{"line":105,"column":10},"end":{"line":105,"column":15}},"loc":{"start":{"line":105,"column":44},"end":{"line":164,"column":3}}},"3":{"name":"(anonymous_5)","decl":{"start":{"line":285,"column":10},"end":{"line":285,"column":15}},"loc":{"start":{"line":290,"column":32},"end":{"line":302,"column":3}}},"4":{"name":"(anonymous_6)","decl":{"start":{"line":304,"column":10},"end":{"line":304,"column":15}},"loc":{"start":{"line":310,"column":24},"end":{"line":328,"column":3}}}},"branchMap":{"0":{"loc":{"start":{"line":41,"column":4},"end":{"line":44,"column":5}},"type":"if","locations":[{"start":{"line":41,"column":4},"end":{"line":44,"column":5}}]},"1":{"loc":{"start":{"line":46,"column":4},"end":{"line":49,"column":5}},"type":"if","locations":[{"start":{"line":46,"column":4},"end":{"line":49,"column":5}}]},"2":{"loc":{"start":{"line":56,"column":4},"end":{"line":64,"column":5}},"type":"if","locations":[{"start":{"line":56,"column":4},"end":{"line":64,"column":5}}]},"3":{"loc":{"start":{"line":86,"column":4},"end":{"line":89,"column":5}},"type":"if","locations":[{"start":{"line":86,"column":4},"end":{"line":89,"column":5}}]},"4":{"loc":{"start":{"line":86,"column":8},"end":{"line":86,"column":89}},"type":"binary-expr","locations":[{"start":{"line":86,"column":8},"end":{"line":86,"column":22}},{"start":{"line":86,"column":27},"end":{"line":86,"column":59}},{"start":{"line":86,"column":63},"end":{"line":86,"column":88}}]},"5":{"loc":{"start":{"line":91,"column":4},"end":{"line":94,"column":5}},"type":"if","locations":[{"start":{"line":91,"column":4},"end":{"line":94,"column":5}}]},"6":{"loc":{"start":{"line":97,"column":4},"end":{"line":102,"column":5}},"type":"if","locations":[{"start":{"line":100,"column":11},"end":{"line":102,"column":5}}]},"7":{"loc":{"start":{"line":117,"column":4},"end":{"line":153,"column":5}},"type":"if","locations":[{"start":{"line":117,"column":4},"end":{"line":153,"column":5}}]},"8":{"loc":{"start":{"line":117,"column":8},"end":{"line":117,"column":89}},"type":"binary-expr","locations":[{"start":{"line":117,"column":8},"end":{"line":117,"column":22}},{"start":{"line":117,"column":27},"end":{"line":117,"column":59}},{"start":{"line":117,"column":63},"end":{"line":117,"column":88}}]},"9":{"loc":{"start":{"line":131,"column":28},"end":{"line":131,"column":120}},"type":"binary-expr","locations":[{"start":{"line":131,"column":28},"end":{"line":131,"column":96}},{"start":{"line":131,"column":100},"end":{"line":131,"column":120}}]},"10":{"loc":{"start":{"line":131,"column":29},"end":{"line":131,"column":80}},"type":"cond-expr","locations":[{"start":{"line":131,"column":46},"end":{"line":131,"column":57}},{"start":{"line":131,"column":61},"end":{"line":131,"column":80}}]},"11":{"loc":{"start":{"line":155,"column":4},"end":{"line":158,"column":5}},"type":"if","locations":[{"start":{"line":155,"column":4},"end":{"line":158,"column":5}}]},"12":{"loc":{"start":{"line":159,"column":4},"end":{"line":163,"column":5}},"type":"if","locations":[{"start":{"line":159,"column":4},"end":{"line":163,"column":5}},{"start":{"line":161,"column":11},"end":{"lin
[...]
5}},"40":{"start":{"line":146,"column":4},"end":{"line":151,"column":6}},"41":{"start":{"line":168,"column":16},"end":{"line":168,"column":102}},"42":{"start":{"line":169,"column":4},"end":{"line":182,"column":6}},"43":{"start":{"line":189,"column":16},"end":{"line":189,"column":96}},"44":{"start":{"line":190,"column":4},"end":{"line":190,"column":79}},"45":{"start":{"line":190,"column":14},"end":{"line":190,"column":79}},"46":{"start":{"line":192,"column":4},"end":{"line":241,"column":5}},"47":{"start":{"line":193,"column":6},"end":{"line":239,"column":9}},"48":{"start":{"line":194,"column":20},"end":{"line":198,"column":null}},"49":{"start":{"line":200,"column":8},"end":{"line":200,"column":93}},"50":{"start":{"line":200,"column":18},"end":{"line":200,"column":93}},"51":{"start":{"line":202,"column":8},"end":{"line":202,"column":87}},"52":{"start":{"line":203,"column":20},"end":{"line":203,"column":44}},"53":{"start":{"line":204,"column":27},"end":{"line":204,"column":42}},"54":{"start":{"line":205,"column":28},"end":{"line":205,"column":71}},"55":{"start":{"line":207,"column":8},"end":{"line":210,"column":10}},"56":{"start":{"line":211,"column":8},"end":{"line":211,"column":114}},"57":{"start":{"line":212,"column":8},"end":{"line":228,"column":9}},"58":{"start":{"line":213,"column":10},"end":{"line":227,"column":13}},"59":{"start":{"line":229,"column":8},"end":{"line":238,"column":11}},"60":{"start":{"line":240,"column":6},"end":{"line":240,"column":102}},"61":{"start":{"line":243,"column":4},"end":{"line":285,"column":5}},"62":{"start":{"line":244,"column":6},"end":{"line":244,"column":85}},"63":{"start":{"line":245,"column":18},"end":{"line":245,"column":42}},"64":{"start":{"line":246,"column":6},"end":{"line":283,"column":9}},"65":{"start":{"line":247,"column":8},"end":{"line":254,"column":10}},"66":{"start":{"line":255,"column":8},"end":{"line":272,"column":11}},"67":{"start":{"line":273,"column":8},"end":{"line":282,"column":11}},"68":{"start":{"line":284,"column":6},"end":{"line":284,"column":91}},"69":{"start":{"line":287,"column":4},"end":{"line":289,"column":6}},"70":{"start":{"line":293,"column":4},"end":{"line":295,"column":5}},"71":{"start":{"line":294,"column":6},"end":{"line":294,"column":65}},"72":{"start":{"line":296,"column":4},"end":{"line":298,"column":5}},"73":{"start":{"line":297,"column":6},"end":{"line":297,"column":79}},"74":{"start":{"line":299,"column":4},"end":{"line":301,"column":5}},"75":{"start":{"line":300,"column":6},"end":{"line":300,"column":60}},"76":{"start":{"line":302,"column":4},"end":{"line":304,"column":5}},"77":{"start":{"line":303,"column":6},"end":{"line":303,"column":72}},"78":{"start":{"line":308,"column":18},"end":{"line":308,"column":56}},"79":{"start":{"line":309,"column":16},"end":{"line":309,"column":52}},"80":{"start":{"line":310,"column":15},"end":{"line":310,"column":16}},"81":{"start":{"line":311,"column":4},"end":{"line":314,"column":5}},"82":{"start":{"line":311,"column":17},"end":{"line":311,"column":32}},"83":{"start":{"line":312,"column":18},"end":{"line":312,"column":31}},"84":{"start":{"line":313,"column":6},"end":{"line":313,"column":44}},"85":{"start":{"line":313,"column":34},"end":{"line":313,"column":44}},"86":{"start":{"line":315,"column":4},"end":{"line":315,"column":16}},"87":{"start":{"line":30,"column":13},"end":{"line":30,"column":27}},"88":{"start":{"line":30,"column":13},"end":{"line":317,"column":null}}},"fnMap":{"0":{"name":"(anonymous_2)","decl":{"start":{"line":31,"column":2},"end":{"line":31,"column":null}},"loc":{"start":{"line":34,"column":57},"end":{"line":35,"column":6}}},"1":{"name":"(anonymous_3)","decl":{"start":{"line":37,"column":2},"end":{"line":37,"column":7}},"loc":{"start":{"line":40,"column":26},"end":{"line":152,"column":3}}},"2":{"name":"(anonymous_4)","decl":{"start":{"line":55,"column":6},"end":{"line":55,"column":11}},"loc":{"start":{"line":55,"column":39},"end":{"line":143,"column":7}}},"3":{"name":"(anonymous_5)","decl":{"start":{"line":154,"column":2},"end":{"line":154,"column":7}},"loc":{"start":{"line":154,"column":40},"end":{"line":183,"column":3}}},"4":{"name":"(anonymous_6)","decl":{"start":{"line":185,"column":2},"end":{"line":185,"column":7}},"loc":{"start":{"line":187,"column":22},"end":{"line":290,"column":3}}},"5":{"name":"(anonymous_7)","decl":{"start":{"line":193,"column":95},"end":{"line":193,"column":100}},"loc":{"start":{"line":193,"column":113},"end":{"line":239,"column":7}}},"6":{"name":"(anonymous_8)","decl":{"start":{"line":246,"column":40},"end":{"line":246,"column":45}},"loc":{"start":{"line":246,"column":58},"end":{"line":283,"column":7}}},"7":{"name":"(anonymous_9)","decl":{"start":{"line":292,"column":10},"end":{"line":292,"column":21}},"loc":{"start":{"line":292,"column":50},"end":{"line":305,"column":3}}},"8":{"name":"(anonymous_10)","decl":{"start":{"line":307,"column":10},"end":{"line":307,"column":29}},"loc":{"start":{"line":307,"column":64},"end":{"line":316,"column":3}}}},"branchMap":{"0":{"loc":{"start":{"line":45,"column":4},"end":{"line":47,"column":5}},"type":"if","locations":[{"start":{"line":45,"column":4},"end":{"line":47,"column":5}}]},"1":{"loc":{"start":{"line":62,"column":8},"end":{"line":64,"column":9}},"type":"if","locations":[{"start":{"line":62,"column":8},"end":{"line":64,"column":9}}]},"2":{"loc":{"start":{"line":67,"column":8},"end":{"line":69,"column":9}},"type":"if","locations":[{"start":{"line":67,"column":8},"end":{"line":69,"column":9}}]},"3":{"loc":{"start":{"line":190,"column":4},"end":{"line":190,"column":79}},"type":"if","locations":[{"start":{"line":190,"column":4},"end":{"line":190,"column":79}}]},"4":{"loc":{"start":{"line":192,"column":4},"end":{"line":241,"column":5}},"type":"if","locations":[{"start":{"line":192,"column":4},"end":{"line":241,"column":5}}]},"5":{"loc":{"start":{"line":200,"column":8},"end":{"line":200,"column":93}},"type":"if","locations":[{"start":{"line":200,"column":8},"end":{"line":200,"column":93}}]},"6":{"loc":{"start":{"line":212,"column":8},"end":{"line":228,"column":9}},"type":"if","locations":[{"start":{"line":212,"column":8},"end":{"line":228,"column":9}}]},"7":{"loc":{"start":{"line":243,"column":4},"end":{"line":285,"column":5}},"type":"if","locations":[{"start":{"line":243,"column":4},"end":{"line":285,"column":5}}]},"8":{"loc":{"start":{"line":260,"column":30},"end":{"line":260,"column":72}},"type":"binary-expr","locations":[{"start":{"line":260,"column":30},"end":{"line":260,"column":50}},{"start":{"line":260,"column":54},"end":{"line":260,"column":72}}]},"9":{"loc":{"start":{"line":261,"column":25},"end":{"line":261,"column":53}},"type":"binary-expr","locations":[{"start":{"line":261,"column":25},"end":{"line":261,"column":43}},{"start":{"line":261,"column":47},"end":{"line":261,"column":53}}]},"10":{"loc":{"start":{"line":293,"column":4},"end":{"line":295,"column":5}},"type":"if","locations":[{"start":{"line":293,"column":4},"end":{"line":295,"column":5}}]},"11":{"loc":{"start":{"line":296,"column":4},"end":{"line":298,"column":5}},"type":"if","locations":[{"start":{"line":296,"column":4},"end":{"line":298,"column":5}}]},"12":{"loc":{"start":{"line":299,"column":4},"end":{"line":301,"column":5}},"type":"if","locations":[{"start":{"line":299,"column":4},"end":{"line":301,"column":5}}]},"13":{"loc":{"start":{"line":302,"column":4},"end":{"line":304,"column":5}},"type":"if","locations":[{"start":{"line":302,"column":4},"end":{"line":304,"column":5}}]},"14":{"loc":{"start":{"line":313,"column":6},"end":{"line":313,"column":44}},"type":"if","locations":[{"start":{"line":313,"column":6},"end":{"line":313,"column":44}}]},"15":{"loc":{"start":{"line":313,"column":10},"end":{"line":313,"column":32}},"type":"binary-expr","locations":[{"start":{"line":313,"column":10},"end":{"line":313,"column":19}},{"start":{"line":313,"column":23},"end":{"line":313,"column":32}}]},"16":{"loc":{"start":{"line":32,"column":33},"end":{"line":32,"column":null}},"type":"cond-expr","locations":[{"start":{"line":32,"column":43},"end":{"line":32,"column":null}},{"start":{"line":32,"column":43},"end":{"line":32,"column":null}}]},"17":{"loc":{"start":{"line":32,"column":33},"end":{"line":32,"column":43}},"type":"binary-expr","locations":[{"start":{"line":32,"column":33},"end":{"line":32,"column":null}},{"start":{"line":32,"column":33},"end":{"line":32,"column":43}}]},"18":{"loc":{"start":{"line":32,"column":43},"end":{"line":33,"column":null}},"type":"cond-expr","locations":[{"start":{"line":33,"column":51},"end":{"line":33,"column":null}},{"start":{"line":33,"column":51},"end":{"line":33,"column":null}}]},"19":{"loc":{"start":{"line":32,"column":43},"end":{"line":33,"column":51}},"type":"binary-expr","locations":[{"start":{"line":32,"column":43},"end":{"line":33,"column":null}},{"start":{"line":33,"column":37},"end":{"line":33,"column":51}}]},"20":{"loc":{"start":{"line":33,"column":51},"end":{"line":34,"column":null}},"type":"cond-expr","locations":[{"start":{"line":34,"column":57},"end":{"line":34,"column":null}},{"start":{"line":34,"column":57},"end":{"line":34,"column":null}}]},"21":{"loc":{"start":{"line":33,"column":51},"end":{"line":34,"column":57}},"type":"binary-expr","locations":[{"start":{"line":33,"column":51},"end":{"line":34,"column":null}},{"start":{"line":34,"column":40},"end":{"line":34,"column":57}}]}},"s":{"0":3,"1":3,"2":3,"3":3,"4":3,"5":3,"6":3,"7":3,"8":3,"9":3,"10":3,"11":3,"12":3,"13":3,"14":8,"15":8,"16":8,"17":0,"18":0,"19":0,"20":0,"21":0,"22":0,"23":0,"24":0,"25":0,"26":0,"27":0,"28":0,"29":0,"30":0,"31":0,"32":0,"33":0,"34":0,"35":0,"36":0,"37":0,"38":0,"39":0,"40":0,"41":0,"42":0,"43":0,"44":0,"45":0,"46":0,"47":0,"48":0,"49":0,"50":0,"51":0,"52":0,"53":0,"54":0,"55":0,"56":0,"57":0,"58":0,"59":0,"60":0,"61":0,"62":0,"63":0,"64":0,"65":0,"66":0,"67":0,"68":0,"69":0,"70":0,"71":0,"72":0,"73":0,"74":0,"75":0,"76":0,"77":0,"78":0,"79":0,"80":0,"81":0,"82":0,"83":0,"84":0,"85":0,"86":0,"87":3,"88":3},"f":{"0":8,"1":0,"2":0,"3":0,"4":0,"5":0,"6":0,"7":0,"8":0},"b":{"0":[0],"1":[0],"2":[0],"3":[0],"4":[0],"5":[0],"6":[0],"7":[0],"8":[0,0],"9":[0,0],"10":[0],"11":[0],"12":[0],"13":[0],"14":[0],"15":[0,0],"16":[3,0],"17":[3,3],"18":[3,0],"19":[3,3],"20":[3,0],"21":[3,3]}}
,"C:\\Users\\4A\\Desktop\\ExampleHR\\apps\\time-off-service\\src\\modules\\time-off\\entities\\outbox.entity.ts": {"path":"C:\\Users\\4A\\Desktop\\ExampleHR\\apps\\time-off-service\\src\\modules\\time-off\\entities\\outbox.entity.ts","statementMap":{"0":{"start":{"line":1,"column":0},"end":{"line":1,"column":63}},"1":{"start":{"line":3,"column":0},"end":{"line":3,"column":56}},"2":{"start":{"line":7,"column":7},"end":{"line":37,"column":null}},"3":{"start":{"line":7,"column":13},"end":{"line":7,"column":19}},"4":{"start":{"line":9,"column":2},"end":{"line":9,"column":null}},"5":{"start":{"line":12,"column":2},"end":{"line":12,"column":null}},"6":{"start":{"line":15,"column":2},"end":{"line":15,"column":null}},"7":{"start":{"line":18,"column":2},"end":{"line":18,"column":null}},"8":{"start":{"line":21,"column":2},"end":{"line":21,"column":null}},"9":{"start":{"line":24,"column":2},"end":{"line":24,"column":null}},"10":{"start":{"line":27,"column":2},"end":{"line":27,"column":null}},"11":{"start":{"line":30,"column":2},"end":{"line":30,"column":null}},"12":{"start":{"line":33,"column":2},"end":{"line":33,"column":null}},"13":{"start":{"line":36,"column":2},"end":{"line":36,"column":null}},"14":{"start":{"line":7,"column":13},"end":{"line":37,"column":null}}},"fnMap":{},"branchMap":{"0":{"loc":{"start":{"line":12,"column":14},"end":{"line":12,"column":30}},"type":"cond-expr","locations":[{"start":{"line":12,"column":29},"end":{"line":12,"column":30}},{"start":{"line":12,"column":29},"end":{"line":12,"column":30}}]},"1":{"loc":{"start":{"line":12,"column":14},"end":{"line":12,"column":29}},"type":"binary-expr","locations":[{"start":{"line":12,"column":14},"end":{"line":12,"column":30}},{"start":{"line":12,"column":14},"end":{"line":12,"column":29}}]}},"s":{"0":3,"1":3,"2":3,"3":3,"4":3,"5":3,"6":3,"7":3,"8":3,"9":3,"10":3,"11":3,"12":3,"13":3,"14":3},"f":{},"b":{"0":[0,3],"1":[3,3]}}
,"C:\\Users\\4A\\Desktop\\ExampleHR\\apps\\time-off-service\\src\\modules\\time-off\\entities\\request-audit-log.entity.ts": {"path":"C:\\Users\\4A\\Desktop\\ExampleHR\\apps\\time-off-service\\src\\modules\\time-off\\entities\\request-audit-log.entity.ts","statementMap":{"0":{"start":{"line":1,"column":0},"end":{"line":1,"column":63}},"1":{"start":{"line":3,"column":0},"end":{"line":3,"column":53}},"2":{"start":{"line":7,"column":7},"end":{"line":31,"column":null}},"3":{"start":{"line":7,"column":13},"end":{"line":7,"column":28}},"4":{"start":{"line":9,"column":2},"end":{"line":9,"column":null}},"5":{"start":{"line":12,"column":2},"end":{"line":12,"column":null}},"6":{"start":{"line":15,"column":2},"end":{"line":15,"column":null}},"7":{"start":{"line":18,"column":2},"end":{"line":18,"column":null}},"8":{"start":{"line":21,"column":2},"end":{"line":21,"column":null}},"9":{"start":{"line":24,"column":2},"end":{"line":24,"column":null}},"10":{"start":{"line":27,"column":2},"end":{"line":27,"column":null}},"11":{"start":{"line":30,"column":2},"end":{"line":30,"column":null}},"12":{"start":{"line":7,"column":13},"end":{"line":31,"column":null}}},"fnMap":{},"branchMap":{"0":{"loc":{"start":{"line":18,"column":12},"end":{"line":18,"column":25}},"type":"cond-expr","locations":[{"start":{"line":18,"column":24},"end":{"line":18,"column":25}},{"start":{"line":18,"column":24},"end":{"line":18,"column":25}}]},"1":{"loc":{"start":{"line":18,"column":12},"end":{"line":18,"column":24}},"type":"binary-expr","locations":[{"start":{"line":18,"column":12},"end":{"line":18,"column":25}},{"start":{"line":18,"column":12},"end":{"line":18,"column":24}}]}},"s":{"0":3,"1":3,"2":3,"3":3,"4":3,"5":3,"6":3,"7":3,"8":3,"9":3,"10":3,"11":3,"12":3},"f":{},"b":{"0":[0,3],"1":[3,3]}}
,"C:\\Users\\4A\\Desktop\\ExampleHR\\apps\\time-off-service\\src\\modules\\time-off\\entities\\time-off-request.entity.ts": {"path":"C:\\Users\\4A\\Desktop\\ExampleHR\\apps\\time-off-service\\src\\modules\\time-off\\entities\\time-off-request.entity.ts","statementMap":{"0":{"start":{"line":1,"column":0},"end":{"line":1,"column":63}},"1":{"start":{"line":3,"column":0},"end":{"line":3,"column":81}},"2":{"start":{"line":9,"column":7},"end":{"line":72,"column":null}},"3":{"start":{"line":9,"column":13},"end":{"line":9,"column":27}},"4":{"start":{"line":11,"column":2},"end":{"line":11,"column":null}},"5":{"start":{"line":14,"column":2},"end":{"line":14,"column":null}},"6":{"start":{"line":17,"column":2},"end":{"line":17,"column":null}},"7":{"start":{"line":20,"column":2},"end":{"line":20,"column":null}},"8":{"start":{"line":23,"column":2},"end":{"line":23,"column":null}},"9":{"start":{"line":26,"column":2},"end":{"line":26,"column":null}},"10":{"start":{"line":29,"column":2},"end":{"line":29,"column":null}},"11":{"start":{"line":32,"column":2},"end":{"line":32,"column":null}},"12":{"start":{"line":35,"column":2},"end":{"line":35,"column":null}},"13":{"start":{"line":38,"column":2},"end":{"line":38,"column":null}},"14":{"start":{"line":41,"column":2},"end":{"line":41,"column":null}},"15":{"start":{"line":44,"column":2},"end":{"line":44,"column":null}},"16":{"start":{"line":47,"column":2},"end":{"line":47,"column":null}},"17":{"start":{"line":50,"column":2},"end":{"line":50,"column":null}},"18":{"start":{"line":53,"column":2},"end":{"line":53,"column":null}},"19":{"start":{"line":56,"column":2},"end":{"line":56,"column":null}},"20":{"start":{"line":59,"column":2},"end":{"line":59,"column":null}},"21":{"start":{"line":62,"column":2},"end":{"line":62,"column":null}},"22":{"start":{"line":65,"column":2},"end":{"line":65,"column":null}},"23":{"start":{"line":68,"column":2},"end":{"line":68,"column":null}},"24":{"start":{"line":71,"column":2},"end":{"line":71,"column":null}},"25":{"start":{"line":9,"column":13},"end":{"line":72,"column":null}}},"fnMap":{},"branchMap":{"0":{"loc":{"start":{"line":23,"column":14},"end":{"line":23,"column":24}},"type":"cond-expr","locations":[{"start":{"line":23,"column":23},"end":{"line":23,"column":24}},{"start":{"line":23,"column":23},"end":{"line":23,"column":24}}]},"1":{"loc":{"start":{"line":23,"column":14},"end":{"line":23,"column":23}},"type":"binary-expr","locations":[{"start":{"line":23,"column":14},"end":{"line":23,"column":24}},{"start":{"line":23,"column":14},"end":{"line":23,"column":23}}]},"2":{"loc":{"start":{"line":35,"column":10},"end":{"line":35,"column":23}},"type":"cond-expr","locations":[{"start":{"line":35,"column":22},"end":{"line":35,"column":23}},{"start":{"line":35,"column":22},"end":{"line":35,"column":23}}]},"3":{"loc":{"start":{"line":35,"column":10},"end":{"line":35,"column":22}},"type":"binary-expr","locations":[{"start":{"line":35,"column":10},"end":{"line":35,"column":23}},{"start":{"line":35,"column":10},"end":{"line":35,"column":22}}]}},"s":{"0":3,"1":3,"2":3,"3":3,"4":3,"5":3,"6":3,"7":3,"8":3,"9":3,"10":3,"11":3,"12":3,"13":3,"14":3,"15":3,"16":3,"17":3,"18":3,"19":3,"20":3,"21":3,"22":3,"23":3,"24":3,"25":3},"f":{},"b":{"0":[0,3],"1":[3,3],"2":[0,3],"3":[3,3]}}
,"C:\\Users\\4A\\Desktop\\ExampleHR\\apps\\time-off-service\\test\\helpers\\hcm-mock-control.ts": {"path":"C:\\Users\\4A\\Desktop\\ExampleHR\\apps\\time-off-service\\test\\helpers\\hcm-mock-control.ts","statementMap":{"0":{"start":{"line":2,"column":31},"end":{"line":2,"column":46}},"1":{"start":{"line":10,"column":4},"end":{"line":17,"column":7}},"2":{"start":{"line":25,"column":4},"end":{"line":29,"column":7}},"3":{"start":{"line":33,"column":4},"end":{"line":33,"column":44}},"4":{"start":{"line":39,"column":21},"end":{"line":39,"column":70}},"5":{"start":{"line":40,"column":4},"end":{"line":40,"column":81}},"6":{"start":{"line":40,"column":22},"end":{"line":40,"column":81}},"7":{"start":{"line":41,"column":4},"end":{"line":47,"column":7}},"8":{"start":{"line":51,"column":4},"end":{"line":51,"column":70}},"9":{"start":{"line":55,"column":21},"end":{"line":59,"column":6}},"10":{"start":{"line":60,"column":4},"end":{"line":60,"column":88}},"11":{"start":{"line":60,"column":22},"end":{"line":60,"column":88}},"12":{"start":{"line":1,"column":0},"end":{"line":1,"column":13}}},"fnMap":{"0":{"name":"(anonymous_0)","decl":{"start":{"line":2,"column":2},"end":{"line":2,"column":31}},"loc":{"start":{"line":2,"column":46},"end":{"line":2,"column":50}}},"1":{"name":"(anonymous_1)","decl":{"start":{"line":4,"column":2},"end":{"line":4,"column":7}},"loc":{"start":{"line":8,"column":78},"end":{"line":18,"column":3}}},"2":{"name":"(anonymous_2)","decl":{"start":{"line":20,"column":2},"end":{"line":20,"column":7}},"loc":{"start":{"line":23,"column":17},"end":{"line":30,"column":3}}},"3":{"name":"(anonymous_3)","decl":{"start":{"line":32,"column":2},"end":{"line":32,"column":7}},"loc":{"start":{"line":32,"column":13},"end":{"line":34,"column":3}}},"4":{"name":"(anonymous_4)","decl":{"start":{"line":36,"column":2},"end":{"line":36,"column":7}},"loc":{"start":{"line":36,"column":18},"end":{"line":48,"column":3}}},"5":{"name":"(anonymous_5)","decl":{"start":{"line":50,"column":2},"end":{"line":50,"column":7}},"loc":{"start":{"line":50,"column":31},"end":{"line":52,"column":3}}},"6":{"name":"(anonymous_6)","decl":{"start":{"line":54,"column":10},"end":{"line":54,"column":15}},"loc":{"start":{"line":54,"column":48},"end":{"line":61,"column":3}}}},"branchMap":{"0":{"loc":{"start":{"line":40,"column":4},"end":{"line":40,"column":81}},"type":"if","locations":[{"start":{"line":40,"column":4},"end":{"line":40,"column":81}}]},"1":{"loc":{"start":{"line":60,"column":4},"end":{"line":60,"column":88}},"type":"if","locations":[{"start":{"line":60,"column":4},"end":{"line":60,"column":88}}]}},"s":{"0":7,"1":8,"2":2,"3":14,"4":0,"5":0,"6":0,"7":0,"8":0,"9":24,"10":24,"11":0,"12":2},"f":{"0":7,"1":8,"2":2,"3":14,"4":0,"5":0,"6":24},"b":{"0":[0],"1":[0]}}
}
