TN:
SF:src\app.module.ts
FN:21,(anonymous_1)
FNF:1
FNH:1
FNDA:25,(anonymous_1)
DA:1,10
DA:2,10
DA:3,10
DA:4,10
DA:6,10
DA:7,10
DA:8,10
DA:9,10
DA:10,10
DA:11,10
DA:12,10
DA:22,25
DA:38,10
LF:13
LH:13
BRDA:19,0,0,10
BRDA:19,0,1,10
BRDA:19,1,0,10
BRDA:19,1,1,0
BRF:4
BRH:3
end_of_record
TN:
SF:src\health.controller.ts
FN:8,(anonymous_2)
FN:11,(anonymous_3)
FNF:2
FNH:2
FNDA:25,(anonymous_2)
FNDA:5,(anonymous_3)
DA:1,10
DA:2,10
DA:4,10
DA:7,10
DA:8,25
DA:11,10
DA:12,5
DA:15,5
LF:8
LH:8
BRDA:11,0,0,10
BRDA:11,0,1,0
BRDA:11,1,0,10
BRDA:11,1,1,10
BRDA:8,2,0,10
BRDA:8,2,1,0
BRDA:8,3,0,10
BRDA:8,3,1,10
BRF:8
BRH:6
end_of_record
TN:
SF:src\domain\enums.ts
FN:1,(anonymous_0)
FN:9,(anonymous_1)
FN:19,(anonymous_2)
FN:24,(anonymous_3)
FNF:4
FNH:4
FNDA:12,(anonymous_0)
FNDA:12,(anonymous_1)
FNDA:12,(anonymous_2)
FNDA:12,(anonymous_3)
DA:1,12
DA:2,12
DA:3,12
DA:4,12
DA:5,12
DA:6,12
DA:9,12
DA:10,12
DA:11,12
DA:12,12
DA:13,12
DA:14,12
DA:15,12
DA:16,12
DA:19,12
DA:20,12
DA:21,12
DA:24,12
DA:25,12
DA:26,12
DA:27,12
DA:28,12
DA:29,12
LF:23
LH:23
BRDA:1,0,0,12
BRDA:1,0,1,12
BRDA:9,1,0,12
BRDA:9,1,1,12
BRDA:19,2,0,12
BRDA:19,2,1,12
BRDA:24,3,0,12
BRDA:24,3,1,12
BRF:8
BRH:8
end_of_record
TN:
SF:src\domain\exceptions.ts
FN:5,(anonymous_0)
FN:13,(anonymous_1)
FN:19,(anonymous_2)
FN:25,(anonymous_3)
FN:31,(anonymous_4)
FN:37,(anonymous_5)
FN:43,(anonymous_6)
FNF:7
FNH:4
FNDA:49,(anonymous_0)
FNDA:5,(anonymous_1)
FNDA:42,(anonymous_2)
FNDA:2,(anonymous_3)
FNDA:0,(anonymous_4)
FNDA:0,(anonymous_5)
FNDA:0,(anonymous_6)
DA:1,12
DA:6,49
DA:7,49
DA:8,49
DA:12,12
DA:14,5
DA:18,12
DA:20,42
DA:24,12
DA:26,2
DA:30,12
DA:32,0
DA:36,12
DA:38,0
DA:42,12
DA:44,0
LF:16
LH:13
BRDA:13,0,0,5
BRDA:19,1,0,0
BRDA:25,2,0,0
BRDA:31,3,0,0
BRDA:37,4,0,0
BRDA:43,5,0,0
BRF:6
BRH:1
end_of_record
TN:
SF:src\domain\state-machine.ts
FN:5,(anonymous_0)
FN:12,(anonymous_1)
FNF:2
FNH:2
FNDA:133,(anonymous_0)
FNDA:141,(anonymous_1)
DA:1,11
DA:2,11
DA:4,11
DA:6,133
DA:7,133
DA:8,40
DA:13,141
DA:15,42
DA:18,47
DA:21,10
DA:24,17
DA:27,8
DA:30,8
DA:33,8
DA:36,1
LF:15
LH:15
BRDA:7,0,0,40
BRDA:13,1,0,42
BRDA:13,1,1,47
BRDA:13,1,2,10
BRDA:13,1,3,17
BRDA:13,1,4,8
BRDA:13,1,5,8
BRDA:13,1,6,8
BRDA:13,1,7,1
BRF:9
BRH:9
end_of_record
TN:
SF:src\filters\global-exception.filter.ts
FN:9,(anonymous_1)
FNF:1
FNH:1
FNDA:8,(anonymous_1)
DA:1,10
DA:3,10
DA:6,10
DA:7,25
DA:10,8
DA:11,8
DA:12,8
DA:14,8
DA:15,8
DA:20,8
DA:23,0
DA:24,0
DA:29,0
DA:32,0
DA:33,0
LF:15
LH:10
BRDA:14,0,0,8
BRDA:23,1,0,0
BRF:2
BRH:1
end_of_record
TN:
SF:src\modules\balance\balance.controller.ts
FN:8,(anonymous_4)
FN:11,(anonymous_5)
FNF:2
FNH:2
FNDA:25,(anonymous_4)
FNDA:2,(anonymous_5)
DA:1,10
DA:3,10
DA:4,10
DA:7,10
DA:8,25
DA:11,10
DA:26,2
DA:27,1
LF:8
LH:8
BRDA:14,0,0,0
BRDA:14,0,1,10
BRDA:14,1,0,10
BRDA:14,1,1,10
BRDA:15,2,0,10
BRDA:15,2,1,0
BRDA:15,3,0,10
BRDA:15,3,1,10
BRDA:8,4,0,10
BRDA:8,4,1,0
BRDA:8,5,0,10
BRDA:8,5,1,10
BRF:12
BRH:9
end_of_record
TN:
SF:src\modules\balance\balance.module.ts
FNF:0
FNH:0
DA:1,10
DA:2,10
DA:4,10
DA:5,10
DA:6,10
DA:7,10
DA:8,10
DA:9,10
DA:17,10
LF:9
LH:9
BRF:0
BRH:0
end_of_record
TN:
SF:src\modules\balance\balance.repository.ts
FN:9,(anonymous_2)
FN:11,(anonymous_3)
FN:15,(anonymous_4)
FN:20,(anonymous_5)
FNF:4
FNH:3
FNDA:25,(anonymous_2)
FNDA:39,(anonymous_3)
FNDA:0,(anonymous_4)
FNDA:38,(anonymous_5)
DA:1,11
DA:2,11
DA:5,11
DA:8,11
DA:9,25
DA:12,39
DA:16,0
DA:17,0
DA:26,38
LF:9
LH:7
BRDA:9,0,0,11
BRDA:9,0,1,0
BRDA:9,1,0,11
BRDA:9,1,1,11
BRF:4
BRH:3
end_of_record
TN:
SF:src\modules\balance\balance.service.ts
FN:18,(anonymous_2)
FN:24,(anonymous_3)
FN:52,(anonymous_4)
FN:99,(anonymous_5)
FN:105,(anonymous_6)
FN:140,(anonymous_7)
FN:144,(anonymous_8)
FN:152,(anonymous_9)
FN:185,(anonymous_10)
FN:186,(anonymous_11)
FNF:10
FNH:10
FNDA:29,(anonymous_2)
FNDA:43,(anonymous_3)
FNDA:1,(anonymous_4)
FNDA:38,(anonymous_5)
FNDA:38,(anonymous_6)
FNDA:45,(anonymous_7)
FNDA:1,(anonymous_8)
FNDA:2,(anonymous_9)
FNDA:39,(anonymous_10)
FNDA:39,(anonymous_11)
DA:1,11
DA:2,11
DA:3,11
DA:5,11
DA:6,11
DA:7,11
DA:8,11
DA:9,11
DA:10,11
DA:12,11
DA:15,11
DA:16,29
DA:19,29
DA:20,29
DA:21,29
DA:25,43
DA:26,43
DA:28,4
DA:30,4
DA:31,3
DA:32,3
DA:33,1
DA:37,1
DA:39,2
DA:44,1
DA:45,0
DA:50,1
DA:52,1
DA:53,1
DA:57,1
DA:80,1
DA:81,1
DA:92,0
DA:94,1
DA:95,1
DA:105,38
DA:106,38
DA:110,38
DA:111,0
DA:112,0
DA:113,0
DA:114,0
DA:119,0
DA:120,0
DA:133,0
DA:136,38
DA:141,45
DA:149,1
DA:150,1
DA:152,1
DA:157,2
DA:158,2
DA:177,1
DA:178,1
DA:180,1
DA:181,1
DA:186,39
LF:57
LH:48
BRDA:26,0,0,39
BRDA:26,1,0,43
BRDA:26,1,1,42
BRDA:30,2,0,3
BRDA:31,3,0,3
BRDA:31,3,1,1
BRDA:32,4,0,1
BRDA:32,5,0,3
BRDA:32,5,1,3
BRDA:44,6,0,0
BRDA:57,7,0,1
BRDA:57,7,1,0
BRDA:80,8,0,1
BRDA:80,8,1,0
BRDA:110,9,0,0
BRDA:112,10,0,0
BRDA:113,11,0,0
BRDA:157,12,0,0
BRDA:177,13,0,1
BRDA:177,13,1,0
BRDA:178,14,0,1
BRDA:178,14,1,0
BRDA:180,15,0,1
BRDA:19,16,0,11
BRDA:19,16,1,0
BRDA:19,17,0,11
BRDA:19,17,1,11
BRDA:19,18,0,11
BRDA:19,18,1,0
BRDA:19,19,0,11
BRDA:19,19,1,11
BRDA:20,20,0,11
BRDA:20,20,1,0
BRDA:20,21,0,11
BRDA:20,21,1,11
BRF:35
BRH:23
end_of_record
TN:
SF:src\modules\balance\entities\balance-change-log.entity.ts
FNF:0
FNH:0
DA:1,11
DA:3,11
DA:8,11
DA:10,11
DA:13,11
DA:16,11
DA:19,11
DA:22,11
DA:25,11
DA:28,11
DA:31,11
DA:34,11
DA:37,11
DA:40,11
DA:43,11
DA:46,11
LF:16
LH:16
BRDA:22,0,0,0
BRDA:22,0,1,11
BRDA:22,1,0,11
BRDA:22,1,1,11
BRDA:37,2,0,0
BRDA:37,2,1,11
BRDA:37,3,0,11
BRDA:37,3,1,11
BRF:8
BRH:6
end_of_record
TN:
SF:src\modules\balance\entities\balance.entity.ts
FNF:0
FNH:0
DA:1,11
DA:3,11
DA:8,11
DA:10,11
DA:13,11
DA:16,11
DA:19,11
DA:22,11
DA:25,11
DA:28,11
DA:31,11
DA:34,11
DA:37,11
DA:40,11
LF:14
LH:14
BRDA:19,0,0,0
BRDA:19,0,1,11
BRDA:19,1,0,11
BRDA:19,1,1,11
BRF:4
BRH:3
end_of_record
TN:
SF:src\modules\hcm-client\hcm-balance-fetcher.service.ts
FN:8,(anonymous_2)
FN:10,(anonymous_3)
FN:16,(anonymous_4)
FNF:3
FNH:3
FNDA:25,(anonymous_2)
FNDA:1,(anonymous_3)
FNDA:1,(anonymous_4)
DA:1,11
DA:3,11
DA:7,11
DA:8,25
DA:15,1
DA:16,1
LF:6
LH:6
BRDA:8,0,0,11
BRDA:8,0,1,0
BRDA:8,1,0,11
BRDA:8,1,1,11
BRF:4
BRH:3
end_of_record
TN:
SF:src\modules\hcm-client\hcm-client.module.ts
FNF:0
FNH:0
DA:1,10
DA:2,10
DA:4,10
DA:5,10
DA:6,10
DA:13,10
LF:6
LH:6
BRF:0
BRH:0
end_of_record
TN:
SF:src\modules\hcm-client\hcm-client.service.ts
FN:11,(anonymous_3)
FN:16,(anonymous_4)
FN:20,(anonymous_5)
FN:27,(anonymous_6)
FN:27,(anonymous_7)
FNF:5
FNH:4
FNDA:17,(anonymous_3)
FNDA:0,(anonymous_4)
FNDA:3,(anonymous_5)
FNDA:3,(anonymous_6)
FNDA:1,(anonymous_7)
DA:1,12
DA:2,12
DA:3,12
DA:8,12
DA:11,17
DA:12,17
DA:13,17
DA:17,0
DA:24,3
DA:25,3
DA:27,3
DA:29,0
DA:31,3
DA:32,1
DA:34,2
DA:35,2
DA:36,2
DA:43,0
DA:44,0
LF:19
LH:15
BRDA:12,0,0,17
BRDA:12,0,1,17
BRDA:31,1,0,1
BRDA:34,2,0,2
BRDA:38,3,0,1
BRDA:38,3,1,1
BRDA:11,4,0,12
BRDA:11,4,1,0
BRDA:11,5,0,12
BRDA:11,5,1,12
BRF:10
BRH:9
end_of_record
TN:
SF:src\modules\hcm-client\hcm-deduction-writer.service.ts
FN:8,(anonymous_2)
FN:10,(anonymous_3)
FN:12,(anonymous_4)
FN:17,(anonymous_5)
FN:19,(anonymous_6)
FNF:5
FNH:5
FNDA:14,(anonymous_2)
FNDA:15,(anonymous_3)
FNDA:15,(anonymous_4)
FNDA:4,(anonymous_5)
FNDA:4,(anonymous_6)
DA:1,10
DA:3,10
DA:7,10
DA:8,14
DA:11,15
DA:12,15
DA:18,4
DA:19,4
LF:8
LH:8
BRDA:8,0,0,10
BRDA:8,0,1,0
BRDA:8,1,0,10
BRDA:8,1,1,10
BRF:4
BRH:3
end_of_record
TN:
SF:src\modules\idempotency\idempotency.cleanup.ts
FN:8,(anonymous_2)
FN:11,(anonymous_3)
FNF:2
FNH:1
FNDA:28,(anonymous_2)
FNDA:0,(anonymous_3)
DA:1,11
DA:2,11
DA:4,11
DA:7,11
DA:8,28
DA:11,11
DA:12,0
LF:7
LH:6
BRDA:11,0,0,11
BRDA:11,0,1,0
BRDA:11,1,0,11
BRDA:11,1,1,11
BRDA:8,2,0,11
BRDA:8,2,1,0
BRDA:8,3,0,11
BRDA:8,3,1,11
BRF:8
BRH:6
end_of_record
TN:
SF:src\modules\idempotency\idempotency.interceptor.ts
FN:13,isUuidV4
FN:17,stableJson
FN:22,(anonymous_4)
FN:29,(anonymous_5)
FN:31,(anonymous_6)
FN:47,(anonymous_7)
FN:63,(anonymous_8)
FN:64,(anonymous_9)
FN:68,(anonymous_10)
FN:70,(anonymous_11)
FN:78,(anonymous_12)
FN:100,(anonymous_13)
FN:103,(anonymous_14)
FN:110,(anonymous_15)
FN:112,(anonymous_16)
FN:113,(anonymous_17)
FN:114,(anonymous_18)
FN:114,(anonymous_19)
FN:119,(anonymous_20)
FNF:19
FNH:15
FNDA:59,isUuidV4
FNDA:283,stableJson
FNDA:222,(anonymous_4)
FNDA:53,(anonymous_5)
FNDA:76,(anonymous_6)
FNDA:0,(anonymous_7)
FNDA:0,(anonymous_8)
FNDA:0,(anonymous_9)
FNDA:59,(anonymous_10)
FNDA:59,(anonymous_11)
FNDA:59,(anonymous_12)
FNDA:58,(anonymous_13)
FNDA:40,(anonymous_14)
FNDA:40,(anonymous_15)
FNDA:7,(anonymous_16)
FNDA:0,(anonymous_17)
FNDA:7,(anonymous_18)
FNDA:7,(anonymous_19)
FNDA:59,(anonymous_20)
DA:1,11
DA:9,11
DA:11,11
DA:14,59
DA:18,283
DA:19,63
DA:20,61
DA:21,61
DA:22,222
DA:26,11
DA:27,11
DA:29,53
DA:32,76
DA:33,76
DA:34,76
DA:36,76
DA:38,59
DA:39,59
DA:40,59
DA:42,59
DA:43,59
DA:44,59
DA:45,59
DA:47,59
DA:48,0
DA:49,0
DA:50,0
DA:51,0
DA:56,0
DA:57,0
DA:60,59
DA:61,59
DA:62,0
DA:63,0
DA:64,0
DA:68,59
DA:70,59
DA:71,59
DA:73,59
DA:75,59
DA:77,59
DA:79,59
DA:80,12
DA:81,1
DA:86,11
DA:87,11
DA:90,47
DA:91,0
DA:92,0
DA:95,47
DA:96,47
DA:97,47
DA:98,47
DA:101,58
DA:102,47
DA:104,40
DA:110,40
DA:113,7
DA:114,7
DA:120,59
DA:121,59
LF:61
LH:50
BRDA:18,0,0,220
BRDA:18,1,0,283
BRDA:18,1,1,283
BRDA:19,2,0,2
BRDA:36,3,0,17
BRDA:39,4,0,0
BRDA:40,5,0,0
BRDA:49,6,0,0
BRDA:50,7,0,0
BRDA:56,8,0,0
BRDA:56,8,1,0
BRDA:61,9,0,0
BRDA:64,10,0,0
BRDA:64,10,1,0
BRDA:79,11,0,12
BRDA:80,12,0,1
BRDA:86,13,0,11
BRDA:86,13,1,0
BRDA:90,14,0,0
BRDA:92,15,0,0
BRDA:101,16,0,11
BRDA:29,17,0,11
BRDA:29,17,1,0
BRDA:29,18,0,11
BRDA:29,18,1,11
BRF:25
BRH:12
end_of_record
TN:
SF:src\modules\idempotency\idempotency.module.ts
FNF:0
FNH:0
DA:1,11
DA:2,11
DA:3,11
DA:5,11
DA:6,11
DA:7,11
DA:8,11
DA:15,11
LF:8
LH:8
BRF:0
BRH:0
end_of_record
TN:
SF:src\modules\idempotency\idempotency.repository.ts
FN:8,(anonymous_2)
FN:10,(anonymous_3)
FN:14,(anonymous_4)
FN:29,(anonymous_5)
FN:32,(anonymous_6)
FN:43,(anonymous_7)
FN:47,(anonymous_8)
FNF:7
FNH:6
FNDA:28,(anonymous_2)
FNDA:61,(anonymous_3)
FNDA:47,(anonymous_4)
FNDA:47,(anonymous_5)
FNDA:40,(anonymous_6)
FNDA:7,(anonymous_7)
FNDA:0,(anonymous_8)
DA:1,11
DA:2,11
DA:4,11
DA:7,11
DA:8,28
DA:11,61
DA:20,47
DA:29,47
DA:33,40
DA:44,7
DA:48,0
DA:55,0
LF:12
LH:10
BRDA:55,0,0,0
BRDA:55,0,1,0
BRDA:8,1,0,11
BRDA:8,1,1,0
BRDA:8,2,0,11
BRDA:8,2,1,11
BRF:6
BRH:3
end_of_record
TN:
SF:src\modules\idempotency\entities\idempotency-record.entity.ts
FNF:0
FNH:0
DA:1,11
DA:5,11
DA:7,11
DA:10,11
DA:13,11
DA:16,11
DA:19,11
DA:22,11
DA:25,11
LF:9
LH:9
BRF:0
BRH:0
end_of_record
TN:
SF:src\modules\outbox\outbox.module.ts
FNF:0
FNH:0
DA:1,10
DA:3,10
DA:4,10
DA:5,10
DA:6,10
DA:13,10
LF:6
LH:6
BRF:0
BRH:0
end_of_record
TN:
SF:src\modules\outbox\outbox.processor.ts
FN:32,(anonymous_2)
FN:54,(anonymous_3)
FN:105,(anonymous_4)
FN:285,(anonymous_5)
FN:304,(anonymous_6)
FNF:5
FNH:5
FNDA:61,(anonymous_2)
FNDA:45,(anonymous_3)
FNDA:10,(anonymous_4)
FNDA:81,(anonymous_5)
FNDA:79,(anonymous_6)
DA:1,10
DA:2,10
DA:3,10
DA:5,10
DA:6,10
DA:7,10
DA:8,10
DA:9,10
DA:11,10
DA:12,10
DA:13,10
DA:14,10
DA:16,10
DA:19,10
DA:20,25
DA:33,61
DA:34,61
DA:39,58
DA:41,58
DA:42,3
DA:43,3
DA:46,55
DA:47,45
DA:48,44
DA:51,10
DA:55,45
DA:56,45
DA:57,33
DA:58,33
DA:62,33
DA:63,33
DA:66,45
DA:76,45
DA:86,45
DA:87,31
DA:88,31
DA:91,14
DA:92,4
DA:93,4
DA:97,10
DA:101,8
DA:106,10
DA:107,10
DA:116,10
DA:117,10
DA:118,4
DA:123,4
DA:126,4
DA:136,4
DA:145,4
DA:146,4
DA:150,4
DA:151,4
DA:152,4
DA:155,6
DA:156,4
DA:157,4
DA:159,2
DA:160,0
DA:162,2
DA:292,81
DA:312,79
DA:313,72
LF:63
LH:62
BRDA:41,0,0,3
BRDA:46,1,0,45
BRDA:56,2,0,33
BRDA:86,3,0,31
BRDA:86,4,0,45
BRDA:86,4,1,15
BRDA:86,4,2,5
BRDA:91,5,0,4
BRDA:97,6,0,8
BRDA:117,7,0,4
BRDA:117,8,0,10
BRDA:117,8,1,7
BRDA:117,8,2,5
BRDA:131,9,0,4
BRDA:131,9,1,0
BRDA:131,10,0,3
BRDA:131,10,1,1
BRDA:155,11,0,4
BRDA:159,12,0,0
BRDA:159,12,1,2
BRDA:290,13,0,72
BRDA:312,14,0,7
BRDA:25,15,0,10
BRDA:25,15,1,0
BRDA:25,16,0,10
BRDA:25,16,1,10
BRDA:25,17,0,10
BRDA:25,17,1,0
BRDA:25,18,0,10
BRDA:25,18,1,10
BRDA:27,19,0,10
BRDA:27,19,1,0
BRDA:27,20,0,10
BRDA:27,20,1,10
BRF:34
BRH:29
end_of_record
TN:
SF:src\modules\outbox\outbox.repository.ts
FN:9,(anonymous_2)
FN:11,(anonymous_3)
FN:35,(anonymous_4)
FN:46,(anonymous_5)
FN:57,(anonymous_6)
FN:61,(anonymous_7)
FN:75,(anonymous_8)
FNF:7
FNH:7
FNDA:25,(anonymous_2)
FNDA:181,(anonymous_3)
FNDA:52,(anonymous_4)
FNDA:181,(anonymous_5)
FNDA:39,(anonymous_6)
FNDA:10,(anonymous_7)
FNDA:9,(anonymous_8)
DA:1,10
DA:2,10
DA:3,10
DA:5,10
DA:8,10
DA:9,25
DA:12,181
DA:13,181
DA:14,181
DA:15,181
DA:16,181
DA:17,181
DA:28,181
DA:32,181
DA:33,181
DA:34,25
DA:35,52
DA:39,0
DA:40,0
DA:42,181
DA:47,181
DA:48,181
DA:58,39
DA:62,10
DA:63,10
DA:64,10
DA:76,9
LF:27
LH:25
BRDA:11,0,0,0
BRDA:33,1,0,156
BRDA:9,2,0,10
BRDA:9,2,1,0
BRDA:9,3,0,10
BRDA:9,3,1,10
BRF:6
BRH:4
end_of_record
TN:
SF:src\modules\outbox\outbox.worker.ts
FN:11,(anonymous_2)
FN:17,(anonymous_3)
FNF:2
FNH:2
FNDA:25,(anonymous_2)
FNDA:181,(anonymous_3)
DA:1,10
DA:2,10
DA:4,10
DA:5,10
DA:8,10
DA:9,25
DA:12,25
DA:13,25
DA:17,10
DA:18,181
DA:19,181
DA:20,181
DA:21,181
DA:22,52
DA:23,52
DA:24,48
DA:32,4
LF:17
LH:17
BRDA:18,0,0,0
BRDA:38,1,0,4
BRDA:38,1,1,0
BRDA:17,2,0,10
BRDA:17,2,1,0
BRDA:17,3,0,10
BRDA:17,3,1,10
BRDA:12,4,0,10
BRDA:12,4,1,0
BRDA:12,5,0,10
BRDA:12,5,1,10
BRDA:12,6,0,10
BRDA:12,6,1,0
BRDA:12,7,0,10
BRDA:12,7,1,10
BRF:15
BRH:10
end_of_record
TN:
SF:src\modules\sync\batch-pull.worker.ts
FN:21,(anonymous_2)
FN:28,(anonymous_3)
FN:40,(anonymous_4)
FNF:3
FNH:1
FNDA:25,(anonymous_2)
FNDA:0,(anonymous_3)
FNDA:0,(anonymous_4)
DA:1,10
DA:2,10
DA:3,10
DA:5,10
DA:6,10
DA:7,10
DA:18,10
DA:19,25
DA:22,25
DA:23,25
DA:24,25
DA:28,10
DA:29,0
DA:30,0
DA:31,0
DA:32,0
DA:34,0
DA:35,0
DA:36,0
DA:37,0
DA:39,0
DA:40,0
DA:44,0
DA:45,0
DA:46,0
DA:49,0
DA:50,0
DA:52,0
DA:53,0
DA:54,0
LF:30
LH:12
BRDA:29,0,0,0
BRDA:31,1,0,0
BRDA:31,1,1,0
BRDA:36,2,0,0
BRDA:36,2,1,0
BRDA:37,3,0,0
BRDA:44,4,0,0
BRDA:50,5,0,0
BRDA:50,6,0,0
BRDA:50,6,1,0
BRDA:50,7,0,0
BRDA:50,7,1,0
BRDA:52,8,0,0
BRDA:52,8,1,0
BRDA:53,9,0,0
BRDA:54,10,0,0
BRDA:54,10,1,0
BRDA:28,11,0,10
BRDA:28,11,1,0
BRDA:28,12,0,10
BRDA:28,12,1,10
BRDA:22,13,0,10
BRDA:22,13,1,0
BRDA:22,14,0,10
BRDA:22,14,1,10
BRDA:22,15,0,10
BRDA:22,15,1,0
BRDA:22,16,0,10
BRDA:22,16,1,10
BRDA:23,17,0,10
BRDA:23,17,1,0
BRDA:23,18,0,10
BRDA:23,18,1,10
BRF:33
BRH:12
end_of_record
TN:
SF:src\modules\sync\batch-sync.controller.ts
FN:10,(anonymous_4)
FN:17,(anonymous_5)
FN:32,(anonymous_6)
FN:62,(anonymous_7)
FN:63,(anonymous_8)
FNF:5
FNH:2
FNDA:25,(anonymous_4)
FNDA:2,(anonymous_5)
FNDA:0,(anonymous_6)
FNDA:0,(anonymous_7)
FNDA:0,(anonymous_8)
DA:1,10
DA:2,10
DA:3,10
DA:5,10
DA:6,10
DA:9,10
DA:11,25
DA:12,25
DA:17,10
DA:21,2
DA:22,2
DA:32,10
DA:40,0
DA:45,0
DA:46,0
DA:56,0
DA:57,0
DA:62,0
DA:63,0
LF:19
LH:12
BRDA:21,0,0,2
BRDA:21,0,1,0
BRDA:45,1,0,0
BRDA:20,2,0,10
BRDA:20,2,1,0
BRDA:20,3,0,10
BRDA:20,3,1,10
BRDA:32,4,0,10
BRDA:32,4,1,0
BRDA:32,5,0,10
BRDA:32,5,1,10
BRDA:11,6,0,10
BRDA:11,6,1,0
BRDA:11,7,0,10
BRDA:11,7,1,10
BRDA:11,8,0,10
BRDA:11,8,1,0
BRDA:11,9,0,10
BRDA:11,9,1,10
BRF:19
BRH:13
end_of_record
TN:
SF:src\modules\sync\batch-sync.service.ts
FN:23,(anonymous_2)
FN:25,(anonymous_3)
FN:30,(anonymous_4)
FN:58,(anonymous_5)
FN:59,(anonymous_6)
FNF:5
FNH:5
FNDA:25,(anonymous_2)
FNDA:4,(anonymous_3)
FNDA:2,(anonymous_4)
FNDA:2,(anonymous_5)
FNDA:2,(anonymous_6)
DA:1,10
DA:2,10
DA:3,10
DA:5,10
DA:6,10
DA:7,10
DA:8,10
DA:20,10
DA:21,25
DA:23,25
DA:26,4
DA:27,4
DA:31,2
DA:32,2
DA:33,2
DA:35,2
DA:36,2
DA:37,2
DA:38,2
DA:39,1
DA:41,0
DA:42,0
DA:46,2
DA:47,2
DA:55,2
DA:59,2
DA:60,2
DA:61,2
DA:65,2
DA:66,0
DA:67,0
DA:80,0
DA:112,0
DA:115,2
DA:116,2
DA:117,2
DA:118,1
DA:120,1
DA:124,0
DA:127,1
DA:136,1
DA:138,1
DA:139,1
DA:140,1
DA:152,1
DA:153,1
DA:169,1
DA:170,1
DA:186,1
LF:49
LH:42
BRDA:26,0,0,4
BRDA:26,0,1,0
BRDA:38,1,0,1
BRDA:38,1,1,1
BRDA:65,2,0,0
BRDA:117,3,0,1
BRDA:117,4,0,2
BRDA:117,4,1,2
BRDA:117,4,2,2
BRDA:120,5,0,0
BRDA:121,6,0,1
BRDA:121,6,1,1
BRDA:121,6,2,0
BRDA:136,7,0,1
BRDA:136,7,1,0
BRDA:152,8,0,1
BRDA:169,9,0,1
BRDA:23,10,0,10
BRDA:23,10,1,0
BRDA:23,11,0,10
BRDA:23,11,1,10
BRF:21
BRH:15
end_of_record
TN:
SF:src\modules\sync\reconciliation.worker.ts
FN:17,(anonymous_2)
FN:23,(anonymous_3)
FN:31,(anonymous_4)
FN:70,(anonymous_5)
FNF:4
FNH:1
FNDA:25,(anonymous_2)
FNDA:0,(anonymous_3)
FNDA:0,(anonymous_4)
FNDA:0,(anonymous_5)
DA:1,10
DA:2,10
DA:3,10
DA:4,10
DA:6,10
DA:7,10
DA:8,10
DA:10,10
DA:11,10
DA:14,10
DA:15,25
DA:18,25
DA:19,25
DA:23,10
DA:24,0
DA:25,0
DA:26,0
DA:28,0
DA:29,0
DA:30,0
DA:32,0
DA:37,0
DA:38,0
DA:39,0
DA:42,0
DA:43,0
DA:45,0
DA:46,0
DA:62,0
DA:64,0
DA:66,0
DA:68,0
DA:70,0
DA:71,0
DA:79,0
DA:94,0
DA:101,0
LF:37
LH:14
BRDA:24,0,0,0
BRDA:37,1,0,0
BRDA:43,2,0,0
BRDA:66,3,0,0
BRDA:66,3,1,0
BRDA:68,4,0,0
BRDA:23,5,0,10
BRDA:23,5,1,0
BRDA:23,6,0,10
BRDA:23,6,1,10
BRDA:18,7,0,10
BRDA:18,7,1,0
BRDA:18,8,0,10
BRDA:18,8,1,10
BRDA:18,9,0,10
BRDA:18,9,1,0
BRDA:18,10,0,10
BRDA:18,10,1,10
BRF:18
BRH:9
end_of_record
TN:
SF:src\modules\sync\sync.module.ts
FNF:0
FNH:0
DA:1,10
DA:2,10
DA:4,10
DA:5,10
DA:6,10
DA:7,10
DA:8,10
DA:9,10
DA:10,10
DA:18,10
LF:10
LH:10
BRF:0
BRH:0
end_of_record
TN:
SF:src\modules\sync\entities\reconciliation-log.entity.ts
FNF:0
FNH:0
DA:1,10
DA:4,10
DA:6,10
DA:9,10
DA:12,10
DA:15,10
DA:18,10
DA:21,10
DA:24,10
DA:27,10
DA:30,10
DA:33,10
DA:36,10
DA:39,10
DA:42,10
DA:45,10
LF:16
LH:16
BRF:0
BRH:0
end_of_record
TN:
SF:src\modules\sync\entities\sync-checkpoint.entity.ts
FNF:0
FNH:0
DA:1,10
DA:4,10
DA:6,10
DA:9,10
DA:12,10
DA:15,10
DA:18,10
LF:7
LH:7
BRF:0
BRH:0
end_of_record
TN:
SF:src\modules\time-off\time-off.controller.ts
FN:8,(anonymous_4)
FN:12,(anonymous_5)
FN:21,(anonymous_6)
FN:27,(anonymous_7)
FNF:4
FNH:4
FNDA:25,(anonymous_4)
FNDA:37,(anonymous_5)
FNDA:10,(anonymous_6)
FNDA:5,(anonymous_7)
DA:1,10
DA:2,10
DA:4,10
DA:7,10
DA:8,25
DA:12,10
DA:17,37
DA:21,10
DA:22,10
DA:27,10
DA:31,5
LF:11
LH:11
BRDA:8,0,0,10
BRDA:8,0,1,0
BRDA:8,1,0,10
BRDA:8,1,1,10
BRF:4
BRH:3
end_of_record
TN:
SF:src\modules\time-off\time-off.module.ts
FNF:0
FNH:0
DA:1,10
DA:2,10
DA:4,10
DA:5,10
DA:6,10
DA:7,10
DA:8,10
DA:9,10
DA:10,10
DA:17,10
LF:10
LH:10
BRF:0
BRH:0
end_of_record
TN:
SF:src\modules\time-off\time-off.service.ts
FN:31,(anonymous_2)
FN:37,(anonymous_3)
FN:55,(anonymous_4)
FN:154,(anonymous_5)
FN:185,(anonymous_6)
FN:193,(anonymous_7)
FN:246,(anonymous_8)
FN:292,(anonymous_9)
FN:307,(anonymous_10)
FNF:9
FNH:9
FNDA:25,(anonymous_2)
FNDA:37,(anonymous_3)
FNDA:37,(anonymous_4)
FNDA:10,(anonymous_5)
FNDA:5,(anonymous_6)
FNDA:1,(anonymous_7)
FNDA:2,(anonymous_8)
FNDA:37,(anonymous_9)
FNDA:37,(anonymous_10)
DA:1,10
DA:2,10
DA:3,10
DA:5,10
DA:6,10
DA:11,10
DA:12,10
DA:13,10
DA:14,10
DA:15,10
DA:16,10
DA:17,10
DA:18,10
DA:30,10
DA:32,25
DA:33,25
DA:34,25
DA:42,37
DA:44,37
DA:45,37
DA:46,0
DA:49,37
DA:51,37
DA:56,37
DA:62,37
DA:63,0
DA:66,37
DA:67,37
DA:68,5
DA:71,32
DA:72,32
DA:74,32
DA:98,32
DA:120,32
DA:121,32
DA:123,32
DA:124,32
DA:125,32
DA:129,32
DA:142,32
DA:146,32
DA:168,10
DA:169,10
DA:189,5
DA:190,5
DA:192,5
DA:193,1
DA:194,1
DA:200,1
DA:202,1
DA:203,1
DA:204,1
DA:205,1
DA:207,1
DA:211,1
DA:212,1
DA:213,1
DA:229,1
DA:240,1
DA:243,4
DA:244,2
DA:245,2
DA:246,2
DA:247,2
DA:255,2
DA:273,2
DA:284,2
DA:287,2
DA:293,37
DA:294,0
DA:296,37
DA:297,0
DA:299,37
DA:300,0
DA:302,37
DA:303,0
DA:308,37
DA:309,37
DA:310,37
DA:311,37
DA:312,76
DA:313,76
DA:315,37
LF:83
LH:77
BRDA:45,0,0,0
BRDA:62,1,0,0
BRDA:67,2,0,5
BRDA:190,3,0,0
BRDA:192,4,0,1
BRDA:200,5,0,0
BRDA:212,6,0,1
BRDA:243,7,0,2
BRDA:260,8,0,2
BRDA:260,8,1,2
BRDA:261,9,0,2
BRDA:261,9,1,0
BRDA:293,10,0,0
BRDA:296,11,0,0
BRDA:299,12,0,0
BRDA:302,13,0,0
BRDA:313,14,0,41
BRDA:313,15,0,76
BRDA:313,15,1,76
BRDA:32,16,0,10
BRDA:32,16,1,0
BRDA:32,17,0,10
BRDA:32,17,1,10
BRDA:32,18,0,10
BRDA:32,18,1,0
BRDA:32,19,0,10
BRDA:32,19,1,10
BRDA:33,20,0,10
BRDA:33,20,1,0
BRDA:33,21,0,10
BRDA:33,21,1,10
BRF:31
BRH:19
end_of_record
TN:
SF:src\modules\time-off\entities\outbox.entity.ts
FNF:0
FNH:0
DA:1,10
DA:3,10
DA:7,10
DA:9,10
DA:12,10
DA:15,10
DA:18,10
DA:21,10
DA:24,10
DA:27,10
DA:30,10
DA:33,10
DA:36,10
LF:13
LH:13
BRDA:12,0,0,0
BRDA:12,0,1,10
BRDA:12,1,0,10
BRDA:12,1,1,10
BRF:4
BRH:3
end_of_record
TN:
SF:src\modules\time-off\entities\request-audit-log.entity.ts
FNF:0
FNH:0
DA:1,10
DA:3,10
DA:7,10
DA:9,10
DA:12,10
DA:15,10
DA:18,10
DA:21,10
DA:24,10
DA:27,10
DA:30,10
LF:11
LH:11
BRDA:18,0,0,0
BRDA:18,0,1,10
BRDA:18,1,0,10
BRDA:18,1,1,10
BRF:4
BRH:3
end_of_record
TN:
SF:src\modules\time-off\entities\time-off-request.entity.ts
FNF:0
FNH:0
DA:1,10
DA:3,10
DA:9,10
DA:11,10
DA:14,10
DA:17,10
DA:20,10
DA:23,10
DA:26,10
DA:29,10
DA:32,10
DA:35,10
DA:38,10
DA:41,10
DA:44,10
DA:47,10
DA:50,10
DA:53,10
DA:56,10
DA:59,10
DA:62,10
DA:65,10
DA:68,10
DA:71,10
LF:24
LH:24
BRDA:23,0,0,0
BRDA:23,0,1,10
BRDA:23,1,0,10
BRDA:23,1,1,10
BRDA:35,2,0,0
BRDA:35,2,1,10
BRDA:35,3,0,10
BRDA:35,3,1,10
BRF:8
BRH:6
end_of_record
TN:
SF:test\helpers\hcm-mock-control.ts
FN:2,(anonymous_0)
FN:4,(anonymous_1)
FN:20,(anonymous_2)
FN:32,(anonymous_3)
FN:36,(anonymous_4)
FN:50,(anonymous_5)
FN:54,(anonymous_6)
FNF:7
FNH:5
FNDA:14,(anonymous_0)
FNDA:9,(anonymous_1)
FNDA:5,(anonymous_2)
FNDA:14,(anonymous_3)
FNDA:0,(anonymous_4)
FNDA:0,(anonymous_5)
FNDA:28,(anonymous_6)
DA:1,4
DA:2,14
DA:10,9
DA:25,5
DA:33,14
DA:39,0
DA:40,0
DA:41,0
DA:51,0
DA:55,28
DA:60,25
LF:11
LH:7
BRDA:40,0,0,0
BRDA:60,1,0,0
BRF:2
BRH:0
end_of_record
