TN:
SF:src\app.module.ts
FN:22,(anonymous_1)
FNF:1
FNH:1
FNDA:8,(anonymous_1)
DA:1,3
DA:2,3
DA:3,3
DA:4,3
DA:6,3
DA:7,3
DA:8,3
DA:9,3
DA:10,3
DA:11,3
DA:12,3
DA:13,3
DA:23,8
DA:40,3
LF:14
LH:14
BRDA:20,0,0,3
BRDA:20,0,1,3
BRDA:20,1,0,3
BRDA:20,1,1,0
BRF:4
BRH:3
end_of_record
TN:
SF:src\health.controller.ts
FN:11,(anonymous_2)
FN:17,(anonymous_3)
FN:25,(anonymous_4)
FNF:3
FNH:1
FNDA:8,(anonymous_2)
FNDA:0,(anonymous_3)
FNDA:0,(anonymous_4)
DA:1,3
DA:2,3
DA:4,3
DA:5,3
DA:6,3
DA:7,3
DA:10,3
DA:12,8
DA:13,8
DA:17,3
DA:24,0
DA:25,0
DA:28,0
DA:31,0
DA:32,0
DA:38,0
LF:16
LH:10
BRDA:42,0,0,0
BRDA:42,0,1,0
BRDA:43,1,0,0
BRDA:43,1,1,0
BRDA:17,2,0,3
BRDA:17,2,1,0
BRDA:17,3,0,3
BRDA:17,3,1,3
BRDA:12,4,0,3
BRDA:12,4,1,0
BRDA:12,5,0,3
BRDA:12,5,1,3
BRDA:12,6,0,3
BRDA:12,6,1,0
BRDA:12,7,0,3
BRDA:12,7,1,3
BRF:16
BRH:9
end_of_record
TN:
SF:src\domain\enums.ts
FN:1,(anonymous_0)
FN:9,(anonymous_1)
FN:19,(anonymous_2)
FN:24,(anonymous_3)
FNF:4
FNH:4
FNDA:3,(anonymous_0)
FNDA:3,(anonymous_1)
FNDA:3,(anonymous_2)
FNDA:3,(anonymous_3)
DA:1,3
DA:2,3
DA:3,3
DA:4,3
DA:5,3
DA:6,3
DA:9,3
DA:10,3
DA:11,3
DA:12,3
DA:13,3
DA:14,3
DA:15,3
DA:16,3
DA:19,3
DA:20,3
DA:21,3
DA:24,3
DA:25,3
DA:26,3
DA:27,3
DA:28,3
DA:29,3
LF:23
LH:23
BRDA:1,0,0,3
BRDA:1,0,1,3
BRDA:9,1,0,3
BRDA:9,1,1,3
BRDA:19,2,0,3
BRDA:19,2,1,3
BRDA:24,3,0,3
BRDA:24,3,1,3
BRF:8
BRH:8
end_of_record
TN:
SF:src\domain\exceptions.ts
FN:5,(anonymous_0)
FN:13,(anonymous_1)
FN:19,(anonymous_2)
FN:25,(anonymous_3)
FN:31,(anonymous_4)
FN:37,(anonymous_5)
FN:43,(anonymous_6)
FNF:7
FNH:0
FNDA:0,(anonymous_0)
FNDA:0,(anonymous_1)
FNDA:0,(anonymous_2)
FNDA:0,(anonymous_3)
FNDA:0,(anonymous_4)
FNDA:0,(anonymous_5)
FNDA:0,(anonymous_6)
DA:1,3
DA:6,0
DA:7,0
DA:8,0
DA:12,3
DA:14,0
DA:18,3
DA:20,0
DA:24,3
DA:26,0
DA:30,3
DA:32,0
DA:36,3
DA:38,0
DA:42,3
DA:44,0
LF:16
LH:7
BRDA:13,0,0,0
BRDA:19,1,0,0
BRDA:25,2,0,0
BRDA:31,3,0,0
BRDA:37,4,0,0
BRDA:43,5,0,0
BRF:6
BRH:0
end_of_record
TN:
SF:src\domain\state-machine.ts
FN:5,(anonymous_0)
FN:12,(anonymous_1)
FNF:2
FNH:0
FNDA:0,(anonymous_0)
FNDA:0,(anonymous_1)
DA:1,3
DA:2,3
DA:4,3
DA:6,0
DA:7,0
DA:8,0
DA:13,0
DA:15,0
DA:18,0
DA:21,0
DA:24,0
DA:27,0
DA:30,0
DA:33,0
DA:36,0
LF:15
LH:3
BRDA:7,0,0,0
BRDA:13,1,0,0
BRDA:13,1,1,0
BRDA:13,1,2,0
BRDA:13,1,3,0
BRDA:13,1,4,0
BRDA:13,1,5,0
BRDA:13,1,6,0
BRDA:13,1,7,0
BRF:9
BRH:0
end_of_record
TN:
SF:src\filters\global-exception.filter.ts
FN:9,(anonymous_1)
FNF:1
FNH:0
FNDA:0,(anonymous_1)
DA:1,3
DA:3,3
DA:6,3
DA:7,8
DA:10,0
DA:11,0
DA:12,0
DA:14,0
DA:15,0
DA:20,0
DA:23,0
DA:24,0
DA:29,0
DA:32,0
DA:33,0
LF:15
LH:4
BRDA:14,0,0,0
BRDA:23,1,0,0
BRF:2
BRH:0
end_of_record
TN:
SF:src\modules\balance\balance.controller.ts
FN:8,(anonymous_4)
FN:11,(anonymous_5)
FNF:2
FNH:1
FNDA:8,(anonymous_4)
FNDA:0,(anonymous_5)
DA:1,3
DA:3,3
DA:4,3
DA:7,3
DA:8,8
DA:11,3
DA:26,0
DA:27,0
LF:8
LH:6
BRDA:14,0,0,0
BRDA:14,0,1,3
BRDA:14,1,0,3
BRDA:14,1,1,3
BRDA:15,2,0,3
BRDA:15,2,1,0
BRDA:15,3,0,3
BRDA:15,3,1,3
BRDA:8,4,0,3
BRDA:8,4,1,0
BRDA:8,5,0,3
BRDA:8,5,1,3
BRF:12
BRH:9
end_of_record
TN:
SF:src\modules\balance\balance.module.ts
FNF:0
FNH:0
DA:1,3
DA:2,3
DA:4,3
DA:5,3
DA:6,3
DA:7,3
DA:8,3
DA:9,3
DA:17,3
LF:9
LH:9
BRF:0
BRH:0
end_of_record
TN:
SF:src\modules\balance\balance.repository.ts
FN:9,(anonymous_2)
FN:11,(anonymous_3)
FN:15,(anonymous_4)
FN:20,(anonymous_5)
FNF:4
FNH:1
FNDA:8,(anonymous_2)
FNDA:0,(anonymous_3)
FNDA:0,(anonymous_4)
FNDA:0,(anonymous_5)
DA:1,3
DA:2,3
DA:5,3
DA:8,3
DA:9,8
DA:12,0
DA:16,0
DA:17,0
DA:26,0
LF:9
LH:5
BRDA:9,0,0,3
BRDA:9,0,1,0
BRDA:9,1,0,3
BRDA:9,1,1,3
BRF:4
BRH:3
end_of_record
TN:
SF:src\modules\balance\balance.service.ts
FN:18,(anonymous_2)
FN:24,(anonymous_3)
FN:52,(anonymous_4)
FN:99,(anonymous_5)
FN:105,(anonymous_6)
FN:140,(anonymous_7)
FN:144,(anonymous_8)
FN:152,(anonymous_9)
FN:185,(anonymous_10)
FN:186,(anonymous_11)
FNF:10
FNH:1
FNDA:8,(anonymous_2)
FNDA:0,(anonymous_3)
FNDA:0,(anonymous_4)
FNDA:0,(anonymous_5)
FNDA:0,(anonymous_6)
FNDA:0,(anonymous_7)
FNDA:0,(anonymous_8)
FNDA:0,(anonymous_9)
FNDA:0,(anonymous_10)
FNDA:0,(anonymous_11)
DA:1,3
DA:2,3
DA:3,3
DA:5,3
DA:6,3
DA:7,3
DA:8,3
DA:9,3
DA:10,3
DA:12,3
DA:15,3
DA:16,8
DA:19,8
DA:20,8
DA:21,8
DA:25,0
DA:26,0
DA:28,0
DA:30,0
DA:31,0
DA:32,0
DA:33,0
DA:37,0
DA:39,0
DA:44,0
DA:45,0
DA:50,0
DA:52,0
DA:53,0
DA:57,0
DA:80,0
DA:81,0
DA:92,0
DA:94,0
DA:95,0
DA:105,0
DA:106,0
DA:110,0
DA:111,0
DA:112,0
DA:113,0
DA:114,0
DA:119,0
DA:120,0
DA:133,0
DA:136,0
DA:141,0
DA:149,0
DA:150,0
DA:152,0
DA:157,0
DA:158,0
DA:177,0
DA:178,0
DA:180,0
DA:181,0
DA:186,0
LF:57
LH:15
BRDA:26,0,0,0
BRDA:26,1,0,0
BRDA:26,1,1,0
BRDA:30,2,0,0
BRDA:31,3,0,0
BRDA:31,3,1,0
BRDA:32,4,0,0
BRDA:32,5,0,0
BRDA:32,5,1,0
BRDA:44,6,0,0
BRDA:57,7,0,0
BRDA:57,7,1,0
BRDA:80,8,0,0
BRDA:80,8,1,0
BRDA:110,9,0,0
BRDA:112,10,0,0
BRDA:113,11,0,0
BRDA:157,12,0,0
BRDA:177,13,0,0
BRDA:177,13,1,0
BRDA:178,14,0,0
BRDA:178,14,1,0
BRDA:180,15,0,0
BRDA:19,16,0,3
BRDA:19,16,1,0
BRDA:19,17,0,3
BRDA:19,17,1,3
BRDA:19,18,0,3
BRDA:19,18,1,0
BRDA:19,19,0,3
BRDA:19,19,1,3
BRDA:20,20,0,3
BRDA:20,20,1,0
BRDA:20,21,0,3
BRDA:20,21,1,3
BRF:35
BRH:9
end_of_record
TN:
SF:src\modules\balance\entities\balance-change-log.entity.ts
FNF:0
FNH:0
DA:1,3
DA:3,3
DA:8,3
DA:10,3
DA:13,3
DA:16,3
DA:19,3
DA:22,3
DA:25,3
DA:28,3
DA:31,3
DA:34,3
DA:37,3
DA:40,3
DA:43,3
DA:46,3
LF:16
LH:16
BRDA:22,0,0,0
BRDA:22,0,1,3
BRDA:22,1,0,3
BRDA:22,1,1,3
BRDA:37,2,0,0
BRDA:37,2,1,3
BRDA:37,3,0,3
BRDA:37,3,1,3
BRF:8
BRH:6
end_of_record
TN:
SF:src\modules\balance\entities\balance.entity.ts
FNF:0
FNH:0
DA:1,3
DA:3,3
DA:8,3
DA:10,3
DA:13,3
DA:16,3
DA:19,3
DA:22,3
DA:25,3
DA:28,3
DA:31,3
DA:34,3
DA:37,3
DA:40,3
LF:14
LH:14
BRDA:19,0,0,0
BRDA:19,0,1,3
BRDA:19,1,0,3
BRDA:19,1,1,3
BRF:4
BRH:3
end_of_record
TN:
SF:src\modules\hcm-client\hcm-balance-fetcher.service.ts
FN:8,(anonymous_2)
FN:10,(anonymous_3)
FN:16,(anonymous_4)
FNF:3
FNH:1
FNDA:8,(anonymous_2)
FNDA:0,(anonymous_3)
FNDA:0,(anonymous_4)
DA:1,3
DA:3,3
DA:7,3
DA:8,8
DA:15,0
DA:16,0
LF:6
LH:4
BRDA:8,0,0,3
BRDA:8,0,1,0
BRDA:8,1,0,3
BRDA:8,1,1,3
BRF:4
BRH:3
end_of_record
TN:
SF:src\modules\hcm-client\hcm-client.module.ts
FNF:0
FNH:0
DA:1,3
DA:2,3
DA:4,3
DA:5,3
DA:6,3
DA:13,3
LF:6
LH:6
BRF:0
BRH:0
end_of_record
TN:
SF:src\modules\hcm-client\hcm-client.service.ts
FN:11,(anonymous_3)
FN:16,(anonymous_4)
FN:20,(anonymous_5)
FN:28,(anonymous_6)
FN:29,(anonymous_7)
FNF:5
FNH:4
FNDA:5,(anonymous_3)
FNDA:4,(anonymous_4)
FNDA:4,(anonymous_5)
FNDA:4,(anonymous_6)
FNDA:0,(anonymous_7)
DA:1,3
DA:2,3
DA:3,3
DA:8,3
DA:11,5
DA:12,5
DA:13,5
DA:17,4
DA:24,4
DA:25,4
DA:26,4
DA:29,4
DA:32,3
DA:34,1
DA:35,0
DA:37,1
DA:38,1
DA:39,1
DA:46,0
DA:47,0
DA:49,4
LF:21
LH:18
BRDA:12,0,0,5
BRDA:12,0,1,1
BRDA:34,1,0,0
BRDA:37,2,0,1
BRDA:41,3,0,1
BRDA:41,3,1,0
BRDA:49,4,0,4
BRDA:11,5,0,3
BRDA:11,5,1,0
BRDA:11,6,0,3
BRDA:11,6,1,3
BRF:11
BRH:8
end_of_record
TN:
SF:src\modules\hcm-client\hcm-deduction-writer.service.ts
FN:8,(anonymous_2)
FN:10,(anonymous_3)
FN:12,(anonymous_4)
FN:17,(anonymous_5)
FN:19,(anonymous_6)
FNF:5
FNH:1
FNDA:8,(anonymous_2)
FNDA:0,(anonymous_3)
FNDA:0,(anonymous_4)
FNDA:0,(anonymous_5)
FNDA:0,(anonymous_6)
DA:1,3
DA:3,3
DA:7,3
DA:8,8
DA:11,0
DA:12,0
DA:18,0
DA:19,0
LF:8
LH:4
BRDA:8,0,0,3
BRDA:8,0,1,0
BRDA:8,1,0,3
BRDA:8,1,1,3
BRF:4
BRH:3
end_of_record
TN:
SF:src\modules\idempotency\idempotency.cleanup.ts
FN:8,(anonymous_2)
FN:11,(anonymous_3)
FNF:2
FNH:1
FNDA:8,(anonymous_2)
FNDA:0,(anonymous_3)
DA:1,3
DA:2,3
DA:4,3
DA:7,3
DA:8,8
DA:11,3
DA:12,0
LF:7
LH:6
BRDA:11,0,0,3
BRDA:11,0,1,0
BRDA:11,1,0,3
BRDA:11,1,1,3
BRDA:8,2,0,3
BRDA:8,2,1,0
BRDA:8,3,0,3
BRDA:8,3,1,3
BRF:8
BRH:6
end_of_record
TN:
SF:src\modules\idempotency\idempotency.interceptor.ts
FN:13,isUuidV4
FN:17,stableJson
FN:22,(anonymous_4)
FN:29,(anonymous_5)
FN:31,(anonymous_6)
FN:47,(anonymous_7)
FN:63,(anonymous_8)
FN:64,(anonymous_9)
FN:68,(anonymous_10)
FN:70,(anonymous_11)
FN:78,(anonymous_12)
FN:100,(anonymous_13)
FN:103,(anonymous_14)
FN:110,(anonymous_15)
FN:112,(anonymous_16)
FN:113,(anonymous_17)
FN:114,(anonymous_18)
FN:114,(anonymous_19)
FN:119,(anonymous_20)
FNF:19
FNH:12
FNDA:1,isUuidV4
FNDA:11,stableJson
FNDA:9,(anonymous_4)
FNDA:16,(anonymous_5)
FNDA:1,(anonymous_6)
FNDA:0,(anonymous_7)
FNDA:0,(anonymous_8)
FNDA:0,(anonymous_9)
FNDA:1,(anonymous_10)
FNDA:1,(anonymous_11)
FNDA:1,(anonymous_12)
FNDA:1,(anonymous_13)
FNDA:1,(anonymous_14)
FNDA:1,(anonymous_15)
FNDA:0,(anonymous_16)
FNDA:0,(anonymous_17)
FNDA:0,(anonymous_18)
FNDA:0,(anonymous_19)
FNDA:1,(anonymous_20)
DA:1,3
DA:9,3
DA:11,3
DA:14,1
DA:18,11
DA:19,3
DA:20,2
DA:21,2
DA:22,9
DA:26,3
DA:27,3
DA:29,16
DA:32,1
DA:33,1
DA:34,1
DA:36,1
DA:38,1
DA:39,1
DA:40,1
DA:42,1
DA:43,1
DA:44,1
DA:45,1
DA:47,1
DA:48,0
DA:49,0
DA:50,0
DA:51,0
DA:56,0
DA:57,0
DA:60,1
DA:61,1
DA:62,0
DA:63,0
DA:64,0
DA:68,1
DA:70,1
DA:71,1
DA:73,1
DA:75,1
DA:77,1
DA:79,1
DA:80,0
DA:81,0
DA:86,0
DA:87,0
DA:90,1
DA:91,0
DA:92,0
DA:95,1
DA:96,1
DA:97,1
DA:98,1
DA:101,1
DA:102,1
DA:104,1
DA:110,1
DA:113,0
DA:114,0
DA:120,1
DA:121,1
LF:61
LH:44
BRDA:18,0,0,8
BRDA:18,1,0,11
BRDA:18,1,1,11
BRDA:19,2,0,1
BRDA:36,3,0,0
BRDA:39,4,0,0
BRDA:40,5,0,0
BRDA:49,6,0,0
BRDA:50,7,0,0
BRDA:56,8,0,0
BRDA:56,8,1,0
BRDA:61,9,0,0
BRDA:64,10,0,0
BRDA:64,10,1,0
BRDA:79,11,0,0
BRDA:80,12,0,0
BRDA:86,13,0,0
BRDA:86,13,1,0
BRDA:90,14,0,0
BRDA:92,15,0,0
BRDA:101,16,0,0
BRDA:29,17,0,3
BRDA:29,17,1,0
BRDA:29,18,0,3
BRDA:29,18,1,3
BRF:25
BRH:7
end_of_record
TN:
SF:src\modules\idempotency\idempotency.module.ts
FNF:0
FNH:0
DA:1,3
DA:2,3
DA:3,3
DA:5,3
DA:6,3
DA:7,3
DA:8,3
DA:15,3
LF:8
LH:8
BRF:0
BRH:0
end_of_record
TN:
SF:src\modules\idempotency\idempotency.repository.ts
FN:8,(anonymous_2)
FN:10,(anonymous_3)
FN:14,(anonymous_4)
FN:29,(anonymous_5)
FN:32,(anonymous_6)
FN:43,(anonymous_7)
FN:47,(anonymous_8)
FNF:7
FNH:5
FNDA:8,(anonymous_2)
FNDA:1,(anonymous_3)
FNDA:1,(anonymous_4)
FNDA:1,(anonymous_5)
FNDA:1,(anonymous_6)
FNDA:0,(anonymous_7)
FNDA:0,(anonymous_8)
DA:1,3
DA:2,3
DA:4,3
DA:7,3
DA:8,8
DA:11,1
DA:20,1
DA:29,1
DA:33,1
DA:44,0
DA:48,0
DA:55,0
LF:12
LH:9
BRDA:55,0,0,0
BRDA:55,0,1,0
BRDA:8,1,0,3
BRDA:8,1,1,0
BRDA:8,2,0,3
BRDA:8,2,1,3
BRF:6
BRH:3
end_of_record
TN:
SF:src\modules\idempotency\entities\idempotency-record.entity.ts
FNF:0
FNH:0
DA:1,3
DA:5,3
DA:7,3
DA:10,3
DA:13,3
DA:16,3
DA:19,3
DA:22,3
DA:25,3
LF:9
LH:9
BRF:0
BRH:0
end_of_record
TN:
SF:src\modules\outbox\outbox.module.ts
FNF:0
FNH:0
DA:1,3
DA:3,3
DA:4,3
DA:5,3
DA:6,3
DA:13,3
LF:6
LH:6
BRF:0
BRH:0
end_of_record
TN:
SF:src\modules\outbox\outbox.processor.ts
FN:32,(anonymous_2)
FN:54,(anonymous_3)
FN:105,(anonymous_4)
FN:285,(anonymous_5)
FN:304,(anonymous_6)
FNF:5
FNH:0
FNDA:0,(anonymous_2)
FNDA:0,(anonymous_3)
FNDA:0,(anonymous_4)
FNDA:0,(anonymous_5)
FNDA:0,(anonymous_6)
DA:1,3
DA:2,3
DA:3,3
DA:5,3
DA:6,3
DA:7,3
DA:8,3
DA:9,3
DA:11,3
DA:12,3
DA:13,3
DA:14,3
DA:16,3
DA:19,3
DA:20,8
DA:33,0
DA:34,0
DA:39,0
DA:41,0
DA:42,0
DA:43,0
DA:46,0
DA:47,0
DA:48,0
DA:51,0
DA:55,0
DA:56,0
DA:57,0
DA:58,0
DA:62,0
DA:63,0
DA:66,0
DA:76,0
DA:86,0
DA:87,0
DA:88,0
DA:91,0
DA:92,0
DA:93,0
DA:97,0
DA:101,0
DA:106,0
DA:107,0
DA:116,0
DA:117,0
DA:118,0
DA:123,0
DA:126,0
DA:136,0
DA:145,0
DA:146,0
DA:150,0
DA:151,0
DA:152,0
DA:155,0
DA:156,0
DA:157,0
DA:159,0
DA:160,0
DA:162,0
DA:292,0
DA:312,0
DA:313,0
LF:63
LH:15
BRDA:41,0,0,0
BRDA:46,1,0,0
BRDA:56,2,0,0
BRDA:86,3,0,0
BRDA:86,4,0,0
BRDA:86,4,1,0
BRDA:86,4,2,0
BRDA:91,5,0,0
BRDA:97,6,0,0
BRDA:117,7,0,0
BRDA:117,8,0,0
BRDA:117,8,1,0
BRDA:117,8,2,0
BRDA:131,9,0,0
BRDA:131,9,1,0
BRDA:131,10,0,0
BRDA:131,10,1,0
BRDA:155,11,0,0
BRDA:159,12,0,0
BRDA:159,12,1,0
BRDA:290,13,0,0
BRDA:312,14,0,0
BRDA:25,15,0,3
BRDA:25,15,1,0
BRDA:25,16,0,3
BRDA:25,16,1,3
BRDA:25,17,0,3
BRDA:25,17,1,0
BRDA:25,18,0,3
BRDA:25,18,1,3
BRDA:27,19,0,3
BRDA:27,19,1,0
BRDA:27,20,0,3
BRDA:27,20,1,3
BRF:34
BRH:9
end_of_record
TN:
SF:src\modules\outbox\outbox.repository.ts
FN:9,(anonymous_2)
FN:11,(anonymous_3)
FN:35,(anonymous_4)
FN:46,(anonymous_5)
FN:57,(anonymous_6)
FN:61,(anonymous_7)
FN:75,(anonymous_8)
FN:79,(anonymous_9)
FNF:8
FNH:1
FNDA:8,(anonymous_2)
FNDA:0,(anonymous_3)
FNDA:0,(anonymous_4)
FNDA:0,(anonymous_5)
FNDA:0,(anonymous_6)
FNDA:0,(anonymous_7)
FNDA:0,(anonymous_8)
FNDA:0,(anonymous_9)
DA:1,3
DA:2,3
DA:3,3
DA:5,3
DA:8,3
DA:9,8
DA:12,0
DA:13,0
DA:14,0
DA:15,0
DA:16,0
DA:17,0
DA:28,0
DA:32,0
DA:33,0
DA:34,0
DA:35,0
DA:39,0
DA:40,0
DA:42,0
DA:47,0
DA:48,0
DA:58,0
DA:62,0
DA:63,0
DA:64,0
DA:76,0
DA:80,0
LF:28
LH:6
BRDA:11,0,0,0
BRDA:33,1,0,0
BRDA:9,2,0,3
BRDA:9,2,1,0
BRDA:9,3,0,3
BRDA:9,3,1,3
BRF:6
BRH:3
end_of_record
TN:
SF:src\modules\outbox\outbox.worker.ts
FN:11,(anonymous_2)
FN:17,(anonymous_3)
FNF:2
FNH:1
FNDA:8,(anonymous_2)
FNDA:0,(anonymous_3)
DA:1,3
DA:2,3
DA:4,3
DA:5,3
DA:8,3
DA:9,8
DA:12,8
DA:13,8
DA:17,3
DA:18,0
DA:19,0
DA:20,0
DA:21,0
DA:22,0
DA:23,0
DA:24,0
DA:25,0
DA:26,0
DA:27,0
DA:28,0
DA:36,0
DA:37,0
DA:47,0
LF:23
LH:9
BRDA:18,0,0,0
BRDA:43,1,0,0
BRDA:43,1,1,0
BRDA:17,2,0,3
BRDA:17,2,1,0
BRDA:17,3,0,3
BRDA:17,3,1,3
BRDA:12,4,0,3
BRDA:12,4,1,0
BRDA:12,5,0,3
BRDA:12,5,1,3
BRDA:12,6,0,3
BRDA:12,6,1,0
BRDA:12,7,0,3
BRDA:12,7,1,3
BRF:15
BRH:9
end_of_record
TN:
SF:src\modules\sync\batch-pull.worker.ts
FN:21,(anonymous_2)
FN:28,(anonymous_3)
FN:32,(anonymous_4)
FN:44,(anonymous_5)
FNF:4
FNH:3
FNDA:8,(anonymous_2)
FNDA:0,(anonymous_3)
FNDA:3,(anonymous_4)
FNDA:3,(anonymous_5)
DA:1,3
DA:2,3
DA:3,3
DA:5,3
DA:6,3
DA:7,3
DA:18,3
DA:19,8
DA:22,8
DA:23,8
DA:24,8
DA:28,3
DA:29,0
DA:33,3
DA:34,3
DA:35,3
DA:36,3
DA:38,3
DA:39,3
DA:40,3
DA:41,3
DA:43,3
DA:44,3
DA:48,3
DA:49,1
DA:50,1
DA:53,2
DA:54,2
DA:56,2
DA:57,2
DA:65,2
DA:66,0
LF:32
LH:30
BRDA:32,0,0,0
BRDA:33,1,0,0
BRDA:33,2,0,3
BRDA:33,2,1,0
BRDA:35,3,0,3
BRDA:35,3,1,3
BRDA:40,4,0,0
BRDA:40,4,1,3
BRDA:41,5,0,0
BRDA:48,6,0,1
BRDA:54,7,0,0
BRDA:54,8,0,2
BRDA:54,8,1,0
BRDA:54,9,0,2
BRDA:54,9,1,0
BRDA:56,10,0,2
BRDA:56,10,1,0
BRDA:65,11,0,2
BRDA:66,12,0,0
BRDA:66,12,1,0
BRDA:28,13,0,3
BRDA:28,13,1,0
BRDA:28,14,0,3
BRDA:28,14,1,3
BRDA:22,15,0,3
BRDA:22,15,1,0
BRDA:22,16,0,3
BRDA:22,16,1,3
BRDA:22,17,0,3
BRDA:22,17,1,0
BRDA:22,18,0,3
BRDA:22,18,1,3
BRDA:23,19,0,3
BRDA:23,19,1,0
BRDA:23,20,0,3
BRDA:23,20,1,3
BRF:36
BRH:21
end_of_record
TN:
SF:src\modules\sync\batch-sync.controller.ts
FN:10,(anonymous_4)
FN:17,(anonymous_5)
FN:32,(anonymous_6)
FN:62,(anonymous_7)
FN:63,(anonymous_8)
FNF:5
FNH:2
FNDA:8,(anonymous_4)
FNDA:1,(anonymous_5)
FNDA:0,(anonymous_6)
FNDA:0,(anonymous_7)
FNDA:0,(anonymous_8)
DA:1,3
DA:2,3
DA:3,3
DA:5,3
DA:6,3
DA:9,3
DA:11,8
DA:12,8
DA:17,3
DA:21,1
DA:22,1
DA:32,3
DA:40,0
DA:45,0
DA:46,0
DA:56,0
DA:57,0
DA:62,0
DA:63,0
LF:19
LH:12
BRDA:21,0,0,1
BRDA:21,0,1,0
BRDA:45,1,0,0
BRDA:20,2,0,3
BRDA:20,2,1,0
BRDA:20,3,0,3
BRDA:20,3,1,3
BRDA:32,4,0,3
BRDA:32,4,1,0
BRDA:32,5,0,3
BRDA:32,5,1,3
BRDA:11,6,0,3
BRDA:11,6,1,0
BRDA:11,7,0,3
BRDA:11,7,1,3
BRDA:11,8,0,3
BRDA:11,8,1,0
BRDA:11,9,0,3
BRDA:11,9,1,3
BRF:19
BRH:13
end_of_record
TN:
SF:src\modules\sync\batch-sync.service.ts
FN:23,(anonymous_2)
FN:25,(anonymous_3)
FN:30,(anonymous_4)
FN:58,(anonymous_5)
FN:59,(anonymous_6)
FNF:5
FNH:5
FNDA:8,(anonymous_2)
FNDA:4,(anonymous_3)
FNDA:3,(anonymous_4)
FNDA:5,(anonymous_5)
FNDA:5,(anonymous_6)
DA:1,3
DA:2,3
DA:3,3
DA:5,3
DA:6,3
DA:7,3
DA:8,3
DA:20,3
DA:21,8
DA:23,8
DA:26,4
DA:27,4
DA:31,3
DA:32,3
DA:33,3
DA:35,3
DA:36,5
DA:37,5
DA:38,5
DA:39,3
DA:41,0
DA:42,0
DA:46,3
DA:47,3
DA:55,3
DA:59,5
DA:60,5
DA:61,5
DA:65,5
DA:66,3
DA:67,3
DA:80,3
DA:112,3
DA:115,2
DA:116,2
DA:117,2
DA:118,2
DA:120,0
DA:124,0
DA:127,0
DA:136,0
DA:138,0
DA:139,0
DA:140,0
DA:152,0
DA:153,0
DA:169,0
DA:170,0
DA:186,0
LF:49
LH:35
BRDA:26,0,0,4
BRDA:26,0,1,0
BRDA:38,1,0,2
BRDA:38,1,1,3
BRDA:65,2,0,3
BRDA:117,3,0,2
BRDA:117,4,0,2
BRDA:117,4,1,2
BRDA:117,4,2,2
BRDA:120,5,0,0
BRDA:121,6,0,0
BRDA:121,6,1,0
BRDA:121,6,2,0
BRDA:136,7,0,0
BRDA:136,7,1,0
BRDA:152,8,0,0
BRDA:169,9,0,0
BRDA:23,10,0,3
BRDA:23,10,1,0
BRDA:23,11,0,3
BRDA:23,11,1,3
BRF:21
BRH:11
end_of_record
TN:
SF:src\modules\sync\reconciliation.worker.ts
FN:17,(anonymous_2)
FN:23,(anonymous_3)
FN:27,(anonymous_4)
FN:37,(anonymous_5)
FN:77,(anonymous_6)
FNF:5
FNH:4
FNDA:8,(anonymous_2)
FNDA:0,(anonymous_3)
FNDA:4,(anonymous_4)
FNDA:4,(anonymous_5)
FNDA:1,(anonymous_6)
DA:1,3
DA:2,3
DA:3,3
DA:4,3
DA:6,3
DA:7,3
DA:8,3
DA:10,3
DA:11,3
DA:14,3
DA:15,8
DA:18,8
DA:19,8
DA:23,3
DA:24,0
DA:28,4
DA:29,4
DA:30,4
DA:32,4
DA:33,4
DA:34,4
DA:35,4
DA:36,4
DA:38,4
DA:43,4
DA:44,1
DA:47,1
DA:50,3
DA:51,3
DA:52,2
DA:53,2
DA:54,2
DA:70,2
DA:72,2
DA:74,2
DA:76,2
DA:77,1
DA:78,1
DA:86,1
DA:101,1
DA:106,1
DA:110,3
DA:111,3
DA:112,3
DA:113,1
DA:114,1
DA:133,4
LF:47
LH:46
BRDA:27,0,0,0
BRDA:28,1,0,0
BRDA:28,2,0,4
BRDA:28,2,1,0
BRDA:43,3,0,1
BRDA:51,4,0,2
BRDA:74,5,0,2
BRDA:74,5,1,1
BRDA:76,6,0,1
BRDA:112,7,0,1
BRDA:23,8,0,3
BRDA:23,8,1,0
BRDA:23,9,0,3
BRDA:23,9,1,3
BRDA:18,10,0,3
BRDA:18,10,1,0
BRDA:18,11,0,3
BRDA:18,11,1,3
BRDA:18,12,0,3
BRDA:18,12,1,0
BRDA:18,13,0,3
BRDA:18,13,1,3
BRF:22
BRH:16
end_of_record
TN:
SF:src\modules\sync\sync.module.ts
FNF:0
FNH:0
DA:1,3
DA:2,3
DA:4,3
DA:5,3
DA:6,3
DA:7,3
DA:8,3
DA:9,3
DA:10,3
DA:18,3
LF:10
LH:10
BRF:0
BRH:0
end_of_record
TN:
SF:src\modules\sync\entities\reconciliation-log.entity.ts
FNF:0
FNH:0
DA:1,3
DA:4,3
DA:6,3
DA:9,3
DA:12,3
DA:15,3
DA:18,3
DA:21,3
DA:24,3
DA:27,3
DA:30,3
DA:33,3
DA:36,3
DA:39,3
DA:42,3
DA:45,3
LF:16
LH:16
BRF:0
BRH:0
end_of_record
TN:
SF:src\modules\sync\entities\sync-checkpoint.entity.ts
FNF:0
FNH:0
DA:1,3
DA:4,3
DA:6,3
DA:9,3
DA:12,3
DA:15,3
DA:18,3
LF:7
LH:7
BRF:0
BRH:0
end_of_record
TN:
SF:src\modules\time-off\time-off.controller.ts
FN:8,(anonymous_4)
FN:12,(anonymous_5)
FN:21,(anonymous_6)
FN:27,(anonymous_7)
FNF:4
FNH:1
FNDA:8,(anonymous_4)
FNDA:0,(anonymous_5)
FNDA:0,(anonymous_6)
FNDA:0,(anonymous_7)
DA:1,3
DA:2,3
DA:4,3
DA:7,3
DA:8,8
DA:12,3
DA:17,0
DA:21,3
DA:22,0
DA:27,3
DA:31,0
LF:11
LH:8
BRDA:8,0,0,3
BRDA:8,0,1,0
BRDA:8,1,0,3
BRDA:8,1,1,3
BRF:4
BRH:3
end_of_record
TN:
SF:src\modules\time-off\time-off.module.ts
FNF:0
FNH:0
DA:1,3
DA:2,3
DA:4,3
DA:5,3
DA:6,3
DA:7,3
DA:8,3
DA:9,3
DA:10,3
DA:17,3
LF:10
LH:10
BRF:0
BRH:0
end_of_record
TN:
SF:src\modules\time-off\time-off.service.ts
FN:31,(anonymous_2)
FN:37,(anonymous_3)
FN:55,(anonymous_4)
FN:154,(anonymous_5)
FN:185,(anonymous_6)
FN:193,(anonymous_7)
FN:246,(anonymous_8)
FN:292,(anonymous_9)
FN:307,(anonymous_10)
FNF:9
FNH:1
FNDA:8,(anonymous_2)
FNDA:0,(anonymous_3)
FNDA:0,(anonymous_4)
FNDA:0,(anonymous_5)
FNDA:0,(anonymous_6)
FNDA:0,(anonymous_7)
FNDA:0,(anonymous_8)
FNDA:0,(anonymous_9)
FNDA:0,(anonymous_10)
DA:1,3
DA:2,3
DA:3,3
DA:5,3
DA:6,3
DA:11,3
DA:12,3
DA:13,3
DA:14,3
DA:15,3
DA:16,3
DA:17,3
DA:18,3
DA:30,3
DA:32,8
DA:33,8
DA:34,8
DA:42,0
DA:44,0
DA:45,0
DA:46,0
DA:49,0
DA:51,0
DA:56,0
DA:62,0
DA:63,0
DA:66,0
DA:67,0
DA:68,0
DA:71,0
DA:72,0
DA:74,0
DA:98,0
DA:120,0
DA:121,0
DA:123,0
DA:124,0
DA:125,0
DA:129,0
DA:142,0
DA:146,0
DA:168,0
DA:169,0
DA:189,0
DA:190,0
DA:192,0
DA:193,0
DA:194,0
DA:200,0
DA:202,0
DA:203,0
DA:204,0
DA:205,0
DA:207,0
DA:211,0
DA:212,0
DA:213,0
DA:229,0
DA:240,0
DA:243,0
DA:244,0
DA:245,0
DA:246,0
DA:247,0
DA:255,0
DA:273,0
DA:284,0
DA:287,0
DA:293,0
DA:294,0
DA:296,0
DA:297,0
DA:299,0
DA:300,0
DA:302,0
DA:303,0
DA:308,0
DA:309,0
DA:310,0
DA:311,0
DA:312,0
DA:313,0
DA:315,0
LF:83
LH:17
BRDA:45,0,0,0
BRDA:62,1,0,0
BRDA:67,2,0,0
BRDA:190,3,0,0
BRDA:192,4,0,0
BRDA:200,5,0,0
BRDA:212,6,0,0
BRDA:243,7,0,0
BRDA:260,8,0,0
BRDA:260,8,1,0
BRDA:261,9,0,0
BRDA:261,9,1,0
BRDA:293,10,0,0
BRDA:296,11,0,0
BRDA:299,12,0,0
BRDA:302,13,0,0
BRDA:313,14,0,0
BRDA:313,15,0,0
BRDA:313,15,1,0
BRDA:32,16,0,3
BRDA:32,16,1,0
BRDA:32,17,0,3
BRDA:32,17,1,3
BRDA:32,18,0,3
BRDA:32,18,1,0
BRDA:32,19,0,3
BRDA:32,19,1,3
BRDA:33,20,0,3
BRDA:33,20,1,0
BRDA:33,21,0,3
BRDA:33,21,1,3
BRF:31
BRH:9
end_of_record
TN:
SF:src\modules\time-off\entities\outbox.entity.ts
FNF:0
FNH:0
DA:1,3
DA:3,3
DA:7,3
DA:9,3
DA:12,3
DA:15,3
DA:18,3
DA:21,3
DA:24,3
DA:27,3
DA:30,3
DA:33,3
DA:36,3
LF:13
LH:13
BRDA:12,0,0,0
BRDA:12,0,1,3
BRDA:12,1,0,3
BRDA:12,1,1,3
BRF:4
BRH:3
end_of_record
TN:
SF:src\modules\time-off\entities\request-audit-log.entity.ts
FNF:0
FNH:0
DA:1,3
DA:3,3
DA:7,3
DA:9,3
DA:12,3
DA:15,3
DA:18,3
DA:21,3
DA:24,3
DA:27,3
DA:30,3
LF:11
LH:11
BRDA:18,0,0,0
BRDA:18,0,1,3
BRDA:18,1,0,3
BRDA:18,1,1,3
BRF:4
BRH:3
end_of_record
TN:
SF:src\modules\time-off\entities\time-off-request.entity.ts
FNF:0
FNH:0
DA:1,3
DA:3,3
DA:9,3
DA:11,3
DA:14,3
DA:17,3
DA:20,3
DA:23,3
DA:26,3
DA:29,3
DA:32,3
DA:35,3
DA:38,3
DA:41,3
DA:44,3
DA:47,3
DA:50,3
DA:53,3
DA:56,3
DA:59,3
DA:62,3
DA:65,3
DA:68,3
DA:71,3
LF:24
LH:24
BRDA:23,0,0,0
BRDA:23,0,1,3
BRDA:23,1,0,3
BRDA:23,1,1,3
BRDA:35,2,0,0
BRDA:35,2,1,3
BRDA:35,3,0,3
BRDA:35,3,1,3
BRF:8
BRH:6
end_of_record
TN:
SF:test\helpers\hcm-mock-control.ts
FN:2,(anonymous_0)
FN:4,(anonymous_1)
FN:20,(anonymous_2)
FN:32,(anonymous_3)
FN:36,(anonymous_4)
FN:50,(anonymous_5)
FN:54,(anonymous_6)
FNF:7
FNH:5
FNDA:7,(anonymous_0)
FNDA:8,(anonymous_1)
FNDA:2,(anonymous_2)
FNDA:14,(anonymous_3)
FNDA:0,(anonymous_4)
FNDA:0,(anonymous_5)
FNDA:24,(anonymous_6)
DA:1,2
DA:2,7
DA:10,8
DA:25,2
DA:33,14
DA:39,0
DA:40,0
DA:41,0
DA:51,0
DA:55,24
DA:60,24
LF:11
LH:7
BRDA:40,0,0,0
BRDA:60,1,0,0
BRF:2
BRH:0
end_of_record
