{"total": {"lines":{"total":813,"covered":516,"skipped":0,"pct":63.46},"statements":{"total":915,"covered":591,"skipped":0,"pct":64.59},"functions":{"total":129,"covered":56,"skipped":0,"pct":43.41},"branches":{"total":372,"covered":186,"skipped":0,"pct":50},"branchesTrue":{"total":0,"covered":0,"skipped":0,"pct":100}}
,"C:\\Users\\4A\\Desktop\\ExampleHR\\apps\\time-off-service\\src\\app.module.ts": {"lines":{"total":14,"covered":14,"skipped":0,"pct":100},"functions":{"total":1,"covered":1,"skipped":0,"pct":100},"statements":{"total":16,"covered":16,"skipped":0,"pct":100},"branches":{"total":4,"covered":3,"skipped":0,"pct":75}}
,"C:\\Users\\4A\\Desktop\\ExampleHR\\apps\\time-off-service\\src\\health.controller.ts": {"lines":{"total":16,"covered":10,"skipped":0,"pct":62.5},"functions":{"total":3,"covered":1,"skipped":0,"pct":33.33},"statements":{"total":18,"covered":12,"skipped":0,"pct":66.66},"branches":{"total":16,"covered":9,"skipped":0,"pct":56.25}}
,"C:\\Users\\4A\\Desktop\\ExampleHR\\apps\\time-off-service\\src\\domain\\enums.ts": {"lines":{"total":23,"covered":23,"skipped":0,"pct":100},"functions":{"total":4,"covered":4,"skipped":0,"pct":100},"statements":{"total":23,"covered":23,"skipped":0,"pct":100},"branches":{"total":8,"covered":8,"skipped":0,"pct":100}}
,"C:\\Users\\4A\\Desktop\\ExampleHR\\apps\\time-off-service\\src\\domain\\exceptions.ts": {"lines":{"total":16,"covered":7,"skipped":0,"pct":43.75},"functions":{"total":7,"covered":0,"skipped":0,"pct":0},"statements":{"total":16,"covered":7,"skipped":0,"pct":43.75},"branches":{"total":6,"covered":0,"skipped":0,"pct":0}}
,"C:\\Users\\4A\\Desktop\\ExampleHR\\apps\\time-off-service\\src\\domain\\state-machine.ts": {"lines":{"total":15,"covered":3,"skipped":0,"pct":20},"functions":{"total":2,"covered":0,"skipped":0,"pct":0},"statements":{"total":15,"covered":3,"skipped":0,"pct":20},"branches":{"total":9,"covered":0,"skipped":0,"pct":0}}
,"C:\\Users\\4A\\Desktop\\ExampleHR\\apps\\time-off-service\\src\\filters\\global-exception.filter.ts": {"lines":{"total":15,"covered":4,"skipped":0,"pct":26.66},"functions":{"total":1,"covered":0,"skipped":0,"pct":0},"statements":{"total":17,"covered":6,"skipped":0,"pct":35.29},"branches":{"total":2,"covered":0,"skipped":0,"pct":0}}
,"C:\\Users\\4A\\Desktop\\ExampleHR\\apps\\time-off-service\\src\\modules\\balance\\balance.controller.ts": {"lines":{"total":8,"covered":6,"skipped":0,"pct":75},"functions":{"total":2,"covered":1,"skipped":0,"pct":50},"statements":{"total":10,"covered":8,"skipped":0,"pct":80},"branches":{"total":12,"covered":9,"skipped":0,"pct":75}}
,"C:\\Users\\4A\\Desktop\\ExampleHR\\apps\\time-off-service\\src\\modules\\balance\\balance.module.ts": {"lines":{"total":9,"covered":9,"skipped":0,"pct":100},"functions":{"total":0,"covered":0,"skipped":0,"pct":100},"statements":{"total":11,"covered":11,"skipped":0,"pct":100},"branches":{"total":0,"covered":0,"skipped":0,"pct":100}}
,"C:\\Users\\4A\\Desktop\\ExampleHR\\apps\\time-off-service\\src\\modules\\balance\\balance.repository.ts": {"lines":{"total":9,"covered":5,"skipped":0,"pct":55.55},"functions":{"total":4,"covered":1,"skipped":0,"pct":25},"statements":{"total":11,"covered":7,"skipped":0,"pct":63.63},"branches":{"total":4,"covered":3,"skipped":0,"pct":75}}
,"C:\\Users\\4A\\Desktop\\ExampleHR\\apps\\time-off-service\\src\\modules\\balance\\balance.service.ts": {"lines":{"total":57,"covered":15,"skipped":0,"pct":26.31},"functions":{"total":10,"covered":1,"skipped":0,"pct":10},"statements":{"total":63,"covered":17,"skipped":0,"pct":26.98},"branches":{"total":35,"covered":9,"skipped":0,"pct":25.71}}
,"C:\\Users\\4A\\Desktop\\ExampleHR\\apps\\time-off-service\\src\\modules\\balance\\entities\\balance-change-log.entity.ts": {"lines":{"total":16,"covered":16,"skipped":0,"pct":100},"functions":{"total":0,"covered":0,"skipped":0,"pct":100},"statements":{"total":18,"covered":18,"skipped":0,"pct":100},"branches":{"total":8,"covered":6,"skipped":0,"pct":75}}
,"C:\\Users\\4A\\Desktop\\ExampleHR\\apps\\time-off-service\\src\\modules\\balance\\entities\\balance.entity.ts": {"lines":{"total":14,"covered":14,"skipped":0,"pct":100},"functions":{"total":0,"covered":0,"skipped":0,"pct":100},"statements":{"total":16,"covered":16,"skipped":0,"pct":100},"branches":{"total":4,"covered":3,"skipped":0,"pct":75}}
,"C:\\Users\\4A\\Desktop\\ExampleHR\\apps\\time-off-service\\src\\modules\\hcm-client\\hcm-balance-fetcher.service.ts": {"lines":{"total":6,"covered":4,"skipped":0,"pct":66.66},"functions":{"total":3,"covered":1,"skipped":0,"pct":33.33},"statements":{"total":8,"covered":6,"skipped":0,"pct":75},"branches":{"total":4,"covered":3,"skipped":0,"pct":75}}
,"C:\\Users\\4A\\Desktop\\ExampleHR\\apps\\time-off-service\\src\\modules\\hcm-client\\hcm-client.module.ts": {"lines":{"total":6,"covered":6,"skipped":0,"pct":100},"functions":{"total":0,"covered":0,"skipped":0,"pct":100},"statements":{"total":8,"covered":8,"skipped":0,"pct":100},"branches":{"total":0,"covered":0,"skipped":0,"pct":100}}
,"C:\\Users\\4A\\Desktop\\ExampleHR\\apps\\time-off-service\\src\\modules\\hcm-client\\hcm-client.service.ts": {"lines":{"total":21,"covered":18,"skipped":0,"pct":85.71},"functions":{"total":5,"covered":4,"skipped":0,"pct":80},"statements":{"total":25,"covered":21,"skipped":0,"pct":84},"branches":{"total":11,"covered":8,"skipped":0,"pct":72.72}}
,"C:\\Users\\4A\\Desktop\\ExampleHR\\apps\\time-off-service\\src\\modules\\hcm-client\\hcm-deduction-writer.service.ts": {"lines":{"total":8,"covered":4,"skipped":0,"pct":50},"functions":{"total":5,"covered":1,"skipped":0,"pct":20},"statements":{"total":10,"covered":6,"skipped":0,"pct":60},"branches":{"total":4,"covered":3,"skipped":0,"pct":75}}
,"C:\\Users\\4A\\Desktop\\ExampleHR\\apps\\time-off-service\\src\\modules\\idempotency\\idempotency.cleanup.ts": {"lines":{"total":7,"covered":6,"skipped":0,"pct":85.71},"functions":{"total":2,"covered":1,"skipped":0,"pct":50},"statements":{"total":9,"covered":8,"skipped":0,"pct":88.88},"branches":{"total":8,"covered":6,"skipped":0,"pct":75}}
,"C:\\Users\\4A\\Desktop\\ExampleHR\\apps\\time-off-service\\src\\modules\\idempotency\\idempotency.interceptor.ts": {"lines":{"total":61,"covered":44,"skipped":0,"pct":72.13},"functions":{"total":19,"covered":12,"skipped":0,"pct":63.15},"statements":{"total":73,"covered":48,"skipped":0,"pct":65.75},"branches":{"total":25,"covered":7,"skipped":0,"pct":28}}
,"C:\\Users\\4A\\Desktop\\ExampleHR\\apps\\time-off-service\\src\\modules\\idempotency\\idempotency.module.ts": {"lines":{"total":8,"covered":8,"skipped":0,"pct":100},"functions":{"total":0,"covered":0,"skipped":0,"pct":100},"statements":{"total":10,"covered":10,"skipped":0,"pct":100},"branches":{"total":0,"covered":0,"skipped":0,"pct":100}}
,"C:\\Users\\4A\\Desktop\\ExampleHR\\apps\\time-off-service\\src\\modules\\idempotency\\idempotency.repository.ts": {"lines":{"total":12,"covered":9,"skipped":0,"pct":75},"functions":{"total":7,"covered":5,"skipped":0,"pct":71.42},"statements":{"total":14,"covered":11,"skipped":0,"pct":78.57},"branches":{"total":6,"covered":3,"skipped":0,"pct":50}}
,"C:\\Users\\4A\\Desktop\\ExampleHR\\apps\\time-off-service\\src\\modules\\idempotency\\entities\\idempotency-record.entity.ts": {"lines":{"total":9,"covered":9,"skipped":0,"pct":100},"functions":{"total":0,"covered":0,"skipped":0,"pct":100},"statements":{"total":11,"covered":11,"skipped":0,"pct":100},"branches":{"total":0,"covered":0,"skipped":0,"pct":100}}
,"C:\\Users\\4A\\Desktop\\ExampleHR\\apps\\time-off-service\\src\\modules\\outbox\\outbox.module.ts": {"lines":{"total":6,"covered":6,"skipped":0,"pct":100},"functions":{"total":0,"covered":0,"skipped":0,"pct":100},"statements":{"total":8,"covered":8,"skipped":0,"pct":100},"branches":{"total":0,"covered":0,"skipped":0,"pct":100}}
,"C:\\Users\\4A\\Desktop\\ExampleHR\\apps\\time-off-service\\src\\modules\\outbox\\outbox.processor.ts": {"lines":{"total":63,"covered":15,"skipped":0,"pct":23.8},"functions":{"total":5,"covered":0,"skipped":0,"pct":0},"statements":{"total":66,"covered":17,"skipped":0,"pct":25.75},"branches":{"total":34,"covered":9,"skipped":0,"pct":26.47}}
,"C:\\Users\\4A\\Desktop\\ExampleHR\\apps\\time-off-service\\src\\modules\\outbox\\outbox.repository.ts": {"lines":{"total":28,"covered":6,"skipped":0,"pct":21.42},"functions":{"total":8,"covered":1,"skipped":0,"pct":12.5},"statements":{"total":31,"covered":8,"skipped":0,"pct":25.8},"branches":{"total":6,"covered":3,"skipped":0,"pct":50}}
,"C:\\Users\\4A\\Desktop\\ExampleHR\\apps\\time-off-service\\src\\modules\\outbox\\outbox.worker.ts": {"lines":{"total":23,"covered":9,"skipped":0,"pct":39.13},"functions":{"total":2,"covered":1,"skipped":0,"pct":50},"statements":{"total":26,"covered":11,"skipped":0,"pct":42.3},"branches":{"total":15,"covered":9,"skipped":0,"pct":60}}
,"C:\\Users\\4A\\Desktop\\ExampleHR\\apps\\time-off-service\\src\\modules\\sync\\batch-pull.worker.ts": {"lines":{"total":32,"covered":30,"skipped":0,"pct":93.75},"functions":{"total":4,"covered":3,"skipped":0,"pct":75},"statements":{"total":39,"covered":33,"skipped":0,"pct":84.61},"branches":{"total":36,"covered":21,"skipped":0,"pct":58.33}}
,"C:\\Users\\4A\\Desktop\\ExampleHR\\apps\\time-off-service\\src\\modules\\sync\\batch-sync.controller.ts": {"lines":{"total":19,"covered":12,"skipped":0,"pct":63.15},"functions":{"total":5,"covered":2,"skipped":0,"pct":40},"statements":{"total":21,"covered":14,"skipped":0,"pct":66.66},"branches":{"total":19,"covered":13,"skipped":0,"pct":68.42}}
,"C:\\Users\\4A\\Desktop\\ExampleHR\\apps\\time-off-service\\src\\modules\\sync\\batch-sync.service.ts": {"lines":{"total":49,"covered":35,"skipped":0,"pct":71.42},"functions":{"total":5,"covered":5,"skipped":0,"pct":100},"statements":{"total":52,"covered":38,"skipped":0,"pct":73.07},"branches":{"total":21,"covered":11,"skipped":0,"pct":52.38}}
,"C:\\Users\\4A\\Desktop\\ExampleHR\\apps\\time-off-service\\src\\modules\\sync\\reconciliation.worker.ts": {"lines":{"total":47,"covered":46,"skipped":0,"pct":97.87},"functions":{"total":5,"covered":4,"skipped":0,"pct":80},"statements":{"total":50,"covered":48,"skipped":0,"pct":96},"branches":{"total":22,"covered":16,"skipped":0,"pct":72.72}}
,"C:\\Users\\4A\\Desktop\\ExampleHR\\apps\\time-off-service\\src\\modules\\sync\\sync.module.ts": {"lines":{"total":10,"covered":10,"skipped":0,"pct":100},"functions":{"total":0,"covered":0,"skipped":0,"pct":100},"statements":{"total":12,"covered":12,"skipped":0,"pct":100},"branches":{"total":0,"covered":0,"skipped":0,"pct":100}}
,"C:\\Users\\4A\\Desktop\\ExampleHR\\apps\\time-off-service\\src\\modules\\sync\\entities\\reconciliation-log.entity.ts": {"lines":{"total":16,"covered":16,"skipped":0,"pct":100},"functions":{"total":0,"covered":0,"skipped":0,"pct":100},"statements":{"total":18,"covered":18,"skipped":0,"pct":100},"branches":{"total":0,"covered":0,"skipped":0,"pct":100}}
,"C:\\Users\\4A\\Desktop\\ExampleHR\\apps\\time-off-service\\src\\modules\\sync\\entities\\sync-checkpoint.entity.ts": {"lines":{"total":7,"covered":7,"skipped":0,"pct":100},"functions":{"total":0,"covered":0,"skipped":0,"pct":100},"statements":{"total":9,"covered":9,"skipped":0,"pct":100},"branches":{"total":0,"covered":0,"skipped":0,"pct":100}}
,"C:\\Users\\4A\\Desktop\\ExampleHR\\apps\\time-off-service\\src\\modules\\time-off\\time-off.controller.ts": {"lines":{"total":11,"covered":8,"skipped":0,"pct":72.72},"functions":{"total":4,"covered":1,"skipped":0,"pct":25},"statements":{"total":13,"covered":10,"skipped":0,"pct":76.92},"branches":{"total":4,"covered":3,"skipped":0,"pct":75}}
,"C:\\Users\\4A\\Desktop\\ExampleHR\\apps\\time-off-service\\src\\modules\\time-off\\time-off.module.ts": {"lines":{"total":10,"covered":10,"skipped":0,"pct":100},"functions":{"total":0,"covered":0,"skipped":0,"pct":100},"statements":{"total":12,"covered":12,"skipped":0,"pct":100},"branches":{"total":0,"covered":0,"skipped":0,"pct":100}}
,"C:\\Users\\4A\\Desktop\\ExampleHR\\apps\\time-off-service\\src\\modules\\time-off\\time-off.service.ts": {"lines":{"total":83,"covered":17,"skipped":0,"pct":20.48},"functions":{"total":9,"covered":1,"skipped":0,"pct":11.11},"statements":{"total":89,"covered":19,"skipped":0,"pct":21.34},"branches":{"total":31,"covered":9,"skipped":0,"pct":29.03}}
,"C:\\Users\\4A\\Desktop\\ExampleHR\\apps\\time-off-service\\src\\modules\\time-off\\entities\\outbox.entity.ts": {"lines":{"total":13,"covered":13,"skipped":0,"pct":100},"functions":{"total":0,"covered":0,"skipped":0,"pct":100},"statements":{"total":15,"covered":15,"skipped":0,"pct":100},"branches":{"total":4,"covered":3,"skipped":0,"pct":75}}
,"C:\\Users\\4A\\Desktop\\ExampleHR\\apps\\time-off-service\\src\\modules\\time-off\\entities\\request-audit-log.entity.ts": {"lines":{"total":11,"covered":11,"skipped":0,"pct":100},"functions":{"total":0,"covered":0,"skipped":0,"pct":100},"statements":{"total":13,"covered":13,"skipped":0,"pct":100},"branches":{"total":4,"covered":3,"skipped":0,"pct":75}}
,"C:\\Users\\4A\\Desktop\\ExampleHR\\apps\\time-off-service\\src\\modules\\time-off\\entities\\time-off-request.entity.ts": {"lines":{"total":24,"covered":24,"skipped":0,"pct":100},"functions":{"total":0,"covered":0,"skipped":0,"pct":100},"statements":{"total":26,"covered":26,"skipped":0,"pct":100},"branches":{"total":8,"covered":6,"skipped":0,"pct":75}}
,"C:\\Users\\4A\\Desktop\\ExampleHR\\apps\\time-off-service\\test\\helpers\\hcm-mock-control.ts": {"lines":{"total":11,"covered":7,"skipped":0,"pct":63.63},"functions":{"total":7,"covered":5,"skipped":0,"pct":71.42},"statements":{"total":13,"covered":7,"skipped":0,"pct":53.84},"branches":{"total":2,"covered":0,"skipped":0,"pct":0}}
}
